<?xml version="1.0" encoding="utf-8"?><testsuites><testsuite name="pytest" errors="0" failures="17" skipped="1" tests="1458" time="130.205" timestamp="2026-09-16T01:52:44.625580+00:00" hostname="runnervmlun5p"><testcase classname="tests.test_screener_lane_parity" name="test_the_two_lanes_agree_on_every_screener_column" time="0.409" /><testcase classname="tests.test_screener_lane_parity" name="test_the_comparison_can_actually_fail" time="0.078" /><testcase classname="tests.test_screener_list_universe" name="test_a_member_cannot_screen_another_members_watchlist" time="0.007" /><testcase classname="tests.test_screener_list_universe" name="test_not_yours_and_empty_do_not_look_the_same" time="0.006" /><testcase classname="tests.test_screener_list_universe" name="test_a_signed_out_caller_gets_nothing" time="0.005" /><testcase classname="tests.test_screener_list_universe" name="test_the_scan_route_passes_the_session_user_not_the_body" time="0.002" /><testcase classname="tests.test_screener_list_universe" name="test_a_watchlist_resolves_uppercased_and_in_order" time="0.006" /><testcase classname="tests.test_screener_list_universe" name="test_the_flagged_list_and_its_complement" time="0.006" /><testcase classname="tests.test_screener_list_universe" name="test_a_colour_tag_is_case_insensitive" time="0.005" /><testcase classname="tests.test_screener_list_universe" name="test_an_unknown_selector_refuses" time="0.005" /><testcase classname="tests.test_screener_list_universe" name="test_the_cap_refuses_rather_than_emitting_unbindable_sql" time="0.005" /><testcase classname="tests.test_screener_list_universe" name="test_a_list_filter_becomes_an_IN_over_the_ticker" time="0.006" /><testcase classname="tests.test_screener_list_universe" name="test_the_unflagged_complement_becomes_NOT_IN" time="0.005" /><testcase classname="tests.test_screener_list_universe" name="test_an_empty_list_screens_to_NOTHING_not_to_everything" time="0.005" /><testcase classname="tests.test_screener_list_universe" name="test_an_empty_flagged_list_makes_unflagged_a_no_op" time="0.007" /><testcase classname="tests.test_screener_list_universe" name="test_several_selectors_in_one_filter_UNION" time="0.006" /><testcase classname="tests.test_screener_list_universe" name="test_two_list_filters_INTERSECT" time="0.007" /><testcase classname="tests.test_screener_list_universe" name="test_a_complement_cannot_be_unioned_with_another_list" time="0.006" /><testcase classname="tests.test_screener_list_universe" name="test_an_unresolvable_selector_refuses_the_whole_query" time="0.006" /><testcase classname="tests.test_screener_list_universe" name="test_only_the_in_op_is_accepted" time="0.006" /><testcase classname="tests.test_screener_list_universe" name="test_the_list_filter_composes_with_an_ordinary_one" time="0.006" /><testcase classname="tests.test_screener_list_universe" name="test_available_offers_every_list_the_member_owns" time="0.006" /><testcase classname="tests.test_screener_list_universe" name="test_available_never_offers_the_flagged_list_twice" time="0.006" /><testcase classname="tests.test_screener_list_universe" name="test_the_category_is_absent_when_the_member_has_no_lists" time="0.006" /><testcase classname="tests.test_screener_list_universe" name="test_the_category_appears_with_its_selectors" time="0.006" /><testcase classname="tests.test_screener_list_universe" name="test_an_unreadable_auth_db_costs_one_category_not_the_screener" time="0.001" /><testcase classname="tests.test_screener_list_universe" name="test_every_offered_selector_carries_the_SAME_complement_flag_resolve_gives_it" time="0.007" /><testcase classname="tests.test_screener_list_universe" name="test_the_complement_rule_has_exactly_ONE_definition" time="0.006" /><testcase classname="tests.test_screener_live_read_path" name="test_a_row_the_LIVE_value_qualifies_is_returned_AND_shows_the_live_number" time="0.015" /><testcase classname="tests.test_screener_live_read_path" name="test_the_CONTROL_the_same_filter_returns_the_NIGHTLY_answer_with_the_flag_off" time="0.013" /><testcase classname="tests.test_screener_live_read_path" name="test_the_MUTATION_a_WHERE_on_the_nightly_column_loses_the_row_it_displays" time="0.018" /><testcase classname="tests.test_screener_live_read_path" name="test_a_row_with_NO_overlay_entry_serves_nightly_silently" time="0.014" /><testcase classname="tests.test_screener_live_read_path" name="test_a_STALE_overlay_row_serves_nightly__the_dead_sweeper_contract" time="0.023" /><testcase classname="tests.test_screener_live_read_path" name="test_an_overlay_from_a_PREVIOUS_SESSION_is_never_served" time="0.022" /><testcase classname="tests.test_screener_live_read_path" name="test_a_bars_asof_that_is_not_a_DATE_never_satisfies_the_predicate" time="0.015" /><testcase classname="tests.test_screener_live_read_path" name="test_the_ORDER_BY_ranks_the_SERVED_value_not_the_STORED_one" time="0.016" /><testcase classname="tests.test_screener_live_read_path" name="test_SELECT_WHERE_and_ORDER_BY_all_ask_the_SAME_builder" time="0.001" /><testcase classname="tests.test_screener_live_read_path" name="test_with_the_overlay_OFF_the_statement_is_the_PRE_OVERLAY_statement" time="0.001" /><testcase classname="tests.test_screener_live_read_path" name="test_the_CONTROL_the_armed_statement_is_NOT_the_pre_overlay_statement" time="0.021" /><testcase classname="tests.test_screener_live_read_path" name="test_run_scan_EXECUTES_what_build_scan_sql_built__and_names_no_overlay_when_off" time="0.043" /><testcase classname="tests.test_screener_live_read_path" name="test_the_CONTROL_the_armed_run_scan_DOES_execute_the_join" time="0.015" /><testcase classname="tests.test_screener_live_read_path" name="test_the_overlaid_columns_are_the_TIERS_OWN_LIST_and_nothing_else" time="0.013" /><testcase classname="tests.test_screener_live_read_path" name="test_a_roster_change_reaches_the_SQL_with_no_edit_in_the_read_path" time="0.013" /><testcase classname="tests.test_screener_live_read_path" name="test_the_scan_response_now_says_LIVE_because_a_served_row_carries_it" time="0.018" /><testcase classname="tests.test_screener_live_read_path" name="test_the_CONTROL_the_same_response_says_NIGHTLY_when_nothing_was_overlaid" time="0.022" /><testcase classname="tests.test_screener_live_read_path" name="test_the_screen_names_only_the_columns_the_SWEEP_MEASURED_as_live" time="0.015" /><testcase classname="tests.test_screener_live_read_path" name="test_the_TOTAL_is_counted_over_the_SAME_join_the_rows_came_from" time="0.015" /><testcase classname="tests.test_screener_live_read_path" name="test_an_ARMED_flag_against_a_database_with_no_overlay_table_serves_nightly" time="0.017" /><testcase classname="tests.test_screener_live_read_path" name="test_a_tier_that_names_no_serve_predicate_refuses_to_JOIN" time="0.015" /><testcase classname="tests.test_screener_live_read_path" name="test_the_evaluators_scalars_stay_NIGHTLY_while_the_members_screen_is_LIVE" time="0.022" /><testcase classname="tests.test_screener_live_read_path" name="test_the_live_tier_allow_list_BITES_IN_BOTH_DIRECTIONS" time="0.002" /><testcase classname="tests.test_screener_live_read_path" name="test_the_evaluator_never_NAMES_the_overlay__BY_AST" time="0.021" /><testcase classname="tests.test_screener_live_surface" name="test_status_carries_the_live_as_of_and_the_whole_sweep_receipt" time="0.406" /><testcase classname="tests.test_screener_live_surface" name="test_status_says_unavailable_when_the_tier_is_not_installed" time="0.239" /><testcase classname="tests.test_screener_live_surface" name="test_status_still_answers_when_the_tiers_flag_raises" time="0.232" /><testcase classname="tests.test_screener_live_surface" name="test_a_skipped_cycle_dates_nothing_even_though_it_stamped_a_clock" time="0.001" /><testcase classname="tests.test_screener_live_surface" name="test_the_served_as_of_comes_off_the_rows_served" time="0.001" /><testcase classname="tests.test_screener_live_surface" name="test_enabled_but_unreadable_is_never_reported_as_off" time="0.001" /><testcase classname="tests.test_screener_live_surface" name="test_the_receipt_accessor_name_is_derived_from_the_module" time="0.001" /><testcase classname="tests.test_screener_live_surface" name="test_the_probe_refuses_a_receipt_FACTORY_and_reads_only_public_names" time="0.001" /><testcase classname="tests.test_screener_live_surface" name="test_the_probe_reads_the_REAL_live_tier_module_without_fabricating" time="0.001" /><testcase classname="tests.test_screener_live_surface" name="test_the_named_accessor_is_read_directly_and_nothing_else_is_invoked" time="0.001" /><testcase classname="tests.test_screener_live_surface" name="test_a_receipt_timestamp_that_is_already_a_string_is_passed_through" time="0.001" /><testcase classname="tests.test_screener_live_surface" name="test_the_screen_says_live_only_when_a_served_row_carries_a_live_value" time="0.001" /><testcase classname="tests.test_screener_live_surface" name="test_the_anchor_note_names_the_date_only_when_one_date_is_true" time="0.001" /><testcase classname="tests.test_screener_live_surface" name="test_overlaid_rows_with_no_named_columns_refuse_BOTH_words" time="0.001" /><testcase classname="tests.test_screener_live_surface" name="test_an_aborted_sweep_is_named_in_the_reason" time="0.001" /><testcase classname="tests.test_screener_live_surface" name="test_a_page_with_no_rows_says_so_instead_of_claiming_a_tier" time="0.001" /><testcase classname="tests.test_screener_live_surface" name="test_the_off_reason_names_the_tier_when_the_tier_is_the_reason" time="0.001" /><testcase classname="tests.test_screener_live_surface" name="test_run_scan_attaches_the_live_block_to_the_provenance_object" time="0.014" /><testcase classname="tests.test_screener_live_surface" name="test_run_scan_hands_the_verdict_the_rows_it_actually_served" time="0.017" /><testcase classname="tests.test_screener_live_surface" name="test_the_live_block_never_breaks_a_scan_when_the_tier_is_half_written" time="0.020" /><testcase classname="tests.test_screener_live_tier" name="test_recovering_an_anchor_and_re_deriving_at_the_same_price_is_exact" time="0.001" /><testcase classname="tests.test_screener_live_tier" name="test_the_round_trip_control_a_moved_price_must_change_the_distance" time="0.001" /><testcase classname="tests.test_screener_live_tier" name="test_the_pattern_pair_uses_the_INVERTED_form_and_the_fixture_is_directional" time="0.001" /><testcase classname="tests.test_screener_live_tier" name="test_recovery_refuses_the_three_degenerate_anchors" time="0.001" /><testcase classname="tests.test_screener_live_tier" name="test_an_unusable_tick_is_refused_and_named[bad0-no_price]" time="0.001" /><testcase classname="tests.test_screener_live_tier" name="test_an_unusable_tick_is_refused_and_named[bad1-no_price]" time="0.001" /><testcase classname="tests.test_screener_live_tier" name="test_an_unusable_tick_is_refused_and_named[bad2-no_price]" time="0.001" /><testcase classname="tests.test_screener_live_tier" name="test_an_unusable_tick_is_refused_and_named[bad3-no_price]" time="0.001" /><testcase classname="tests.test_screener_live_tier" name="test_an_unusable_tick_is_refused_and_named[bad4-insane_deviation]" time="0.001" /><testcase classname="tests.test_screener_live_tier" name="test_an_unusable_tick_is_refused_and_named[bad5-insane_deviation]" time="0.001" /><testcase classname="tests.test_screener_live_tier" name="test_an_unusable_tick_is_refused_and_named[bad6-no_prev_close]" time="0.001" /><testcase classname="tests.test_screener_live_tier" name="test_an_unusable_tick_is_refused_and_named[bad7-not_traded]" time="0.001" /><testcase classname="tests.test_screener_live_tier" name="test_an_insane_tick_leaves_the_served_row_byte_identical_to_the_nightly_row" time="0.021" /><testcase classname="tests.test_screener_live_tier" name="test_the_deviation_gate_can_fail_the_control_a_sane_tick_is_written" time="0.014" /><testcase classname="tests.test_screener_live_tier" name="test_a_real_three_for_one_split_trips_the_gate_and_that_is_correct" time="0.001" /><testcase classname="tests.test_screener_live_tier" name="test_a_symbol_the_feed_does_not_answer_for_is_skipped_never_zeroed" time="0.015" /><testcase classname="tests.test_screener_live_tier" name="test_a_row_with_a_null_anchor_price_is_refused" time="0.001" /><testcase classname="tests.test_screener_live_tier" name="test_an_anchor_older_than_the_window_is_refused_and_an_unparseable_one_too" time="0.001" /><testcase classname="tests.test_screener_live_tier" name="test_a_moved_price_moves_every_anchored_column" time="0.020" /><testcase classname="tests.test_screener_live_tier" name="test_above_50sma_is_derived_from_the_live_distance_never_recomputed" time="0.014" /><testcase classname="tests.test_screener_live_tier" name="test_price_crossing_the_20day_flips_full_bull_to_partial" time="0.014" /><testcase classname="tests.test_screener_live_tier" name="test_ma_stack_keeps_the_nightly_label_on_a_two_decimal_tie" time="0.023" /><testcase classname="tests.test_screener_live_tier" name="test_a_column_with_no_recoverable_anchor_keeps_its_nightly_value" time="0.014" /><testcase classname="tests.test_screener_live_tier" name="test_the_feed_fields_the_parse_does_not_yet_emit_keep_their_nightly_value" time="0.019" /><testcase classname="tests.test_screener_live_tier" name="test_the_disclosure_names_only_the_columns_the_sweep_measured_recomputing" time="0.030" /><testcase classname="tests.test_screener_live_tier" name="test_the_over_claim_control_a_widened_feed_puts_every_column_back" time="0.020" /><testcase classname="tests.test_screener_live_tier" name="test_before_the_first_sweep_the_claim_under_claims_rather_than_over_claims" time="0.001" /><testcase classname="tests.test_screener_live_tier" name="test_a_cycle_that_wrote_nothing_does_not_move_the_claim" time="0.015" /><testcase classname="tests.test_screener_live_tier" name="test_the_feed_dependency_declaration_matches_what_derive_row_actually_does" time="0.012" /><testcase classname="tests.test_screener_live_tier" name="test_the_receipt_names_the_carried_forward_columns_never_only_a_count" time="0.015" /><testcase classname="tests.test_screener_live_tier" name="test_a_build_in_flight_makes_the_cycle_refuse_and_say_so" time="0.019" /><testcase classname="tests.test_screener_live_tier" name="test_the_lock_control_with_the_lock_free_the_same_cycle_writes" time="0.016" /><testcase classname="tests.test_screener_live_tier" name="test_the_lock_is_snapshot_builders_own_not_a_private_second_one" time="0.010" /><testcase classname="tests.test_screener_live_tier" name="test_the_private_lock_probes_control" time="0.002" /><testcase classname="tests.test_screener_live_tier" name="test_the_sweep_releases_the_lock_even_when_the_body_raises" time="0.016" /><testcase classname="tests.test_screener_live_tier" name="test_the_tier_runs_in_the_regular_session_only[pre_market]" time="0.015" /><testcase classname="tests.test_screener_live_tier" name="test_the_tier_runs_in_the_regular_session_only[post_market]" time="0.014" /><testcase classname="tests.test_screener_live_tier" name="test_the_flag_is_off_by_default_and_the_cycle_says_disabled" time="0.018" /><testcase classname="tests.test_screener_live_tier" name="test_the_flag_is_read_per_call_so_rollback_needs_no_deploy" time="0.023" /><testcase classname="tests.test_screener_live_tier" name="test_a_session_nobody_traded_aborts_the_whole_sweep" time="0.014" /><testcase classname="tests.test_screener_live_tier" name="test_the_abort_control_a_normal_session_writes" time="0.015" /><testcase classname="tests.test_screener_live_tier" name="test_the_receipt_arithmetic_closes" time="0.015" /><testcase classname="tests.test_screener_live_tier" name="test_a_cycle_that_answered_for_nobody_is_reported_as_a_dead_cycle" time="0.019" /><testcase classname="tests.test_screener_live_tier" name="test_a_live_cycle_is_not_a_dead_cycle" time="0.015" /><testcase classname="tests.test_screener_live_tier" name="test_every_cycle_returns_the_same_key_set" time="0.016" /><testcase classname="tests.test_screener_live_tier" name="test_a_total_feed_blackout_shouts_instead_of_reading_as_a_quiet_market" time="0.014" /><testcase classname="tests.test_screener_live_tier" name="test_the_blackout_control_a_feed_that_answers_says_nothing" time="0.021" /><testcase classname="tests.test_screener_live_tier" name="test_a_partial_feed_is_not_a_blackout_and_the_receipt_shows_the_denominator" time="0.015" /><testcase classname="tests.test_screener_live_tier" name="test_a_raised_cycle_stamps_an_error_receipt_over_the_last_good_one" time="0.015" /><testcase classname="tests.test_screener_live_tier" name="test_the_ddl_runs_once_per_process_not_once_per_cycle" time="0.030" /><testcase classname="tests.test_screener_live_tier" name="test_held_lock_ms_is_measured_every_cycle_that_takes_the_lock" time="0.015" /><testcase classname="tests.test_screener_live_tier" name="test_live_columns_are_real_snapshot_columns_with_matching_declared_types" time="0.001" /><testcase classname="tests.test_screener_live_tier" name="test_the_overlay_table_types_are_derived_from_snapshot_dbs_own_coldef" time="0.012" /><testcase classname="tests.test_screener_live_tier" name="test_init_db_leaves_screener_rows_and_its_indexes_untouched" time="0.013" /><testcase classname="tests.test_screener_live_tier" name="test_the_tier_never_writes_a_row_into_screener_rows" time="0.021" /><testcase classname="tests.test_screener_live_tier" name="test_tonights_build_supersedes_the_overlay_with_no_truncate" time="0.016" /><testcase classname="tests.test_screener_live_tier" name="test_an_unparseable_bars_asof_never_satisfies_the_serve_predicate[None]" time="0.016" /><testcase classname="tests.test_screener_live_tier" name="test_an_unparseable_bars_asof_never_satisfies_the_serve_predicate[]" time="0.030" /><testcase classname="tests.test_screener_live_tier" name="test_an_unparseable_bars_asof_never_satisfies_the_serve_predicate[not-a-date]" time="0.018" /><testcase classname="tests.test_screener_live_tier" name="test_an_unparseable_bars_asof_never_satisfies_the_serve_predicate[n/a]" time="0.017" /><testcase classname="tests.test_screener_live_tier" name="test_yesterdays_overlay_rows_are_pruned" time="0.023" /><testcase classname="tests.test_screener_live_tier" name="test_the_in_session_freshness_cutoff_is_the_dead_sweeper_contract" time="0.018" /><testcase classname="tests.test_screener_live_tier" name="test_live_tier_reaches_no_market_fetcher_of_its_own" time="0.009" /><testcase classname="tests.test_screener_live_tier" name="test_the_probes_control_it_sees_a_deliberately_planted_sibling_call" time="0.001" /><testcase classname="tests.test_screener_live_tier" name="test_the_only_market_read_is_the_shared_scan_volume_accessor" time="0.006" /><testcase classname="tests.test_screener_live_tier" name="test_the_symbol_lookup_is_scan_volumes_own_not_a_third_one" time="0.001" /><testcase classname="tests.test_screener_live_tier" name="test_a_dual_class_ticker_resolves_through_the_shared_lookup" time="0.016" /><testcase classname="tests.test_screener_live_tier" name="test_the_sweep_job_is_registered_and_its_cadence_is_the_declared_one" time="0.008" /><testcase classname="tests.test_screener_live_tier" name="test_the_job_is_registered_even_with_the_flag_off_so_arming_needs_no_restart" time="0.002" /><testcase classname="tests.test_screener_live_tier" name="test_the_registered_job_never_raises_into_the_scheduler" time="0.001" /><testcase classname="tests.test_screener_live_tier" name="test_pausing_the_nightly_snapshot_pauses_the_overlay_too" time="0.001" /><testcase classname="tests.test_screener_live_tier" name="test_anchor_age_counts_weekday_sessions[20260824-0]" time="0.001" /><testcase classname="tests.test_screener_live_tier" name="test_anchor_age_counts_weekday_sessions[20260821-1]" time="0.001" /><testcase classname="tests.test_screener_live_tier" name="test_anchor_age_counts_weekday_sessions[20260820-2]" time="0.001" /><testcase classname="tests.test_screener_live_tier" name="test_anchor_age_counts_weekday_sessions[20260817-5]" time="0.001" /><testcase classname="tests.test_screener_live_tier" name="test_anchor_age_counts_weekday_sessions[20260814-6]" time="0.001" /><testcase classname="tests.test_screener_live_tier" name="test_a_future_anchor_is_zero_sessions_old_not_negative" time="0.001" /><testcase classname="tests.test_screener_live_tier" name="test_the_live_shape_uses_the_same_classifier_as_the_nightly_build" time="0.002" /><testcase classname="tests.test_screener_live_tier" name="test_a_forming_bar_says_it_is_forming" time="0.001" /><testcase classname="tests.test_screener_live_tier" name="test_the_live_shape_refuses_where_the_nightly_build_refuses" time="0.001" /><testcase classname="tests.test_screener_live_tier" name="test_the_relations_are_NOT_live" time="0.001" /><testcase classname="tests.test_screener_live_tier" name="test_the_prior_trend_is_an_ANCHOR_not_a_live_value" time="0.001" /><testcase classname="tests.test_screener_live_tier" name="test_the_overlay_table_gains_a_newly_added_live_column" time="0.016" /><testcase classname="tests.test_screener_massive_cap" name="test_get_market_cap" time="0.001" /><testcase classname="tests.test_screener_massive_cap" name="test_get_market_cap_missing" time="0.003" /><testcase classname="tests.test_screener_massive_cap" name="test_get_market_cap_shares_fallback" time="0.001" /><testcase classname="tests.test_screener_methodology" name="test_the_published_weights_ARE_the_live_constant" time="0.001" /><testcase classname="tests.test_screener_methodology" name="test_the_shares_are_derived_and_sum_to_a_hundred" time="0.001" /><testcase classname="tests.test_screener_methodology" name="test_the_band_tables_are_the_live_tables" time="0.001" /><testcase classname="tests.test_screener_methodology" name="test_every_weighted_component_has_prose" time="0.001" /><testcase classname="tests.test_screener_methodology" name="test_it_covers_every_composite_the_benchmark_named" time="0.001" /><testcase classname="tests.test_screener_methodology" name="test_every_entry_says_what_it_is_and_what_it_is_not" time="0.001" /><testcase classname="tests.test_screener_methodology" name="test_the_composite_publishes_the_renormalisation_caveat" time="0.001" /><testcase classname="tests.test_screener_methodology" name="test_it_never_claims_to_be_intraday" time="0.001" /><testcase classname="tests.test_screener_methodology" name="test_an_unknown_column_returns_None_not_an_empty_shell" time="0.001" /><testcase classname="tests.test_screener_methodology" name="test_a_known_column_round_trips" time="0.001" /><testcase classname="tests.test_screener_preview_count" name="test_it_counts_without_returning_rows" time="0.015" /><testcase classname="tests.test_screener_preview_count" name="test_the_count_matches_what_the_screen_actually_returns" time="0.018" /><testcase classname="tests.test_screener_preview_count" name="test_zero_is_NAMED_not_left_to_be_inferred" time="0.014" /><testcase classname="tests.test_screener_preview_count" name="test_a_nonzero_count_is_not_empty" time="0.014" /><testcase classname="tests.test_screener_preview_count" name="test_it_honours_the_ranks_completeness_exclusion" time="0.015" /><testcase classname="tests.test_screener_preview_count" name="test_top_n_is_REPORTED_not_applied" time="0.014" /><testcase classname="tests.test_screener_preview_count" name="test_a_bad_spec_refuses_here_too" time="0.019" /><testcase classname="tests.test_screener_preview_count" name="test_it_carries_the_same_join_receipts_as_a_run" time="0.022" /><testcase classname="tests.test_screener_query" name="test_build_where_range_and_enum" time="0.001" /><testcase classname="tests.test_screener_query" name="test_build_where_rejects_unknown_key" time="0.001" /><testcase classname="tests.test_screener_query" name="test_build_where_rejects_bad_op" time="0.001" /><testcase classname="tests.test_screener_query" name="test_contains_uses_like" time="0.001" /><testcase classname="tests.test_screener_query" name="test_run_scan_filters_and_paginates" time="0.014" /><testcase classname="tests.test_screener_query" name="test_run_scan_reports_the_median_of_the_served_rows_not_the_max" time="0.132" /><testcase classname="tests.test_screener_query" name="test_the_RESULT_SET_is_not_filtered_to_the_representative_date" time="0.202" /><testcase classname="tests.test_screener_query" name="test_the_label_describes_the_FILTERED_set_it_is_printed_over" time="0.148" /><testcase classname="tests.test_screener_query" name="test_total_and_the_described_row_count_are_one_number" time="0.148" /><testcase classname="tests.test_screener_query" name="test_an_empty_result_set_reports_no_date" time="0.125" /><testcase classname="tests.test_screener_ranking" name="test_a_valid_rank_parses_into_columns_and_shares" time="0.001" /><testcase classname="tests.test_screener_ranking" name="test_no_rank_is_not_an_error" time="0.001" /><testcase classname="tests.test_screener_ranking" name="test_a_malformed_rank_REFUSES_rather_than_falling_back" time="0.001" /><testcase classname="tests.test_screener_ranking" name="test_it_can_only_rank_by_a_registered_numeric_filter" time="0.001" /><testcase classname="tests.test_screener_ranking" name="test_a_duplicate_criterion_refuses" time="0.001" /><testcase classname="tests.test_screener_ranking" name="test_a_weight_must_be_a_positive_number[0]" time="0.001" /><testcase classname="tests.test_screener_ranking" name="test_a_weight_must_be_a_positive_number[-1]" time="0.001" /><testcase classname="tests.test_screener_ranking" name="test_a_weight_must_be_a_positive_number[x]" time="0.001" /><testcase classname="tests.test_screener_ranking" name="test_a_weight_must_be_a_positive_number[None]" time="0.001" /><testcase classname="tests.test_screener_ranking" name="test_a_weight_must_be_a_positive_number[nan]" time="0.001" /><testcase classname="tests.test_screener_ranking" name="test_a_weight_must_be_a_positive_number[inf]" time="0.001" /><testcase classname="tests.test_screener_ranking" name="test_too_many_criteria_refuse" time="0.001" /><testcase classname="tests.test_screener_ranking" name="test_top_n_is_bounded_and_validated" time="0.001" /><testcase classname="tests.test_screener_ranking" name="test_direction_inverts_the_percentile_never_the_sort" time="0.001" /><testcase classname="tests.test_screener_ranking" name="test_the_weights_divide_the_score_not_multiply_it" time="0.001" /><testcase classname="tests.test_screener_ranking" name="test_completeness_clauses_name_every_weighted_column" time="0.001" /><testcase classname="tests.test_screener_ranking" name="test_the_receipt_reports_what_the_rank_had_to_drop" time="0.001" /><testcase classname="tests.test_screener_ranking" name="test_a_ranked_screen_scores_and_orders_by_the_members_weights" time="0.017" /><testcase classname="tests.test_screener_ranking" name="test_ascending_flips_the_order" time="0.021" /><testcase classname="tests.test_screener_ranking" name="test_an_incomplete_row_is_EXCLUDED_and_COUNTED_never_scored_zero" time="0.015" /><testcase classname="tests.test_screener_ranking" name="test_the_unranked_path_still_returns_everyone" time="0.015" /><testcase classname="tests.test_screener_ranking" name="test_weights_actually_change_the_order" time="0.018" /><testcase classname="tests.test_screener_ranking" name="test_top_n_caps_the_list" time="0.015" /><testcase classname="tests.test_screener_ranking" name="test_rank_composes_with_filters" time="0.024" /><testcase classname="tests.test_screener_ranking" name="test_a_bad_rank_raises_rather_than_returning_an_unranked_list" time="0.014" /><testcase classname="tests.test_screener_retired_filter" name="test_the_retired_sentence_names_the_filter_and_its_replacement" time="0.001" /><testcase classname="tests.test_screener_retired_filter" name="test_a_retirement_with_no_replacement_says_so_rather_than_trailing_off" time="0.001" /><testcase classname="tests.test_screener_retired_filter" name="test_the_sentence_never_says_unknown_filter_key" time="0.001" /><testcase classname="tests.test_screener_retired_filter" name="test_a_retired_filter_REFUSES_rather_than_being_silently_dropped" time="0.001" /><testcase classname="tests.test_screener_retired_filter" name="test_every_retired_entry_carries_a_label" time="0.001" /><testcase classname="tests.test_screener_retired_filter" name="test_no_retired_key_is_still_a_live_filter" time="0.001" /><testcase classname="tests.test_screener_retired_filter" name="test_the_retired_vocabulary_is_reachable_from_nowhere" time="0.001" /><testcase classname="tests.test_screener_retired_filter" name="test_the_cheap_detector_module_is_gone" time="0.001" /><testcase classname="tests.test_screener_retired_filter" name="test_both_retired_keys_are_recorded_with_a_date" time="0.001" /><testcase classname="tests.test_screener_saved" name="test_create_list_get_delete" time="0.287" /><testcase classname="tests.test_screener_saved" name="test_public_share" time="0.279" /><testcase classname="tests.test_screener_saved" name="test_starters_present" time="0.293" /><testcase classname="tests.test_screener_saved" name="test_starters_are_valid_specs" time="0.261" /><testcase classname="tests.test_screener_saved" name="test_the_six_flagship_presets_ship_as_starters" time="0.259" /><testcase classname="tests.test_screener_saved" name="test_flagship_unit_rulings_hold" time="0.278" /><testcase classname="tests.test_screener_saved" name="test_no_starter_filters_a_column_that_is_empty_in_prod" time="0.276" /><testcase classname="tests.test_screener_saved" name="test_the_empty_column_rail_can_fail" time="0.002" /><testcase classname="tests.test_screener_saved" name="test_every_valid_op_declares_its_operands" time="0.001" /><testcase classname="tests.test_screener_scan_projection" name="test_projection_returns_only_requested_plus_ticker_and_sort" time="0.014" /><testcase classname="tests.test_screener_scan_projection" name="test_unknown_column_is_a_400_shaped_valueerror" time="0.014" /><testcase classname="tests.test_screener_scan_projection" name="test_unknown_sort_key_no_longer_silently_substitutes" time="0.015" /><testcase classname="tests.test_screener_scan_projection" name="test_no_columns_keeps_full_rows_and_view_columns" time="0.014" /><testcase classname="tests.test_screener_schedule" name="test_screener_job_registered" time="0.002" /><testcase classname="tests.test_screener_schedule" name="test_screener_job_can_be_disabled" time="0.001" /><testcase classname="tests.test_screener_screen_alerts" name="test_it_reports_what_entered_and_what_left" time="0.029" /><testcase classname="tests.test_screener_screen_alerts" name="test_a_first_ever_sweep_says_nothing" time="0.014" /><testcase classname="tests.test_screener_screen_alerts" name="test_no_sweep_at_all_says_nothing" time="0.015" /><testcase classname="tests.test_screener_screen_alerts" name="test_a_quiet_night_is_not_a_flood_of_entries" time="0.017" /><testcase classname="tests.test_screener_screen_alerts" name="test_an_unchanged_screen_produces_no_diff" time="0.018" /><testcase classname="tests.test_screener_screen_alerts" name="test_subscribe_list_unsubscribe" time="0.024" /><testcase classname="tests.test_screener_screen_alerts" name="test_a_bad_mode_or_missing_owner_refuses" time="0.013" /><testcase classname="tests.test_screener_screen_alerts" name="test_it_delivers_entries_and_exits" time="0.021" /><testcase classname="tests.test_screener_screen_alerts" name="test_the_copy_says_OVERNIGHT_and_never_implies_live" time="0.026" /><testcase classname="tests.test_screener_screen_alerts" name="test_entry_only_and_exit_only_modes" time="0.023" /><testcase classname="tests.test_screener_screen_alerts" name="test_a_quiet_screen_sends_nothing" time="0.023" /><testcase classname="tests.test_screener_screen_alerts" name="test_a_rerun_does_not_send_twice" time="0.026" /><testcase classname="tests.test_screener_screen_alerts" name="test_a_new_session_alerts_again" time="0.023" /><testcase classname="tests.test_screener_screen_alerts" name="test_the_per_member_quota_holds" time="0.065" /><testcase classname="tests.test_screener_screen_alerts" name="test_a_long_list_is_truncated_with_a_count" time="0.020" /><testcase classname="tests.test_screener_screen_alerts" name="test_one_members_failure_never_costs_another" time="0.025" /><testcase classname="tests.test_screener_screen_alerts" name="test_a_definition_that_was_never_swept_twice_is_counted_not_sent" time="0.018" /><testcase classname="tests.test_screener_screen_alerts" name="test_no_subscriptions_is_a_clean_no_op" time="0.016" /><testcase classname="tests.test_screener_series_seams" name="test_the_mnst_shape_is_interleaved" time="0.006" /><testcase classname="tests.test_screener_series_seams" name="test_a_single_extreme_round_trip_is_interleaved" time="0.002" /><testcase classname="tests.test_screener_series_seams" name="test_one_ordinary_round_trip_is_NOT_flagged" time="0.001" /><testcase classname="tests.test_screener_series_seams" name="test_two_large_moves_the_same_way_are_a_squeeze" time="0.001" /><testcase classname="tests.test_screener_series_seams" name="test_a_readout_biotech_over_nineteen_months_is_not_corruption" time="0.001" /><testcase classname="tests.test_screener_series_seams" name="test_a_single_seam_is_a_real_split_or_crash_and_is_spared" time="0.001" /><testcase classname="tests.test_screener_series_seams" name="test_an_ordinary_series_has_no_seams" time="0.001" /><testcase classname="tests.test_screener_series_seams" name="test_a_limit_move_does_not_trip_the_band" time="0.001" /><testcase classname="tests.test_screener_series_seams" name="test_only_windows_that_reach_the_seam_are_withheld" time="0.001" /><testcase classname="tests.test_screener_series_seams" name="test_a_fresh_seam_withholds_almost_everything" time="0.001" /><testcase classname="tests.test_screener_series_seams" name="test_the_smoothed_indicators_are_withheld_at_any_seam_age" time="0.001" /><testcase classname="tests.test_screener_series_seams" name="test_an_ordinary_symbol_withholds_nothing" time="0.001" /><testcase classname="tests.test_screener_series_seams" name="test_every_column_this_module_writes_is_classified" time="0.002" /><testcase classname="tests.test_screener_series_seams" name="test_the_table_names_no_column_the_module_does_not_write" time="0.002" /><testcase classname="tests.test_screener_series_seams" name="test_build_row_withholds_and_counts_a_contradicting_series" time="0.024" /><testcase classname="tests.test_screener_series_seams" name="test_build_row_leaves_an_ordinary_symbol_alone" time="0.009" /><testcase classname="tests.test_screener_snapshot_db" name="test_init_upsert_and_read" time="0.017" /><testcase classname="tests.test_screener_snapshot_db" name="test_status_reports_freshness" time="0.014" /><testcase classname="tests.test_screener_snapshot_db" name="test_the_reported_date_is_the_median_row_NOT_the_one_fresh_outlier" time="0.128" /><testcase classname="tests.test_screener_snapshot_db" name="test_a_single_date_table_still_reports_that_date" time="0.015" /><testcase classname="tests.test_screener_snapshot_db" name="test_an_empty_table_reports_no_date_and_does_not_fabricate_one" time="0.016" /><testcase classname="tests.test_screener_snapshot_db" name="test_rows_carrying_no_date_are_COUNTED_not_hidden" time="0.026" /><testcase classname="tests.test_screener_snapshot_db" name="test_the_median_here_agrees_with_the_evaluators_own_gate" time="0.195" /><testcase classname="tests.test_screener_ssetf_join" name="test_a_family_reports_its_size_its_side_its_leverage_and_its_dollars" time="0.007" /><testcase classname="tests.test_screener_ssetf_join" name="test_factor_is_a_magnitude_so_an_inverse_can_carry_the_maximum" time="0.005" /><testcase classname="tests.test_screener_ssetf_join" name="test_targets_are_normalised_and_a_duplicate_cannot_double_anything" time="0.005" /><testcase classname="tests.test_screener_ssetf_join" name="test_an_uncovered_ticker_gets_a_measured_zero_from_a_current_census" time="0.005" /><testcase classname="tests.test_screener_ssetf_join" name="test_the_undefined_aggregates_are_omitted_even_on_the_zero_row" time="0.005" /><testcase classname="tests.test_screener_ssetf_join" name="test_a_stale_census_stops_emitting_zeros_and_keeps_only_what_it_saw" time="0.005" /><testcase classname="tests.test_screener_ssetf_join" name="test_a_fresh_census_at_the_boundary_still_speaks" time="0.005" /><testcase classname="tests.test_screener_ssetf_join" name="test_the_freshness_band_is_pinned_in_absolute_days[2-True]" time="0.014" /><testcase classname="tests.test_screener_ssetf_join" name="test_the_freshness_band_is_pinned_in_absolute_days[14-False]" time="0.006" /><testcase classname="tests.test_screener_ssetf_join" name="test_a_census_of_unknown_age_stops_emitting_zeros_too" time="0.005" /><testcase classname="tests.test_screener_ssetf_join" name="test_freshness_comes_from_the_rows_not_from_a_meta_sidecar" time="0.007" /><testcase classname="tests.test_screener_ssetf_join" name="test_a_row_with_no_underlying_belongs_to_nobody_and_is_counted" time="0.005" /><testcase classname="tests.test_screener_ssetf_join" name="test_an_unreadable_factor_never_becomes_a_number" time="0.005" /><testcase classname="tests.test_screener_ssetf_join" name="test_an_unreadable_direction_counts_but_never_votes_for_an_inverse" time="0.005" /><testcase classname="tests.test_screener_ssetf_join" name="test_one_unusable_dollar_volume_drops_the_whole_family_sum" time="0.005" /><testcase classname="tests.test_screener_ssetf_join" name="test_a_missing_store_returns_nothing_and_is_counted" time="0.001" /><testcase classname="tests.test_screener_ssetf_join" name="test_a_store_with_no_etfs_table_returns_nothing_and_is_counted" time="0.003" /><testcase classname="tests.test_screener_ssetf_join" name="test_an_empty_table_returns_nothing_rather_than_a_universe_of_zeros" time="0.004" /><testcase classname="tests.test_screener_ssetf_join" name="test_a_truncated_census_may_not_speak_for_the_names_it_lost" time="0.005" /><testcase classname="tests.test_screener_ssetf_join" name="test_the_floor_is_a_threshold_not_a_blanket_refusal" time="0.005" /><testcase classname="tests.test_screener_ssetf_join" name="test_a_broken_path_resolver_degrades_and_never_raises_into_the_build" time="0.001" /><testcase classname="tests.test_screener_ssetf_join" name="test_failures_is_optional_and_a_dead_source_still_returns_cleanly" time="0.001" /><testcase classname="tests.test_screener_ssetf_join" name="test_the_whole_universe_costs_exactly_one_query" time="0.007" /><testcase classname="tests.test_screener_ssetf_join" name="test_the_connection_is_genuinely_read_only" time="0.005" /><testcase classname="tests.test_screener_ssetf_join" name="test_the_read_works_while_a_wal_writer_holds_the_store" time="0.006" /><testcase classname="tests.test_screener_ssetf_join" name="test_its_columns_never_collide_with_the_other_reader_of_this_store" time="0.009" /><testcase classname="tests.test_screener_ssetf_join" name="test_the_emitted_column_set_is_pinned" time="0.005" /><testcase classname="tests.test_screener_structure_provenance" name="test_every_structure_is_reachable_with_its_criteria" time="0.002" /><testcase classname="tests.test_screener_structure_provenance" name="test_the_three_provenance_states_survive_the_boundary" time="0.001" /><testcase classname="tests.test_screener_structure_provenance" name="test_a_refusal_arrives_carrying_WHAT_IS_MISSING" time="0.001" /><testcase classname="tests.test_screener_structure_provenance" name="test_a_sourced_criterion_arrives_with_its_QUOTE_and_its_source" time="0.001" /><testcase classname="tests.test_screener_structure_provenance" name="test_a_number_of_OURS_never_arrives_wearing_a_source" time="0.001" /><testcase classname="tests.test_screener_structure_provenance" name="test_the_counts_are_DERIVED_from_the_criteria_they_describe" time="0.001" /><testcase classname="tests.test_screener_structure_provenance" name="test_an_unknown_structure_returns_nothing_rather_than_a_guess" time="0.001" /><testcase classname="tests.test_screener_structure_provenance" name="test_the_route_is_mounted_and_paid_gated" time="0.002" /><testcase classname="tests.test_screener_technicals" name="test_uptrend_above_mas_and_stack" time="0.002" /><testcase classname="tests.test_screener_technicals" name="test_change_pcts" time="0.001" /><testcase classname="tests.test_screener_technicals" name="test_empty_bars_safe" time="0.001" /><testcase classname="tests.test_screener_technicals_accuracy" name="test_control_the_rsi_fixtures_separate_wilder_from_cutler" time="0.001" /><testcase classname="tests.test_screener_technicals_accuracy" name="test_rsi14_is_wilders_smoothed_average_not_a_simple_one" time="0.001" /><testcase classname="tests.test_screener_technicals_accuracy" name="test_rsi14_crosses_the_seventy_line_where_wilder_says_it_does" time="0.001" /><testcase classname="tests.test_screener_technicals_accuracy" name="test_a_frozen_tape_no_longer_publishes_the_top_of_the_scale" time="0.001" /><testcase classname="tests.test_screener_technicals_accuracy" name="test_rsi14_still_refuses_a_series_that_never_moved_and_still_pins_100" time="0.001" /><testcase classname="tests.test_screener_technicals_accuracy" name="test_rsi14_is_none_below_its_warm_up_and_lands_on_the_first_full_window" time="0.001" /><testcase classname="tests.test_screener_technicals_accuracy" name="test_the_screener_rsi_is_not_seed_sensitive_at_the_length_it_is_fed" time="0.004" /><testcase classname="tests.test_screener_technicals_accuracy" name="test_control_the_volume_fixtures_separate_absent_from_zero" time="0.001" /><testcase classname="tests.test_screener_technicals_accuracy" name="test_an_absent_newest_volume_is_not_a_zero_volume_ratio" time="0.001" /><testcase classname="tests.test_screener_technicals_accuracy" name="test_an_absent_volume_inside_the_window_is_dropped_not_counted_as_zero" time="0.001" /><testcase classname="tests.test_screener_technicals_accuracy" name="test_a_measured_zero_volume_session_is_kept_as_zero" time="0.001" /><testcase classname="tests.test_screener_technicals_accuracy" name="test_vol_ratios_denominator_excludes_the_session_it_measures" time="0.001" /><testcase classname="tests.test_screener_technicals_accuracy" name="test_vol_ratio_declines_to_answer_when_the_baseline_is_empty" time="0.001" /><testcase classname="tests.test_screener_technicals_accuracy" name="test_a_boolean_is_not_a_volume" time="0.001" /><testcase classname="tests.test_screener_theme_join" name="test_a_core_member_gets_its_tier_and_its_theme_count" time="0.018" /><testcase classname="tests.test_screener_theme_join" name="test_the_tier_is_the_best_one_held_not_the_first_row_read" time="0.009" /><testcase classname="tests.test_screener_theme_join" name="test_a_hyphen_class_share_target_finds_its_dot_form_taxonomy_row" time="0.010" /><testcase classname="tests.test_screener_theme_join" name="test_a_symbol_outside_the_taxonomy_is_absent_never_theme_count_zero" time="0.010" /><testcase classname="tests.test_screener_theme_join" name="test_a_blank_tier_omits_the_tier_keeps_the_count_and_is_counted" time="0.010" /><testcase classname="tests.test_screener_theme_join" name="test_an_unrecognised_tier_is_served_verbatim_and_reported" time="0.010" /><testcase classname="tests.test_screener_theme_join" name="test_a_dead_taxonomy_returns_empty_and_counts_the_failure" time="0.008" /><testcase classname="tests.test_screener_theme_join" name="test_an_empty_taxonomy_returns_empty_and_is_counted_separately" time="0.009" /><testcase classname="tests.test_screener_theme_join" name="test_the_emitted_key_set_never_drifts_past_the_declared_columns" time="0.010" /><testcase classname="tests.test_screener_theme_join" name="test_the_read_runs_the_same_sql_for_two_targets_and_for_four_hundred" time="0.014" /><testcase classname="tests.test_screener_theme_join" name="test_theme_tier_agrees_with_what_resolve_primary_theme_picks" time="0.011" /><testcase classname="tests.test_screener_theme_join" name="test_a_factor_bucket_is_excluded_exactly_as_the_theme_column_excludes_it" time="0.010" /><testcase classname="tests.test_screener_theme_join" name="test_an_overlay_add_never_moves_a_symbol_the_owner_already_classified" time="0.010" /><testcase classname="tests.test_screener_theme_join" name="test_a_symbol_the_owner_never_classified_is_described_by_the_overlay" time="0.010" /><testcase classname="tests.test_screener_theme_join" name="test_a_pre_migration_database_with_no_overlay_table_still_answers" time="0.008" /><testcase classname="tests.test_screener_theme_join" name="test_the_percentiles_are_theme_performance_s_own_numbers_verbatim" time="0.009" /><testcase classname="tests.test_screener_theme_join" name="test_the_pair_comes_from_one_theme_the_hottest_never_a_mix" time="0.009" /><testcase classname="tests.test_screener_theme_join" name="test_an_etf_backed_theme_is_matched_by_its_etf_ticker_key" time="0.010" /><testcase classname="tests.test_screener_theme_join" name="test_a_theme_with_no_rank_yet_omits_the_percentiles_never_zero" time="0.010" /><testcase classname="tests.test_screener_theme_join" name="test_a_ranked_1w_with_no_1m_emits_only_the_one_it_has" time="0.010" /><testcase classname="tests.test_screener_theme_join" name="test_a_cold_rotation_cache_costs_only_the_percentiles_and_is_counted" time="0.010" /><testcase classname="tests.test_screener_theme_join" name="test_a_raising_rotation_source_costs_only_the_percentiles" time="0.016" /><testcase classname="tests.test_screener_theme_join" name="test_the_rotation_leg_is_killable_by_env_without_touching_the_taxonomy" time="0.010" /><testcase classname="tests.test_screener_theme_join" name="test_taxonomy_asof_reports_the_seed_stamp_its_version_and_its_age" time="0.008" /><testcase classname="tests.test_screener_theme_join" name="test_taxonomy_asof_survives_a_database_with_no_overlay_table" time="0.008" /><testcase classname="tests.test_screener_theme_join" name="test_a_stale_taxonomy_is_named_with_its_age_never_served_as_current" time="0.010" /><testcase classname="tests.test_screener_theme_join" name="test_a_freshly_seeded_taxonomy_raises_no_staleness_note" time="0.010" /><testcase classname="tests.test_screener_theme_join" name="test_the_freshness_probe_never_costs_the_columns" time="0.009" /><testcase classname="tests.test_screener_valuation_sign_guard" name="test_two_negatives_making_an_attractive_positive_are_refused" time="0.001" /><testcase classname="tests.test_screener_valuation_sign_guard" name="test_peg_refuses_when_it_cannot_see_the_pe_at_all" time="0.001" /><testcase classname="tests.test_screener_valuation_sign_guard" name="test_a_zero_pe_does_not_make_peg_meaningful" time="0.001" /><testcase classname="tests.test_screener_valuation_sign_guard" name="test_the_control_a_real_cheap_growth_stock_still_passes_under_1" time="0.001" /><testcase classname="tests.test_screener_valuation_sign_guard" name="test_a_negative_peg_is_a_real_answer_and_survives" time="0.001" /><testcase classname="tests.test_screener_valuation_sign_guard" name="test_the_other_multiples_keep_their_negatives[pe_ttm-priceToEarningsRatioTTM--0.40]" time="0.001" /><testcase classname="tests.test_screener_valuation_sign_guard" name="test_the_other_multiples_keep_their_negatives[pb-priceToBookRatioTTM--2.685]" time="0.001" /><testcase classname="tests.test_screener_valuation_sign_guard" name="test_the_other_multiples_keep_their_negatives[p_fcf-priceToFreeCashFlowRatioTTM--5.90]" time="0.001" /><testcase classname="tests.test_screener_valuation_sign_guard" name="test_the_other_multiples_keep_their_negatives[p_ocf-priceToOperatingCashFlowRatioTTM--11.84]" time="0.001" /><testcase classname="tests.test_screener_valuation_sign_guard" name="test_the_existing_same_sign_guard_still_fires" time="0.001" /><testcase classname="tests.test_screener_valuation_sign_guard" name="test_a_negative_margin_is_a_real_number_and_is_published" time="0.001" /><testcase classname="tests.test_screener_valuation_sign_guard" name="test_only_peg_carries_the_gate" time="0.001" /><testcase classname="tests.test_screener_warm_reachable" name="test_positive_control_the_check_detects_the_historical_defect" time="0.001" /><testcase classname="tests.test_screener_warm_reachable" name="test_negative_control_the_check_passes_the_same_block_when_reachable" time="0.001" /><testcase classname="tests.test_screener_warm_reachable" name="test_the_boot_warm_exists_exactly_once" time="0.092" /><testcase classname="tests.test_screener_warm_reachable" name="test_the_boot_warm_is_not_dominated_by_a_return" time="0.363" /><testcase classname="tests.test_screener_warm_reachable" name="test_api_main_has_no_unreachable_statements_anywhere" time="0.070" /><testcase classname="tests.test_screener_warm_reachable" name="test_the_boot_warm_is_wired_into_screener_registration" time="0.088" /><testcase classname="tests.test_screener_warm_reachable" name="test_the_warm_builds_when_the_snapshot_is_under_filled" time="0.002" /><testcase classname="tests.test_screener_warm_reachable" name="test_the_warm_is_bounded_well_under_the_nightly_universe" time="0.002" /><testcase classname="tests.test_screener_warm_reachable" name="test_the_warm_is_off_the_boot_path" time="3.002" /><testcase classname="tests.test_screener_warm_reachable" name="test_the_warm_skips_a_snapshot_that_is_already_full" time="0.002" /><testcase classname="tests.test_screener_warm_reachable" name="test_the_warm_can_be_disabled" time="0.001" /><testcase classname="tests.test_screener_warm_reachable" name="test_a_failing_warm_is_named_and_never_escapes" time="0.001" /><testcase classname="tests.test_screener_warm_reachable" name="test_a_malformed_env_value_falls_back_instead_of_escaping" time="0.001" /><testcase classname="tests.test_screener_warm_reachable" name="test_the_warm_migrates_the_schema_before_the_delay_sleep" time="0.001" /><testcase classname="tests.test_screener_warm_reachable" name="test_registration_still_returns_true_and_registers_the_nightly" time="0.001" /><testcase classname="tests.test_screener_wave1_ath" name="test_ath_distance_reads_full_history_not_the_400_tail" time="0.002" /><testcase classname="tests.test_screener_wave1_ath" name="test_new_ath_flag" time="0.001" /><testcase classname="tests.test_screener_wave1_ath" name="test_ath_fields_empty_bars_is_not_computable" time="0.001" /><testcase classname="tests.test_screener_wave1_ath" name="test_build_row_existing_columns_identical_under_deep_read" time="0.017" /><testcase classname="tests.test_screener_wave1_ath" name="test_build_row_existing_columns_identical_under_deep_read_with_a_gap" time="0.006" /><testcase classname="tests.test_screener_wave1_builder_fields" name="test_rs_fields_carries_period_returns" time="0.001" /><testcase classname="tests.test_screener_wave1_builder_fields" name="test_dollar_vol_derivation" time="0.002" /><testcase classname="tests.test_screener_wave1_candles" name="test_close_cv_numeric_and_bool_agree" time="0.001" /><testcase classname="tests.test_screener_wave1_candles" name="test_avg_body_pct_5" time="0.001" /><testcase classname="tests.test_screener_wave1_candles" name="test_short_history_stays_none" time="0.001" /><testcase classname="tests.test_screener_wave1_columndefs" name="test_the_parser_can_see_a_known_key_and_not_a_phantom" time="0.001" /><testcase classname="tests.test_screener_wave1_columndefs" name="test_every_filterable_and_viewed_column_has_a_def" time="0.001" /><testcase classname="tests.test_screener_wave1_columndefs" name="test_every_computed_column_is_MEMBER_REACHABLE_or_named_provenance" time="0.001" /><testcase classname="tests.test_screener_wave1_columndefs" name="test_the_reachability_probe_can_actually_fail" time="0.001" /><testcase classname="tests.test_screener_wave1_columndefs" name="test_every_column_def_is_RENDERABLE_not_merely_PRESENT" time="0.002" /><testcase classname="tests.test_screener_wave1_columndefs" name="test_the_renderability_check_can_actually_SAY_NO" time="0.001" /><testcase classname="tests.test_screener_wave1_context_joins" name="test_breadth_flags_healthy_and_absent" time="0.001" /><testcase classname="tests.test_screener_wave1_context_joins" name="test_breadth_flags_dead_source_is_empty" time="0.001" /><testcase classname="tests.test_screener_wave1_context_joins" name="test_uct20_coalesces_ticker_spellings" time="0.001" /><testcase classname="tests.test_screener_wave1_context_joins" name="test_index_flags" time="0.004" /><testcase classname="tests.test_screener_wave1_context_joins" name="test_index_flags_a_missing_list_stays_not_computable" time="0.001" /><testcase classname="tests.test_screener_wave1_context_joins" name="test_etf_flags_one_leg_can_die_alone" time="0.001" /><testcase classname="tests.test_screener_wave1_context_joins" name="test_theme_captured_by_read_fundamentals" time="0.001" /><testcase classname="tests.test_screener_wave1_rs_line" name="test_build_row_writes_rs_line_trend_when_spy_given" time="0.003" /><testcase classname="tests.test_screener_wave1_schema" name="test_wave1_columns_are_declared" time="0.001" /><testcase classname="tests.test_screener_wave1_schema" name="test_init_db_widens_a_legacy_table" time="0.111" /><testcase classname="tests.test_screener_wave1_schema" name="test_every_column_has_exactly_one_type_class" time="0.002" /><testcase classname="tests.test_screener_wave1_setup_score" name="test_flat_tape_score_hand_computed" time="0.003" /><testcase classname="tests.test_screener_wave1_setup_score" name="test_pole_points_ride_on_top" time="0.001" /><testcase classname="tests.test_screener_wave1_setup_score" name="test_insufficient_or_zero_range_is_all_none" time="0.001" /><testcase classname="tests.test_screener_wave1_setup_score" name="test_emits_only_its_own_columns" time="0.001" /><testcase classname="tests.test_screener_wave1_technicals" name="test_one_year_change_needs_253_closes" time="0.002" /><testcase classname="tests.test_screener_wave1_technicals" name="test_ytd_uses_last_close_of_prior_year" time="0.001" /><testcase classname="tests.test_screener_wave1_technicals" name="test_change_from_open_and_prev_day_levels" time="0.001" /><testcase classname="tests.test_screener_wave1_technicals" name="test_adr_1w_and_20d_extremes" time="0.001" /><testcase classname="tests.test_screener_wave1_technicals" name="test_pole_pct_trough_to_peak" time="0.001" /><testcase classname="tests.test_screener_wave1_technicals" name="test_rs_line_trend_port" time="0.001" /><testcase classname="tests.test_screener_wave1_technicals" name="test_atr_ext_sma50_flat_tape_is_zero_extension" time="0.001" /><testcase classname="tests.test_screener_wave1_wiring" name="test_bar_consumers_write_disjoint_key_sets" time="0.002" /><testcase classname="tests.test_screener_wave1_wiring" name="test_build_row_merges_context_and_scores" time="0.003" /><testcase classname="tests.test_screener_wave1_wiring" name="test_run_build_passes_context_through" time="0.034" /><testcase classname="tests.test_screener_wave2_analyst_job" name="test_actives_unions_coalesces_and_intersects_the_universe" time="0.002" /><testcase classname="tests.test_screener_wave2_analyst_job" name="test_actives_a_dead_leg_costs_only_its_own_members_and_is_counted" time="0.001" /><testcase classname="tests.test_screener_wave2_analyst_job" name="test_actives_survives_a_missing_universe_without_zeroing_out" time="0.001" /><testcase classname="tests.test_screener_wave2_analyst_job" name="test_tail_rotation_covers_the_whole_tail_with_no_overlap_across_7_nights" time="0.001" /><testcase classname="tests.test_screener_wave2_analyst_job" name="test_tail_rotation_is_stable_across_a_repeated_day_index" time="0.001" /><testcase classname="tests.test_screener_wave2_analyst_job" name="test_run_pass_stops_at_the_deadline_and_the_receipt_closes" time="0.013" /><testcase classname="tests.test_screener_wave2_analyst_job" name="test_run_pass_counts_a_failed_fetch_as_error_not_budget_stop" time="0.008" /><testcase classname="tests.test_screener_wave2_analyst_job" name="test_run_pass_targets_actives_plus_tonights_tail_slice" time="0.008" /><testcase classname="tests.test_screener_wave2_analyst_job" name="test_run_pass_writes_one_analyst_runs_receipt_row" time="0.007" /><testcase classname="tests.test_screener_wave2_analyst_job" name="test_deadline_et_is_0445_on_the_given_days_date" time="0.002" /><testcase classname="tests.test_screener_wave2_analyst_job" name="test_enabled_defaults_off" time="0.001" /><testcase classname="tests.test_screener_wave2_analyst_job" name="test_the_freshness_read_accepts_an_injected_clock" time="0.007" /><testcase classname="tests.test_screener_wave2_analyst_store" name="test_upsert_then_read_roundtrip" time="0.006" /><testcase classname="tests.test_screener_wave2_analyst_store" name="test_upsert_is_a_replace_not_an_accumulate" time="0.013" /><testcase classname="tests.test_screener_wave2_analyst_store" name="test_stalest_orders_never_fetched_first_then_ascending" time="0.008" /><testcase classname="tests.test_screener_wave2_analyst_store" name="test_stalest_respects_the_cap" time="0.005" /><testcase classname="tests.test_screener_wave2_analyst_store" name="test_read_analyst_fields_freshness_window" time="0.008" /><testcase classname="tests.test_screener_wave2_analyst_store" name="test_read_analyst_fields_reports_a_dead_store" time="0.001" /><testcase classname="tests.test_screener_wave2_analyst_store" name="test_fetch_one_all_four_legs_answer" time="0.003"><failure message="AssertionError: assert None == {'consensus': 'Buy', 'downgrades_30d': 1, 'eps_next_y_growth': 50.0, 'pt_target': 200.0, ...}">monkeypatch = &lt;_pytest.monkeypatch.MonkeyPatch object at 0x7f1f0b5feb70&gt;

    def test_fetch_one_all_four_legs_answer(monkeypatch):
        _freeze_now(monkeypatch)
        _routes(monkeypatch, {
            "grades-consensus": [{"strongBuy": 1, "buy": 2, "hold": 0, "sell": 0,
                                  "strongSell": 0, "consensus": "Buy"}],
            "price-target-consensus": [{"targetConsensus": 200.0, "targetMedian": 190.0}],
            "grades": [
                {"date": "2026-08-10", "action": "upgrade"},
                {"date": "2026-08-01", "action": "downgrade"},
                {"date": "2026-06-01", "action": "upgrade"},   # outside the 30d window
            ],
            "analyst-estimates": [
                {"date": "2026-12-31", "epsAvg": 2.0},
                {"date": "2027-12-31", "epsAvg": 3.0},
            ],
        })
        out = ap.fetch_one("aapl")
&gt;       assert out == {
            "consensus": "Buy",
            "pt_target": 200.0,
            "upgrades_30d": 1,
            "downgrades_30d": 1,
            "eps_next_y_growth": 50.0,
        }
E       AssertionError: assert None == {'consensus': 'Buy', 'downgrades_30d': 1, 'eps_next_y_growth': 50.0, 'pt_target': 200.0, ...}

tests/test_screener_wave2_analyst_store.py:127: AssertionError</failure></testcase><testcase classname="tests.test_screener_wave2_analyst_store" name="test_fetch_one_pt_target_falls_back_to_median" time="0.002"><failure message="TypeError: 'NoneType' object is not subscriptable">monkeypatch = &lt;_pytest.monkeypatch.MonkeyPatch object at 0x7f1f0b5ff380&gt;

    def test_fetch_one_pt_target_falls_back_to_median(monkeypatch):
        _freeze_now(monkeypatch)
        _routes(monkeypatch, {
            "price-target-consensus": [{"targetConsensus": None, "targetMedian": 150.0}],
        })
        out = ap.fetch_one("MSFT")
&gt;       assert out["pt_target"] == 150.0
E       TypeError: 'NoneType' object is not subscriptable

tests/test_screener_wave2_analyst_store.py:142: TypeError</failure></testcase><testcase classname="tests.test_screener_wave2_analyst_store" name="test_fetch_one_a_raising_leg_nulls_only_its_slice" time="0.002"><failure message="TypeError: 'NoneType' object is not subscriptable">monkeypatch = &lt;_pytest.monkeypatch.MonkeyPatch object at 0x7f1f0a8a4da0&gt;

    def test_fetch_one_a_raising_leg_nulls_only_its_slice(monkeypatch):
        _freeze_now(monkeypatch)
        _routes(monkeypatch, {
            "grades-consensus": [{"strongBuy": 1, "buy": 0, "hold": 0, "sell": 0,
                                  "strongSell": 0, "consensus": "Buy"}],
            "grades": [{"date": "2026-08-10", "action": "upgrade"}],
            "analyst-estimates": [{"date": "2026-12-31", "epsAvg": 1.0},
                                  {"date": "2027-12-31", "epsAvg": 1.1}],
        }, raising={"price-target-consensus"})
        out = ap.fetch_one("aapl")
&gt;       assert out["consensus"] == "Buy"
E       TypeError: 'NoneType' object is not subscriptable

tests/test_screener_wave2_analyst_store.py:155: TypeError</failure></testcase><testcase classname="tests.test_screener_wave2_analyst_store" name="test_fetch_one_zero_total_consensus_is_refused" time="0.002" /><testcase classname="tests.test_screener_wave2_analyst_store" name="test_fetch_one_zero_total_consensus_refused_but_other_legs_survive" time="0.001"><failure message="TypeError: 'NoneType' object is not subscriptable">monkeypatch = &lt;_pytest.monkeypatch.MonkeyPatch object at 0x7f1f0b5fdc10&gt;

    def test_fetch_one_zero_total_consensus_refused_but_other_legs_survive(monkeypatch):
        _freeze_now(monkeypatch)
        _routes(monkeypatch, {
            "grades-consensus": [{"strongBuy": 0, "buy": 0, "hold": 0, "sell": 0,
                                  "strongSell": 0, "consensus": "Hold"}],
            "price-target-consensus": [{"targetConsensus": 42.0}],
        })
        out = ap.fetch_one("aapl")
&gt;       assert out["consensus"] is None
E       TypeError: 'NoneType' object is not subscriptable

tests/test_screener_wave2_analyst_store.py:179: TypeError</failure></testcase><testcase classname="tests.test_screener_wave2_analyst_store" name="test_fetch_one_negative_base_growth_is_refused" time="0.002"><failure message="TypeError: 'NoneType' object is not subscriptable">monkeypatch = &lt;_pytest.monkeypatch.MonkeyPatch object at 0x7f1f0a8a7e00&gt;

    def test_fetch_one_negative_base_growth_is_refused(monkeypatch):
        _freeze_now(monkeypatch)
        _routes(monkeypatch, {
            "grades-consensus": [{"strongBuy": 1, "buy": 0, "hold": 0, "sell": 0,
                                  "strongSell": 0, "consensus": "Buy"}],
            "analyst-estimates": [{"date": "2026-12-31", "epsAvg": -0.5},
                                  {"date": "2027-12-31", "epsAvg": 0.3}],
        })
        out = ap.fetch_one("aapl")
&gt;       assert out["eps_next_y_growth"] is None
E       TypeError: 'NoneType' object is not subscriptable

tests/test_screener_wave2_analyst_store.py:192: TypeError</failure></testcase><testcase classname="tests.test_screener_wave2_analyst_store" name="test_fetch_one_growth_needs_two_distinct_fiscal_years" time="0.001"><failure message="TypeError: 'NoneType' object is not subscriptable">monkeypatch = &lt;_pytest.monkeypatch.MonkeyPatch object at 0x7f1f0a8a73b0&gt;

    def test_fetch_one_growth_needs_two_distinct_fiscal_years(monkeypatch):
        _freeze_now(monkeypatch)
        _routes(monkeypatch, {
            "grades-consensus": [{"strongBuy": 1, "buy": 0, "hold": 0, "sell": 0,
                                  "strongSell": 0, "consensus": "Buy"}],
            "analyst-estimates": [{"date": "2026-12-31", "epsAvg": 2.0}],   # only one FY
        })
        out = ap.fetch_one("aapl")
&gt;       assert out["eps_next_y_growth"] is None
E       TypeError: 'NoneType' object is not subscriptable

tests/test_screener_wave2_analyst_store.py:204: TypeError</failure></testcase><testcase classname="tests.test_screener_wave2_analyst_store" name="test_fetch_one_growth_pairs_current_and_next_fy_not_the_payload_edges" time="0.001"><failure message="TypeError: 'NoneType' object is not subscriptable">monkeypatch = &lt;_pytest.monkeypatch.MonkeyPatch object at 0x7f1f0a8a5d00&gt;

    def test_fetch_one_growth_pairs_current_and_next_fy_not_the_payload_edges(monkeypatch):
        """FMP's annual estimates come NEWEST-FIRST and carry past + ~5 forward
        fiscal years. Without the current-year floor, sorted()[0:2] pairs the
        PAST year with the current one (or, under the old limit=4 on a covered
        name, two far-future years). The floor must leave (current, next) =
        (2026, 2027) under the frozen 2026 clock: 3.0/2.0 - 1 = +50%."""
        _freeze_now(monkeypatch)
        _routes(monkeypatch, {
            "grades-consensus": [{"strongBuy": 1, "buy": 0, "hold": 0, "sell": 0,
                                  "strongSell": 0, "consensus": "Buy"}],
            "analyst-estimates": [                      # newest-first, like FMP
                {"date": "2030-12-31", "epsAvg": 9.0},
                {"date": "2029-12-31", "epsAvg": 7.0},
                {"date": "2028-12-31", "epsAvg": 5.0},
                {"date": "2027-12-31", "epsAvg": 3.0},
                {"date": "2026-12-31", "epsAvg": 2.0},
                {"date": "2025-12-31", "epsAvg": 1.0},  # past FY — must be floored out
            ],
        })
        out = ap.fetch_one("aapl")
&gt;       assert out["eps_next_y_growth"] == 50.0   # (2027 vs 2026), never 100.0 (2026 vs 2025)
E       TypeError: 'NoneType' object is not subscriptable

tests/test_screener_wave2_analyst_store.py:227: TypeError</failure></testcase><testcase classname="tests.test_screener_wave2_analyst_store" name="test_fetch_one_returns_none_when_every_leg_nulls" time="0.001" /><testcase classname="tests.test_screener_wave2_analyst_store" name="test_fetch_one_30day_window_is_boundary_inclusive" time="0.001"><failure message="TypeError: 'NoneType' object is not subscriptable">monkeypatch = &lt;_pytest.monkeypatch.MonkeyPatch object at 0x7f1f0a8aff50&gt;

    def test_fetch_one_30day_window_is_boundary_inclusive(monkeypatch):
        frozen = _FROZEN_TODAY
        _freeze_now(monkeypatch, frozen)
        on_boundary = (frozen.date() - datetime.timedelta(days=30)).isoformat()
        just_outside = (frozen.date() - datetime.timedelta(days=31)).isoformat()
        _routes(monkeypatch, {
            "grades-consensus": [{"strongBuy": 1, "buy": 0, "hold": 0, "sell": 0,
                                  "strongSell": 0, "consensus": "Buy"}],
            "grades": [
                {"date": on_boundary, "action": "upgrade"},
                {"date": just_outside, "action": "upgrade"},
            ],
        })
        out = ap.fetch_one("aapl")
&gt;       assert out["upgrades_30d"] == 1
E       TypeError: 'NoneType' object is not subscriptable

tests/test_screener_wave2_analyst_store.py:250: TypeError</failure></testcase><testcase classname="tests.test_screener_wave2_analyst_store" name="test_fetch_one_30day_window_only_counts_upgrade_downgrade_actions" time="0.001"><failure message="TypeError: 'NoneType' object is not subscriptable">monkeypatch = &lt;_pytest.monkeypatch.MonkeyPatch object at 0x7f1f0a8af9e0&gt;

    def test_fetch_one_30day_window_only_counts_upgrade_downgrade_actions(monkeypatch):
        _freeze_now(monkeypatch)
        _routes(monkeypatch, {
            "grades-consensus": [{"strongBuy": 1, "buy": 0, "hold": 0, "sell": 0,
                                  "strongSell": 0, "consensus": "Buy"}],
            "grades": [
                {"date": "2026-08-15", "action": "maintain"},
                {"date": "2026-08-15", "action": "initiate"},
                {"date": "2026-08-15", "action": "upgrade"},
            ],
        })
        out = ap.fetch_one("aapl")
&gt;       assert out["upgrades_30d"] == 1
E       TypeError: 'NoneType' object is not subscriptable

tests/test_screener_wave2_analyst_store.py:266: TypeError</failure></testcase><testcase classname="tests.test_screener_wave2_analyst_store" name="test_fetch_one_upper_cases_and_blanks_a_missing_ticker" time="0.001" /><testcase classname="tests.test_screener_wave2_earnings_context" name="test_last_report_move_latest_print_wins" time="0.002" /><testcase classname="tests.test_screener_wave2_earnings_context" name="test_last_report_move_dead_store_is_noted_and_empty" time="0.001" /><testcase classname="tests.test_screener_wave2_earnings_context" name="test_last_report_move_empty_store_is_noted" time="0.001" /><testcase classname="tests.test_screener_wave2_earnings_context" name="test_last_report_move_null_peak_stays_not_computable" time="0.001" /><testcase classname="tests.test_screener_wave2_earnings_context" name="test_last_report_move_zero_floor_stays_not_computable" time="0.001" /><testcase classname="tests.test_screener_wave2_earnings_context" name="test_implied_context_reporters_get_move_and_latest_grade" time="0.001" /><testcase classname="tests.test_screener_wave2_earnings_context" name="test_implied_context_dead_reporter_list_is_noted_and_empty" time="0.001" /><testcase classname="tests.test_screener_wave2_earnings_context" name="test_implied_context_empty_reporter_list_is_noted" time="0.001" /><testcase classname="tests.test_screener_wave2_earnings_context" name="test_implied_context_dead_grade_leg_still_yields_the_move" time="0.001" /><testcase classname="tests.test_screener_wave2_earnings_context" name="test_implied_context_one_bad_date_does_not_blank_the_others" time="0.001" /><testcase classname="tests.test_screener_wave2_earnings_dates" name="test_chunk_windows_are_84_contiguous_nonoverlapping_1day_spans" time="0.001" /><testcase classname="tests.test_screener_wave2_earnings_dates" name="test_chunk_windows_ceiling_division_keeps_every_remainder_day" time="0.001" /><testcase classname="tests.test_screener_wave2_earnings_dates" name="test_session_threshold_parse_boundaries" time="0.001" /><testcase classname="tests.test_screener_wave2_earnings_dates" name="test_session_parse_degrades_to_tbd_on_junk_or_blank" time="0.001" /><testcase classname="tests.test_screener_wave2_earnings_dates" name="test_row_session_defaults_tbd_when_fmp_carries_no_session_field" time="0.001" /><testcase classname="tests.test_screener_wave2_earnings_dates" name="test_row_session_reads_a_defensive_time_field_if_ever_present" time="0.001" /><testcase classname="tests.test_screener_wave2_earnings_dates" name="test_run_pull_earliest_future_date_wins_and_receipt_rows_is_deduped_union" time="0.007"><failure message="assert 84 == 0">monkeypatch = &lt;_pytest.monkeypatch.MonkeyPatch object at 0x7f1f0ad27140&gt;
tmp_path = PosixPath('/tmp/pytest-of-runner/pytest-0/test_run_pull_earliest_future_0')

    def test_run_pull_earliest_future_date_wins_and_receipt_rows_is_deduped_union(monkeypatch, tmp_path):
        artifact_path = tmp_path / "edates.json"
        monkeypatch.setenv("SCREENER_EDATES_ARTIFACT", str(artifact_path))
        today = datetime.date(2026, 8, 22)
    
        def fake_fmp_get(path, params):
            assert path == "/stable/earnings-calendar"
            d0 = params["from"]
            if d0 == today.isoformat():
                # AAA's first sighting: 2026-08-25. BBB only ever appears here.
                return [
                    {"symbol": "AAA", "date": "2026-08-25"},
                    {"symbol": "BBB", "date": "2026-08-23"},
                ]
            if d0 == (today + datetime.timedelta(days=7)).isoformat():
                # AAA reappears with a LATER date — earliest must still win.
                return [{"symbol": "AAA", "date": "2026-08-30"}]
            return []
    
        monkeypatch.setattr(
            "api.services.earnings_estimates._fmp_get", fake_fmp_get)
    
        receipt = ed.run_pull(now=datetime.datetime(2026, 8, 22, 20, 0))
    
        assert receipt["requests"] == 84
&gt;       assert receipt["chunks_failed"] == 0
E       assert 84 == 0

tests/test_screener_wave2_earnings_dates.py:105: AssertionError</failure></testcase><testcase classname="tests.test_screener_wave2_earnings_dates" name="test_run_pull_skips_a_past_date_seen_in_the_window" time="0.007" /><testcase classname="tests.test_screener_wave2_earnings_dates" name="test_run_pull_all_chunks_failing_preserves_a_prior_artifact" time="0.007" /><testcase classname="tests.test_screener_wave2_earnings_dates" name="test_run_pull_malformed_rows_are_skipped_not_fatal" time="0.007"><failure message="AssertionError: assert {} == {'GOOD': {'da...sion': 'tbd'}}&#10;  &#10;  Right contains 1 more item:&#10;  {'GOOD': {'date': '2026-08-26', 'session': 'tbd'}}&#10;  &#10;  Full diff:&#10;  + {}&#10;  - {&#10;  -     'GOOD': {&#10;  -         'date': '2026-08-26',&#10;  -         'session': 'tbd',&#10;  -     },&#10;  - }">monkeypatch = &lt;_pytest.monkeypatch.MonkeyPatch object at 0x7f1f0ad27830&gt;
tmp_path = PosixPath('/tmp/pytest-of-runner/pytest-0/test_run_pull_malformed_rows_a0')

    def test_run_pull_malformed_rows_are_skipped_not_fatal(monkeypatch, tmp_path):
        monkeypatch.setenv("SCREENER_EDATES_ARTIFACT", str(tmp_path / "edates.json"))
        today = datetime.date(2026, 8, 22)
    
        def fake_fmp_get(path, params):
            if params["from"] == today.isoformat():
                return [
                    {"symbol": "", "date": "2026-08-25"},       # blank symbol
                    {"symbol": "NODATE"},                        # no date at all
                    {"symbol": "BADDATE", "date": "not-a-date"},  # unparsable
                    {"symbol": "GOOD", "date": "2026-08-26"},
                    "not-a-dict",
                ]
            return []
    
        monkeypatch.setattr(
            "api.services.earnings_estimates._fmp_get", fake_fmp_get)
        receipt = ed.run_pull(now=datetime.datetime(2026, 8, 22, 20, 0))
&gt;       assert receipt["rows"] == {"GOOD": {"date": "2026-08-26", "session": "tbd"}}
E       AssertionError: assert {} == {'GOOD': {'da...sion': 'tbd'}}
E         
E         Right contains 1 more item:
E         {'GOOD': {'date': '2026-08-26', 'session': 'tbd'}}
E         
E         Full diff:
E         + {}
E         - {
E         -     'GOOD': {
E         -         'date': '2026-08-26',
E         -         'session': 'tbd',
E         -     },
E         - }

tests/test_screener_wave2_earnings_dates.py:171: AssertionError</failure></testcase><testcase classname="tests.test_screener_wave2_earnings_dates" name="test_run_pull_flags_a_chunk_at_the_fmp_row_cap_but_keeps_its_rows" time="0.007"><failure message="AssertionError: assert [] == ['2026-08-27']&#10;  &#10;  Right contains one more item: '2026-08-27'&#10;  &#10;  Full diff:&#10;  + []&#10;  - [&#10;  -     '2026-08-27',&#10;  - ]">monkeypatch = &lt;_pytest.monkeypatch.MonkeyPatch object at 0x7f1f0ab090d0&gt;
tmp_path = PosixPath('/tmp/pytest-of-runner/pytest-0/test_run_pull_flags_a_chunk_at0')

    def test_run_pull_flags_a_chunk_at_the_fmp_row_cap_but_keeps_its_rows(monkeypatch, tmp_path):
        monkeypatch.setenv("SCREENER_EDATES_ARTIFACT", str(tmp_path / "edates.json"))
        today = datetime.date(2026, 8, 22)
        cap_day = (today + datetime.timedelta(days=5)).isoformat()
    
        def fake_fmp_get(path, params):
            if params["from"] == cap_day:
                # exactly 4,000 rows — the measured FMP response cap
                return [{"symbol": f"SYM{i}", "date": cap_day} for i in range(4000)]
            if params["from"] == today.isoformat():
                return [{"symbol": "NORMAL", "date": today.isoformat()}]
            return []
    
        monkeypatch.setattr(
            "api.services.earnings_estimates._fmp_get", fake_fmp_get)
        receipt = ed.run_pull(now=datetime.datetime(2026, 8, 22, 20, 0))
    
        # the suspect day is NAMED, not merely counted
&gt;       assert receipt["chunks_at_cap"] == [cap_day]
E       AssertionError: assert [] == ['2026-08-27']
E         
E         Right contains one more item: '2026-08-27'
E         
E         Full diff:
E         + []
E         - [
E         -     '2026-08-27',
E         - ]

tests/test_screener_wave2_earnings_dates.py:194: AssertionError</failure></testcase><testcase classname="tests.test_screener_wave2_earnings_dates" name="test_run_pull_no_chunks_at_cap_when_every_day_is_ordinary" time="0.007" /><testcase classname="tests.test_screener_wave2_earnings_dates" name="test_run_pull_default_now_routes_through__now_et_not_the_naive_local_clock" time="0.007" /><testcase classname="tests.test_screener_wave2_earnings_dates" name="test_run_pull_et_evening_does_not_discard_a_report_dated_todays_et_date" time="0.007"><failure message="AssertionError: assert 'TODAYREP' in {}">monkeypatch = &lt;_pytest.monkeypatch.MonkeyPatch object at 0x7f1f0a8c3aa0&gt;
tmp_path = PosixPath('/tmp/pytest-of-runner/pytest-0/test_run_pull_et_evening_does_0')

    def test_run_pull_et_evening_does_not_discard_a_report_dated_todays_et_date(monkeypatch, tmp_path):
        # Shape of the UTC-pod bug: a naive local `datetime.now()` between ~8pm
        # and midnight ET reads a calendar date one day AHEAD of ET's actual
        # today, so a report dated ET's real today was discarded as `rd &lt;
        # today`. An aware ET evening `now` must not lose this row.
        monkeypatch.setenv("SCREENER_EDATES_ARTIFACT", str(tmp_path / "edates.json"))
        et_today = datetime.date(2026, 8, 21)
        aware_now = datetime.datetime(2026, 8, 21, 23, 15, tzinfo=ZoneInfo("America/New_York"))
    
        def fake_fmp_get(path, params):
            if params["from"] == et_today.isoformat():
                return [{"symbol": "TODAYREP", "date": et_today.isoformat()}]
            return []
    
        monkeypatch.setattr(
            "api.services.earnings_estimates._fmp_get", fake_fmp_get)
        receipt = ed.run_pull(now=aware_now)
&gt;       assert "TODAYREP" in receipt["rows"]
E       AssertionError: assert 'TODAYREP' in {}

tests/test_screener_wave2_earnings_dates.py:251: AssertionError</failure></testcase><testcase classname="tests.test_screener_wave2_earnings_dates" name="test_read_earnings_dates_healthy" time="0.002" /><testcase classname="tests.test_screener_wave2_earnings_dates" name="test_read_earnings_dates_missing_artifact_is_noted_and_empty" time="0.001" /><testcase classname="tests.test_screener_wave2_earnings_dates" name="test_read_earnings_dates_empty_rows_is_treated_as_missing" time="0.001" /><testcase classname="tests.test_screener_wave2_earnings_dates" name="test_read_earnings_dates_stale_is_served_but_counted" time="0.001" /><testcase classname="tests.test_screener_wave2_earnings_dates" name="test_read_earnings_dates_at_the_stale_boundary_is_not_yet_stale" time="0.001" /><testcase classname="tests.test_screener_wave2_earnings_dates" name="test_days_to_earnings_derivation" time="0.002" /><testcase classname="tests.test_screener_wave2_earnings_dates" name="test_days_to_earnings_derivation_handles_junk_date" time="0.002" /><testcase classname="tests.test_screener_wave2_earnings_dates" name="test_days_to_earnings_absent_when_no_next_earnings_date" time="0.002" /><testcase classname="tests.test_screener_wave2_enrich" name="test_wave2_all_seven_keys_emit_with_full_distributions" time="0.001" /><testcase classname="tests.test_screener_wave2_enrich" name="test_wave2_sponsorship_and_sector_rs_absent_on_a_cold_store" time="0.001" /><testcase classname="tests.test_screener_wave2_enrich" name="test_wave2_sector_rs_absent_when_sdists_not_passed" time="0.001" /><testcase classname="tests.test_screener_wave2_enrich" name="test_wave2_additions_do_not_move_the_composite" time="0.001" /><testcase classname="tests.test_screener_wave2_enrich" name="test_wave2_load_sector_distributions_mirrors_load_distributions" time="0.001" /><testcase classname="tests.test_screener_wave2_finviz" name="test_parse_suffixed_absolutes" time="0.001" /><testcase classname="tests.test_screener_wave2_finviz" name="test_parse_percent_strings" time="0.001" /><testcase classname="tests.test_screener_wave2_finviz" name="test_parse_plain_number" time=
[...]
erified_playbook" time="0.025" /><testcase classname="tests.test_starter_library" name="test_no_starter_entry_carries_a_FAMILY_a_SENTENCE_or_a_HASH" time="0.016" /><testcase classname="tests.test_starter_library" name="test_the_card_sentence_is_DERIVED_from_the_tree_by_the_ONE_PRODUCER" time="0.025" /><testcase classname="tests.test_starter_library" name="test_the_TWO_LANES_agree_on_the_TREE_the_HASH_and_the_READ_BACK" time="0.108" /><testcase classname="tests.test_starter_library" name="test_the_catalog_returns_NO_DEF_HASH_and_WRITES_NO_ROW" time="0.058" /><testcase classname="tests.test_starter_library" name="test_installing_a_starter_TWICE_is_ONE_definition_and_editing_it_FORKS_the_hash" time="0.048" /><testcase classname="tests.test_starter_library" name="test_the_module_SPELLS_NO_SETUP_NAME_and_NO_TABLE_NAME" time="0.010" /><testcase classname="tests.test_starter_library" name="test_the_source_rail_is_NOT_VACUOUS" time="0.004" /><testcase classname="tests.test_starter_library" name="test_the_catalogue_names_no_setup_the_taxonomy_does_not_declare" time="0.015" /><testcase classname="tests.test_starter_library" name="test_the_catalogue_is_VERSIONED" time="0.005" /><testcase classname="tests.test_startup_fingerprint" name="test_the_deriver_answers_from_the_shipped_barsIDB_js" time="0.006" /><testcase classname="tests.test_startup_fingerprint" name="test_the_deriver_is_not_a_constant_wearing_a_function_name" time="0.005" /><testcase classname="tests.test_startup_fingerprint" name="test_two_declarations_are_unreadable_rather_than_a_coin_flip" time="0.005" /><testcase classname="tests.test_startup_fingerprint" name="test_an_unreadable_source_is_None_and_never_a_guess" time="0.145" /><testcase classname="tests.test_startup_fingerprint" name="test_the_fingerprint_line_carries_NO_typed_cache_logic_version" time="0.166" /><testcase classname="tests.test_startup_priority_audit" name="test_priority_audit_runs_audit_universe" time="0.019" /><testcase classname="tests.test_startup_priority_audit" name="test_priority_audit_skips_when_no_tickers" time="0.016" /><testcase classname="tests.test_startup_priority_audit" name="test_priority_audit_handles_resolver_exception" time="0.018" /><testcase classname="tests.test_startup_priority_audit" name="test_resolve_priority_tickers_returns_list" time="0.014" /><testcase classname="tests.test_startup_priority_audit" name="test_deploy_smoke_runs_audit" time="0.010" /><testcase classname="tests.test_startup_priority_audit" name="test_deploy_smoke_handles_audit_exception" time="0.014" /><testcase classname="tests.test_stock_brief_cache_policy.TestComputeStatsCacheGate" name="test_bars_fetch_failure_gets_short_ttl" time="0.013" /><testcase classname="tests.test_stock_brief_cache_policy.TestComputeStatsCacheGate" name="test_empty_bars_gets_short_ttl" time="0.015" /><testcase classname="tests.test_stock_brief_cache_policy.TestComputeStatsCacheGate" name="test_real_bars_get_the_full_ttl" time="0.015" /><testcase classname="tests.test_stock_brief_cache_policy.TestEarningsCacheGate" name="test_get_chart_markers_raising_gets_short_ttl" time="0.022" /><testcase classname="tests.test_stock_brief_cache_policy.TestEarningsCacheGate" name="test_successful_call_with_no_reported_quarters_gets_the_full_ttl" time="0.020" /><testcase classname="tests.test_stock_brief_cache_policy.TestEarningsCacheGate" name="test_successful_call_with_data_gets_the_full_ttl" time="0.017" /><testcase classname="tests.test_stock_brief_prompt.TestStockBriefPromptDirection" name="test_a_decline_is_described_as_a_fall" time="0.016" /><testcase classname="tests.test_stock_brief_prompt.TestStockBriefPromptDirection" name="test_a_gain_is_still_described_as_a_rise" time="0.026" /><testcase classname="tests.test_stock_brief_prompt.TestStockBriefPromptDirection" name="test_a_flat_year_never_claims_a_big_move" time="0.010" /><testcase classname="tests.test_stock_brief_prompt.TestStockBriefPromptDirection" name="test_unknown_gain_stays_neutral" time="0.013" /><testcase classname="tests.test_stock_brief_prompt.TestStockBriefPromptDirection" name="test_never_emits_a_negative_percentage[-99.9]" time="0.012" /><testcase classname="tests.test_stock_brief_prompt.TestStockBriefPromptDirection" name="test_never_emits_a_negative_percentage[-0.4]" time="0.010" /><testcase classname="tests.test_stock_brief_prompt.TestStockBriefPromptDirection" name="test_never_emits_a_negative_percentage[0.0]" time="0.002" /><testcase classname="tests.test_stock_brief_prompt.TestStockBriefPromptDirection" name="test_never_emits_a_negative_percentage[0.4]" time="0.002" /><testcase classname="tests.test_stock_brief_prompt.TestStockBriefPromptDirection" name="test_never_emits_a_negative_percentage[5000.0]" time="0.003" /><testcase classname="tests.test_strategy_templates" name="test_list_strategies_returns_4_templates" time="0.002" /><testcase classname="tests.test_strategy_templates" name="test_rsi_mean_reversion_buys_on_oversold_reversal" time="0.002" /><testcase classname="tests.test_strategy_templates" name="test_macd_crossover_generates_signals" time="0.002" /><testcase classname="tests.test_strategy_templates" name="test_bb_breakout_generates_signals" time="0.002" /><testcase classname="tests.test_strategy_templates" name="test_ma_crossover_generates_golden_cross" time="0.003" /><testcase classname="tests.test_strategy_templates" name="test_signals_have_required_fields" time="0.002" /><testcase classname="tests.test_stream_admission" name="test_the_stream_REFUSES_the_connection_that_would_exceed_the_cap[prices]" time="0.007" /><testcase classname="tests.test_stream_admission" name="test_the_stream_REFUSES_the_connection_that_would_exceed_the_cap[bars]" time="0.003" /><testcase classname="tests.test_stream_admission" name="test_a_disconnect_RELEASES_the_slot_so_the_cap_is_not_a_ratchet[prices]" time="0.003" /><testcase classname="tests.test_stream_admission" name="test_a_disconnect_RELEASES_the_slot_so_the_cap_is_not_a_ratchet[bars]" time="0.003" /><testcase classname="tests.test_stream_admission" name="test_the_two_streams_DO_NOT_SHARE_one_pool" time="0.003" /><testcase classname="tests.test_stream_admission" name="test_the_cap_is_PUBLISHED_so_hitting_it_is_observable" time="0.002" /><testcase classname="tests.test_stream_candle_events" name="test_build_candle_events_emits_tick_on_price_change" time="0.002" /><testcase classname="tests.test_stream_candle_events" name="test_build_candle_events_emits_bar_close_on_t_advance" time="0.003" /><testcase classname="tests.test_stream_candle_events" name="test_build_candle_events_emits_nothing_when_unchanged" time="0.003" /><testcase classname="tests.test_stream_candle_events" name="test_build_candle_events_handles_no_candle" time="0.002" /><testcase classname="tests.test_stream_candle_events" name="test_build_candle_events_updates_last_state" time="0.002" /><testcase classname="tests.test_stream_silence_watchdog" name="test_regular_hours_still_react_to_the_very_first_silent_window" time="0.003" /><testcase classname="tests.test_stream_silence_watchdog" name="test_closed_hours_tolerate_many_windows_before_reconnecting" time="0.002" /><testcase classname="tests.test_stream_silence_watchdog" name="test_the_counter_resets_on_traffic" time="0.003" /><testcase classname="tests.test_stream_silence_watchdog" name="test_the_counter_starts_fresh_on_every_connect" time="0.003" /><testcase classname="tests.test_stream_silence_watchdog" name="test_is_market_open_boundaries[moment0-True]" time="0.002" /><testcase classname="tests.test_stream_silence_watchdog" name="test_is_market_open_boundaries[moment1-True]" time="0.002" /><testcase classname="tests.test_stream_silence_watchdog" name="test_is_market_open_boundaries[moment2-True]" time="0.002" /><testcase classname="tests.test_stream_silence_watchdog" name="test_is_market_open_boundaries[moment3-False]" time="0.003" /><testcase classname="tests.test_stream_silence_watchdog" name="test_is_market_open_boundaries[moment4-False]" time="0.002" /><testcase classname="tests.test_stream_silence_watchdog" name="test_is_market_open_boundaries[moment5-False]" time="0.002" /><testcase classname="tests.test_stream_silence_watchdog" name="test_is_market_open_boundaries[moment6-True]" time="0.002" /><testcase classname="tests.test_stream_silence_watchdog" name="test_extended_hours_are_treated_as_closed_by_this_predicate" time="0.002" /><testcase classname="tests.test_stream_stale_event" name="test_build_stale_events_flags_stale_ticker" time="0.003" /><testcase classname="tests.test_stream_stale_event" name="test_build_stale_events_skips_fresh_ticker" time="0.003" /><testcase classname="tests.test_stream_stale_event" name="test_build_stale_events_skips_ticker_with_no_last_seen" time="0.003" /><testcase classname="tests.test_stream_stale_event" name="test_massive_activity_suppresses_finnhub_only_staleness" time="0.002" /><testcase classname="tests.test_stream_stale_event" name="test_stale_when_both_sources_quiet" time="0.002" /><testcase classname="tests.test_stream_stale_event" name="test_massive_activity_counts_for_never_finnhub_symbol" time="0.003" /><testcase classname="tests.test_stream_stale_event" name="test_bb_error_falls_back_to_finnhub_only" time="0.003" /><testcase classname="tests.test_stream_stale_event" name="test_build_stale_events_handles_multiple_tickers" time="0.002" /><testcase classname="tests.test_stripe_checkout_trial" name="test_eligible_when_never_subscribed" time="0.002" /><testcase classname="tests.test_stripe_checkout_trial" name="test_eligible_when_row_has_no_subscription_id" time="0.002" /><testcase classname="tests.test_stripe_checkout_trial" name="test_not_eligible_after_any_prior_subscription" time="0.002" /><testcase classname="tests.test_stripe_checkout_trial" name="test_not_eligible_on_store_error" time="0.002" /><testcase classname="tests.test_stripe_checkout_trial" name="test_trial_checkout_sets_trial_and_requires_card" time="0.010" /><testcase classname="tests.test_stripe_checkout_trial" name="test_plain_checkout_has_no_trial" time="0.003" /><testcase classname="tests.test_stripe_checkout_trial" name="test_trial_checkout_annual_price_when_configured" time="0.002" /><testcase classname="tests.test_structure_origin_derived" name="test_a_structure_with_any_source_id_is_published" time="0.002" /><testcase classname="tests.test_structure_origin_derived" name="test_a_structure_citing_nobody_is_ours" time="0.002" /><testcase classname="tests.test_structure_origin_derived" name="test_a_refusal_still_counts_as_engagement_with_the_literature" time="0.002" /><testcase classname="tests.test_structure_origin_derived" name="test_the_derivation_actually_separates_the_catalog" time="0.002" /><testcase classname="tests.test_structure_origin_derived" name="test_a_synthetic_structure_flips_the_answer" time="0.002" /><testcase classname="tests.test_structure_origin_derived" name="test_every_provenance_entry_carries_its_origin" time="0.003" /><testcase classname="tests.test_structure_origin_derived" name="test_the_uct_original_count_is_derived_not_typed" time="0.002" /><testcase classname="tests.test_structure_origin_derived" name="test_the_criterion_states_still_close_over_every_criterion" time="0.002" /><testcase classname="tests.test_structure_panel_reads_the_real_ledger" name="test_the_route_uses_the_view_this_rail_checks" time="0.003" /><testcase classname="tests.test_structure_panel_reads_the_real_ledger" name="test_a_refusal_carries_no_numeric_field_to_headline" time="0.002" /><testcase classname="tests.test_structure_panel_reads_the_real_ledger" name="test_the_extraction_actually_finds_fields" time="0.003" /><testcase classname="tests.test_structure_panel_reads_the_real_ledger" name="test_the_check_can_fail_on_a_planted_mismatch" time="0.002" /><testcase classname="tests.test_structure_panel_reads_the_real_ledger" name="test_every_field_the_panel_reads_exists_on_a_real_row" time="0.003" /><testcase classname="tests.test_structure_panel_reads_the_real_ledger" name="test_optional_fields_are_real_somewhere" time="0.003" /><testcase classname="tests.test_structure_panel_reads_the_real_ledger" name="test_the_units_are_fractions_so_the_panel_must_scale_them" time="0.002" /><testcase classname="tests.test_structure_panel_reads_the_real_ledger" name="test_a_refused_row_carries_its_reasons" time="0.002" /><testcase classname="tests.test_substack_article" name="test_fixture_is_the_real_thing" time="0.010" /><testcase classname="tests.test_substack_article" name="test_every_image_survives" time="0.032" /><testcase classname="tests.test_substack_article" name="test_responsive_attributes_survive_on_every_image" time="0.015" /><testcase classname="tests.test_substack_article" name="test_srcset_keeps_all_four_width_candidates" time="0.012" /><testcase classname="tests.test_substack_article" name="test_srcset_urls_are_not_shredded_by_their_own_commas" time="0.012" /><testcase classname="tests.test_substack_article" name="test_sizes_is_rewritten_off_100vw" time="0.011" /><testcase classname="tests.test_substack_article" name="test_whop_call_to_action_survives_with_tracking" time="0.012" /><testcase classname="tests.test_substack_article" name="test_the_cta_is_marked_so_it_can_be_styled_as_a_button" time="0.010" /><testcase classname="tests.test_substack_article" name="test_existing_query_params_are_not_clobbered_by_utm" time="0.013" /><testcase classname="tests.test_substack_article" name="test_prose_and_structure_survive" time="0.012" /><testcase classname="tests.test_substack_article" name="test_substack_chrome_is_gone" time="0.011" /><testcase classname="tests.test_substack_article" name="test_subscribe_form_is_gone_but_its_neighbours_are_not" time="0.014" /><testcase classname="tests.test_substack_article" name="test_hostile_markup_cannot_reach_the_reader[&lt;p onclick=&quot;steal()&quot;&gt;hi&lt;/p&gt;-onclick]" time="0.022" /><testcase classname="tests.test_substack_article" name="test_hostile_markup_cannot_reach_the_reader[&lt;p&gt;&lt;a href=&quot;javascript:alert(1)&quot;&gt;x&lt;/a&gt;&lt;/p&gt;-javascript:]" time="0.016" /><testcase classname="tests.test_substack_article" name="test_hostile_markup_cannot_reach_the_reader[&lt;p&gt;&lt;a href=&quot;data:text/html;base64,PHNjcmlwdD4=&quot;&gt;x&lt;/a&gt;&lt;/p&gt;-data:]" time="0.013" /><testcase classname="tests.test_substack_article" name="test_hostile_markup_cannot_reach_the_reader[&lt;script&gt;alert(1)&lt;/script&gt;&lt;p&gt;ok&lt;/p&gt;-alert]" time="0.012" /><testcase classname="tests.test_substack_article" name="test_hostile_markup_cannot_reach_the_reader[&lt;p&gt;&lt;img src=&quot;x&quot; onerror=&quot;alert(1)&quot;&gt;&lt;/p&gt;-onerror]" time="0.013" /><testcase classname="tests.test_substack_article" name="test_hostile_markup_cannot_reach_the_reader[&lt;style&gt;body{display:none}&lt;/style&gt;&lt;p&gt;ok&lt;/p&gt;-display:none]" time="0.013" /><testcase classname="tests.test_substack_article" name="test_hostile_markup_cannot_reach_the_reader[&lt;iframe src=&quot;https://evil.test&quot;&gt;&lt;/iframe&gt;&lt;p&gt;ok&lt;/p&gt;-iframe]" time="0.013" /><testcase classname="tests.test_substack_article" name="test_hostile_markup_cannot_reach_the_reader[&lt;p&gt;&lt;a href=&quot;//evil.test&quot;&gt;x&lt;/a&gt;&lt;/p&gt;-evil.test]" time="0.013" /><testcase classname="tests.test_substack_article" name="test_unknown_tags_unwrap_rather_than_vanish" time="0.012" /><testcase classname="tests.test_substack_article" name="test_text_is_escaped_on_the_way_out" time="0.013" /><testcase classname="tests.test_substack_article" name="test_headings_get_stable_unique_ids" time="0.008" /><testcase classname="tests.test_substack_article" name="test_table_of_contents_matches_the_post" time="0.003" /><testcase classname="tests.test_substack_article" name="test_charts_covered_becomes_ticker_chips" time="0.002" /><testcase classname="tests.test_substack_article" name="test_chart_labels_are_a_second_ticker_source" time="0.002" /><testcase classname="tests.test_substack_article" name="test_the_label_source_works_with_no_charts_covered_heading" time="0.003" /><testcase classname="tests.test_substack_article" name="test_ordinary_prose_is_not_read_as_a_chart_label[Just good consistent participation, good to see.]" time="0.003" /><testcase classname="tests.test_substack_article" name="test_ordinary_prose_is_not_read_as_a_chart_label[UCT Breadth Monitor]" time="0.003" /><testcase classname="tests.test_substack_article" name="test_ordinary_prose_is_not_read_as_a_chart_label[A (nice) reminder]" time="0.002" /><testcase classname="tests.test_substack_article" name="test_ordinary_prose_is_not_read_as_a_chart_label[WHAT WE WILL COVER TODAY]" time="0.002" /><testcase classname="tests.test_substack_article" name="test_an_ordinary_all_caps_heading_is_not_mistaken_for_tickers" time="0.003" /><testcase classname="tests.test_substack_article" name="test_prose_mentions_are_a_third_ticker_source" time="0.002" /><testcase classname="tests.test_substack_article" name="test_prose_source_works_with_neither_heading_nor_chart_labels" time="0.002" /><testcase classname="tests.test_substack_article" name="test_house_vocabulary_is_not_read_as_a_symbol[RS]" time="0.002" /><testcase classname="tests.test_substack_article" name="test_house_vocabulary_is_not_read_as_a_symbol[EMA]" time="0.002" /><testcase classname="tests.test_substack_article" name="test_house_vocabulary_is_not_read_as_a_symbol[PEG]" time="0.002" /><testcase classname="tests.test_substack_article" name="test_house_vocabulary_is_not_read_as_a_symbol[AI]" time="0.002" /><testcase classname="tests.test_substack_article" name="test_house_vocabulary_is_not_read_as_a_symbol[BE]" time="0.002" /><testcase classname="tests.test_substack_article" name="test_house_vocabulary_is_not_read_as_a_symbol[FOR]" time="0.002" /><testcase classname="tests.test_substack_article" name="test_house_vocabulary_is_not_read_as_a_symbol[YOU]" time="0.002" /><testcase classname="tests.test_substack_article" name="test_house_vocabulary_is_not_read_as_a_symbol[ON]" time="0.002" /><testcase classname="tests.test_substack_article" name="test_house_vocabulary_is_not_read_as_a_symbol[MA]" time="0.002" /><testcase classname="tests.test_substack_article" name="test_house_vocabulary_is_not_read_as_a_symbol[GAP]" time="0.002" /><testcase classname="tests.test_substack_article" name="test_single_letter_prose_mentions_are_ignored" time="0.002" /><testcase classname="tests.test_substack_article" name="test_the_universe_filter_gates_only_the_prose_source" time="0.003" /><testcase classname="tests.test_substack_article" name="test_prose_source_accepts_etfs_the_equity_screen_refuses" time="0.002" /><testcase classname="tests.test_substack_article" name="test_a_watchlist_marked_up_as_a_heading_is_still_read" time="0.002" /><testcase classname="tests.test_substack_article" name="test_indices_are_not_tagged" time="0.002" /><testcase classname="tests.test_substack_article" name="test_curated_symbols_still_lead" time="0.002" /><testcase classname="tests.test_substack_article" name="test_prose_scan_does_not_reach_dropped_regions" time="0.002" /><testcase classname="tests.test_substack_article" name="test_empty_alt_is_filled_from_the_chart_label" time="0.002" /><testcase classname="tests.test_substack_article" name="test_reading_time_is_derived_not_guessed" time="0.002" /><testcase classname="tests.test_substack_article" name="test_empty_input_is_an_empty_article[]" time="0.002" /><testcase classname="tests.test_substack_article" name="test_empty_input_is_an_empty_article[   ]" time="0.002" /><testcase classname="tests.test_substack_article" name="test_empty_input_is_an_empty_article[None]" time="0.003" /><testcase classname="tests.test_substack_article" name="test_mis_nested_tags_do_not_leak_unclosed_elements" time="0.003" /><testcase classname="tests.test_substack_article" name="test_unclosed_document_is_closed_off" time="0.009" /></testsuite></testsuites>