<?xml version="1.0" encoding="utf-8"?><testsuites><testsuite name="pytest" errors="1" failures="0" skipped="0" tests="1" time="43.445" timestamp="2026-09-18T11:23:13.994054+00:00" hostname="runnervmlun5p"><testcase classname="" name="tests.test_promotion_control" time="0.000"><error message="collection failure">ImportError while importing test module '/home/runner/work/UCT-Dashboard/UCT-Dashboard/tests/test_promotion_control.py'.
Hint: make sure your test modules/packages have valid Python names.
Traceback:
/opt/hostedtoolcache/Python/3.12.14/x64/lib/python3.12/importlib/__init__.py:90: in import_module
    return _bootstrap._gcd_import(name[level:], package, level)
tests/test_promotion_control.py:27: in &lt;module&gt;
    import yaml
E   ModuleNotFoundError: No module named 'yaml'</error></testcase></testsuite></testsuites>