<?xml version="1.0" encoding="utf-8"?><testsuites><testsuite name="pytest" errors="0" failures="1" skipped="5" tests="1698" time="91.196" timestamp="2026-09-23T02:33:29.260740+00:00" hostname="runnervmlun5p"><testcase classname="tests.test_ask_retrieval.TestEvaluationSet" name="test_A_exact_note_phrase" time="0.227" /><testcase classname="tests.test_ask_retrieval.TestEvaluationSet" name="test_B_note_title_match" time="0.034" /><testcase classname="tests.test_ask_retrieval.TestEvaluationSet" name="test_C_paraphrase_with_lexical_overlap" time="0.173" /><testcase classname="tests.test_ask_retrieval.TestEvaluationSet" name="test_D_paraphrase_SHARING_A_CONTENT_WORD_is_now_found" time="0.016" /><testcase classname="tests.test_ask_retrieval.TestEvaluationSet" name="test_D2_paraphrase_with_NO_shared_content_word_is_the_remaining_gap" time="0.035" /><testcase classname="tests.test_ask_retrieval.TestEvaluationSet" name="test_E_ticker_alias_resolves_to_canonical_entity" time="0.277" /><testcase classname="tests.test_ask_retrieval.TestEvaluationSet" name="test_F_thesis_question_reaches_authoritative_thesis_state" time="0.018" /><testcase classname="tests.test_ask_retrieval.TestEvaluationSet" name="test_G_invalidation_question" time="0.017" /><testcase classname="tests.test_ask_retrieval.TestEvaluationSet" name="test_H_supporting_evidence" time="0.016" /><testcase classname="tests.test_ask_retrieval.TestEvaluationSet" name="test_I_opposing_evidence_carries_its_stance" time="0.023" /><testcase classname="tests.test_ask_retrieval.TestEvaluationSet" name="test_J_captured_financial_fact_is_structured_not_prose" time="0.021" /><testcase classname="tests.test_ask_retrieval.TestEvaluationSet" name="test_K_document_page" time="0.016" /><testcase classname="tests.test_ask_retrieval.TestEvaluationSet" name="test_L_saved_excerpt" time="0.015" /><testcase classname="tests.test_ask_retrieval.TestEvaluationSet" name="test_M_page_and_excerpt_are_ONE_independent_source" time="0.016" /><testcase classname="tests.test_ask_retrieval.TestEvaluationSet" name="test_N_unrelated_ticker_is_not_contaminated_in" time="0.102" /><testcase classname="tests.test_ask_retrieval.TestEvaluationSet" name="test_O_no_answer_is_a_result_not_a_forced_top_k" time="0.015" /><testcase classname="tests.test_ask_retrieval.TestEvaluationSet" name="test_P_structured_query_routes_without_prose_search" time="0.015" /><testcase classname="tests.test_ask_retrieval.TestEvaluationSet" name="test_Q_historical_intent_is_refused_not_answered_in_past_tense" time="0.015" /><testcase classname="tests.test_ask_retrieval.TestEvaluationSet" name="test_R_conflicting_research_surfaces_both_sides" time="0.016" /><testcase classname="tests.test_ask_retrieval.TestTenantIsolation" name="test_another_users_note_is_never_a_candidate" time="0.016" /><testcase classname="tests.test_ask_retrieval.TestTenantIsolation" name="test_the_other_tenant_sees_only_their_own" time="0.016" /><testcase classname="tests.test_ask_retrieval.TestTenantIsolation" name="test_facts_are_tenant_scoped" time="0.018" /><testcase classname="tests.test_ask_retrieval.TestCoverage" name="test_coverage_reports_what_could_have_been_searched" time="0.016" /><testcase classname="tests.test_ask_retrieval.TestCoverage" name="test_unsearchable_documents_are_counted_separately" time="0.022" /><testcase classname="tests.test_ask_retrieval.TestTheBm25FloorWasUnsound" name="test_bm25_collapses_to_zero_when_a_term_is_in_every_row" time="0.002" /><testcase classname="tests.test_ask_retrieval.TestTheBm25FloorWasUnsound" name="test_the_member_this_hurts_is_the_focused_researcher" time="0.001" /><testcase classname="tests.test_ask_retrieval.TestTheBm25FloorWasUnsound" name="test_no_retrieval_path_gates_on_the_score_any_more" time="0.014" /><testcase classname="tests.test_ask_retrieval.TestTheBm25FloorWasUnsound" name="test_the_ast_probe_can_see_such_a_gate" time="0.001" /><testcase classname="tests.test_ask_retrieval.TestCitationReadiness" name="test_note_evidence_arrives_with_a_prosemirror_location" time="0.016" /><testcase classname="tests.test_ask_retrieval.TestCitationReadiness" name="test_a_note_whose_passage_cannot_be_located_degrades_honestly" time="0.016" /><testcase classname="tests.test_ask_retrieval.TestCitationReadiness" name="test_independent_sources_counts_lineage_among_QUERY_MATCHES" time="0.035" /><testcase classname="tests.test_ask_retrieval.TestCitationReadiness" name="test_entity_context_does_not_satisfy_a_question_it_cannot_answer" time="0.024" /><testcase classname="tests.test_ask_retrieval.TestCitationReadiness" name="test_a_real_match_alongside_entity_context_is_an_answer" time="0.017" /><testcase classname="tests.test_ask_retrieval" name="test_MEASURE_semantic_recall_gap" time="0.024" /><testcase classname="tests.test_ask_retrieval.TestEntityResolutionDoesNotLeakQueryFragments" name="test_prose_words_are_never_ticker_candidates" time="0.001" /><testcase classname="tests.test_ask_retrieval.TestEntityResolutionDoesNotLeakQueryFragments" name="test_common_words_that_are_real_tickers_are_still_not_candidates" time="0.001" /><testcase classname="tests.test_ask_retrieval.TestEntityResolutionDoesNotLeakQueryFragments" name="test_only_uppercase_or_cashtag_tokens_are_candidates" time="0.001" /><testcase classname="tests.test_ask_retrieval.TestEntityResolutionDoesNotLeakQueryFragments" name="test_resolution_never_touches_the_network_for_an_unowned_symbol" time="0.015" /><testcase classname="tests.test_ask_retrieval.TestEntityResolutionDoesNotLeakQueryFragments" name="test_resolution_is_reached_only_for_a_symbol_the_member_owns" time="0.016" /><testcase classname="tests.test_ask_retrieval.TestEntityResolutionDoesNotLeakQueryFragments" name="test_a_full_prose_question_triggers_zero_resolution_attempts" time="0.027" /><testcase classname="tests.test_ask_retrieval.TestAskDocument" name="test_a_question_about_the_document_cites_document_and_page" time="0.018" /><testcase classname="tests.test_ask_retrieval.TestAskDocument" name="test_retrieval_never_leaves_the_named_document" time="0.020" /><testcase classname="tests.test_ask_retrieval.TestAskDocument" name="test_a_page_and_its_saved_excerpt_remain_ONE_source" time="0.020" /><testcase classname="tests.test_ask_retrieval.TestAskDocument" name="test_a_healthy_anchor_earns_an_exact_citation" time="0.020" /><testcase classname="tests.test_ask_retrieval.TestAskDocument" name="test_a_DEGRADED_anchor_falls_back_to_page_and_never_claims_exact" time="0.045" /><testcase classname="tests.test_ask_retrieval.TestAskDocument" name="test_a_scanned_document_is_reported_unsearchable_not_empty" time="0.015" /><testcase classname="tests.test_ask_retrieval.TestAskDocument" name="test_a_still_processing_document_does_not_pretend_to_be_complete" time="0.015" /><testcase classname="tests.test_ask_retrieval.TestAskDocument" name="test_a_question_the_document_does_not_answer_returns_no_answer" time="0.020" /><testcase classname="tests.test_ask_retrieval.TestAskDocument" name="test_another_tenants_document_is_indistinguishable_from_a_missing_one" time="0.015" /><testcase classname="tests.test_ask_retrieval.TestAskDocument" name="test_a_trashed_owning_note_removes_the_document_from_answers" time="0.017" /><testcase classname="tests.test_ask_retrieval.TestAskSecurityResearch" name="test_the_member_does_not_have_to_type_the_ticker" time="0.017" /><testcase classname="tests.test_ask_retrieval.TestAskSecurityResearch" name="test_an_unrelated_securitys_note_never_leaks_in" time="0.018" /><testcase classname="tests.test_ask_retrieval.TestAskSecurityResearch" name="test_the_same_query_under_the_other_security_returns_ITS_note" time="0.198" /><testcase classname="tests.test_ask_retrieval.TestAskSecurityResearch" name="test_membership_reaches_a_note_linked_only_by_a_prose_mention" time="0.023" /><testcase classname="tests.test_ask_retrieval.TestAskSecurityResearch" name="test_a_security_with_no_research_says_so_rather_than_guessing" time="0.179" /><testcase classname="tests.test_ask_retrieval.TestAskSecurityResearch" name="test_thesis_state_and_facts_arrive_as_context_not_as_the_answer" time="0.018" /><testcase classname="tests.test_ask_retrieval.TestAskSecurityResearch" name="test_counter_evidence_keeps_its_stance_in_entity_scope" time="0.024" /><testcase classname="tests.test_ask_retrieval.TestAskSecurityResearch" name="test_entity_scope_is_tenant_scoped" time="0.018" /><testcase classname="tests.test_ask_retrieval.TestAskSecurityResearch" name="test_coverage_reports_how_much_of_the_corpus_was_in_scope" time="0.018" /><testcase classname="tests.test_ask_retrieval.TestAskSecurityResearch" name="test_no_ticker_probing_happens_in_entity_scope" time="0.016" /><testcase classname="tests.test_ask_security.TestTenantIsolationHappensBeforeRanking" name="test_every_retrieval_query_carries_a_user_id" time="0.016" /><testcase classname="tests.test_ask_security.TestTenantIsolationHappensBeforeRanking" name="test_the_sql_probe_reassembles_a_split_statement" time="0.001" /><testcase classname="tests.test_ask_security.TestTenantIsolationHappensBeforeRanking" name="test_a_foreign_note_is_not_a_candidate" time="0.003" /><testcase classname="tests.test_ask_security.TestTenantIsolationHappensBeforeRanking" name="test_the_error_is_not_an_existence_oracle" time="0.003" /><testcase classname="tests.test_ask_security.TestTrashExclusionAndRestore" name="test_a_trashed_note_is_not_answerable" time="0.003" /><testcase classname="tests.test_ask_security.TestTrashExclusionAndRestore" name="test_restoring_a_note_makes_it_answerable_again" time="0.004" /><testcase classname="tests.test_ask_security.TestAccountPurgeCoverage" name="test_wave_k_added_no_persistent_table" time="0.019" /><testcase classname="tests.test_ask_security.TestAccountPurgeCoverage" name="test_no_derived_retrieval_state_is_persisted" time="0.002" /><testcase classname="tests.test_ask_security.TestNoEmbeddingCallWhileZdrIsUnconfirmed" name="test_no_ask_module_reaches_an_embedding_provider" time="0.020" /><testcase classname="tests.test_ask_security.TestNoEmbeddingCallWhileZdrIsUnconfirmed" name="test_no_ask_module_imports_an_embedding_service" time="0.020" /><testcase classname="tests.test_ask_security.TestNoEmbeddingCallWhileZdrIsUnconfirmed" name="test_the_probe_can_see_a_real_embedding_call" time="0.001" /><testcase classname="tests.test_ask_security.TestSynthesisBoundaryHolds" name="test_no_member_content_can_reach_the_instruction_layer" time="0.001" /><testcase classname="tests.test_ask_security.TestSynthesisBoundaryHolds" name="test_the_request_exposes_no_tools" time="0.001" /><testcase classname="tests.test_ask_security.TestSynthesisBoundaryHolds" name="test_retrieved_text_cannot_escape_its_fence" time="0.001" /><testcase classname="tests.test_ask_security.TestSynthesisBoundaryHolds" name="test_an_unknown_citation_handle_resolves_to_nothing" time="0.001" /><testcase classname="tests.test_ask_security.TestRateAndConcurrencyLimits" name="test_the_daily_cap_bounds_spend" time="0.001" /><testcase classname="tests.test_ask_security.TestRateAndConcurrencyLimits" name="test_the_global_cost_cap_blocks_everyone" time="0.001" /><testcase classname="tests.test_ask_security.TestRateAndConcurrencyLimits" name="test_concurrency_is_a_separate_limit_from_spend" time="0.001" /><testcase classname="tests.test_ask_security.TestRateAndConcurrencyLimits" name="test_a_released_slot_is_reusable" time="0.001" /><testcase classname="tests.test_ask_security.TestRateAndConcurrencyLimits" name="test_releasing_more_than_claimed_never_goes_negative" time="0.001" /><testcase classname="tests.test_ask_security.TestRateAndConcurrencyLimits" name="test_one_members_concurrency_does_not_block_another" time="0.001" /><testcase classname="tests.test_ask_security.TestRateAndConcurrencyLimits" name="test_a_refusal_costs_nothing" time="0.004" /><testcase classname="tests.test_ask_security.TestEvidenceBudgetIsBounded" name="test_the_packet_is_bounded_on_items_and_characters" time="0.002" /><testcase classname="tests.test_ask_security.TestEvidenceBudgetIsBounded" name="test_the_question_itself_is_bounded" time="0.001" /><testcase classname="tests.test_ask_security.TestNothingLogsMemberContent" name="test_the_ask_route_does_not_log_the_query" time="0.004" /><testcase classname="tests.test_ask_security.TestNothingLogsMemberContent" name="test_the_logging_probe_can_see_a_leak" time="0.001" /><testcase classname="tests.test_ask_security.TestNothingLogsMemberContent" name="test_telemetry_is_counts_only" time="0.001" /><testcase classname="tests.test_ask_security.TestNothingLogsMemberContent" name="test_the_fence_integrity_error_names_no_content" time="0.001" /><testcase classname="tests.test_ask_service.TestScopeIsWhatWasSearched" name="test_every_scope_has_a_label_and_a_refusal" time="0.001" /><testcase classname="tests.test_ask_service.TestScopeIsWhatWasSearched" name="test_the_security_scope_names_the_security" time="0.001" /><testcase classname="tests.test_ask_service.TestScopeIsWhatWasSearched" name="test_the_document_scope_names_the_document_when_known" time="0.001" /><testcase classname="tests.test_ask_service.TestScopeIsWhatWasSearched" name="test_an_unknown_scope_is_refused_not_defaulted" time="0.001" /><testcase classname="tests.test_ask_service.TestScopeIsWhatWasSearched" name="test_a_scope_that_needs_a_target_refuses_without_one" time="0.001" /><testcase classname="tests.test_ask_service.TestRankingInternalsNeverCrossTheWire" name="test_the_projection_drops_every_ranking_field" time="0.001" /><testcase classname="tests.test_ask_service.TestRankingInternalsNeverCrossTheWire" name="test_the_projection_keeps_what_the_member_needs" time="0.001" /><testcase classname="tests.test_ask_service.TestRankingInternalsNeverCrossTheWire" name="test_a_long_snippet_is_capped" time="0.001" /><testcase classname="tests.test_ask_service.TestRankingInternalsNeverCrossTheWire" name="test_structured_payloads_survive_intact" time="0.001" /><testcase classname="tests.test_ask_service.TestFollowUpsReGround" name="test_a_follow_up_retrieves_with_the_members_prior_question" time="0.001" /><testcase classname="tests.test_ask_service.TestFollowUpsReGround" name="test_the_assistants_previous_answer_never_steers_retrieval" time="0.001" /><testcase classname="tests.test_ask_service.TestFollowUpsReGround" name="test_no_history_means_the_question_alone" time="0.001" /><testcase classname="tests.test_ask_service.TestFollowUpsReGround" name="test_the_retrieval_query_is_bounded" time="0.001" /><testcase classname="tests.test_ask_service.TestCoverageNoticeOnlyWhenItMatters" name="test_a_clean_corpus_produces_no_notice" time="0.001" /><testcase classname="tests.test_ask_service.TestCoverageNoticeOnlyWhenItMatters" name="test_unsearchable_documents_are_declared" time="0.001" /><testcase classname="tests.test_ask_service.TestCoverageNoticeOnlyWhenItMatters" name="test_one_document_is_singular" time="0.001" /><testcase classname="tests.test_ask_service.TestCoverageNoticeOnlyWhenItMatters" name="test_a_document_scope_declares_its_own_state[pending-still being processed]" time="0.001" /><testcase classname="tests.test_ask_service.TestCoverageNoticeOnlyWhenItMatters" name="test_a_document_scope_declares_its_own_state[no_text-No readable text]" time="0.001" /><testcase classname="tests.test_ask_service.TestCoverageNoticeOnlyWhenItMatters" name="test_a_document_scope_declares_its_own_state[processing_failed-couldn't be processed]" time="0.001" /><testcase classname="tests.test_ask_service.TestCoverageNoticeOnlyWhenItMatters" name="test_an_empty_note_says_so" time="0.001" /><testcase classname="tests.test_ask_service.TestStreamingNeverEmitsAHalfHandle" name="test_hold_back[margins fell [1-margins fell -[1]" time="0.001" /><testcase classname="tests.test_ask_service.TestStreamingNeverEmitsAHalfHandle" name="test_hold_back[margins fell [1]-margins fell [1]-]" time="0.001" /><testcase classname="tests.test_ask_service.TestStreamingNeverEmitsAHalfHandle" name="test_hold_back[margins fell [-margins fell -[]" time="0.001" /><testcase classname="tests.test_ask_service.TestStreamingNeverEmitsAHalfHandle" name="test_hold_back[no handles here-no handles here-]" time="0.001" /><testcase classname="tests.test_ask_service.TestStreamingNeverEmitsAHalfHandle" name="test_hold_back[a [123456 long-a [123456 long-]" time="0.001" /><testcase classname="tests.test_ask_service.TestStreamingNeverEmitsAHalfHandle" name="test_a_handle_is_never_split_across_two_emissions" time="0.001" /><testcase classname="tests.test_ask_service.TestCitationResolution" name="test_a_valid_handle_resolves_to_the_source_that_was_sent" time="0.001" /><testcase classname="tests.test_ask_service.TestCitationResolution" name="test_an_invented_handle_is_reported_and_not_resolved" time="0.001" /><testcase classname="tests.test_ask_service.TestTelemetryCarriesCountsNeverContent" name="test_no_member_content_appears_anywhere" time="0.001" /><testcase classname="tests.test_ask_service.TestTelemetryCarriesCountsNeverContent" name="test_it_carries_what_operating_the_feature_needs" time="0.001" /><testcase classname="tests.test_ast_arg_domain" name="test_the_roster_is_READ_OFF_THE_MANIFEST_and_nothing_is_typed_in_either_lane" time="0.002" /><testcase classname="tests.test_ast_arg_domain" name="test_a_PLANTED_entry_is_guarded_and_a_REMOVED_declaration_drops_out" time="0.001" /><testcase classname="tests.test_ast_arg_domain" name="test_a_ceiling_that_NAMES_NO_ARGUMENT_is_left_alone_rather_than_guessed_at" time="0.001" /><testcase classname="tests.test_ast_arg_domain" name="test_every_UNDECLARED_int_argument_has_a_REASON__a_roster_not_a_count" time="0.001" /><testcase classname="tests.test_ast_arg_domain" name="test_the_guard_refuses_EXACTLY_what_the_SHIPPED_adapter_answers_all_NaN[ichimokuChikou]" time="0.004" /><testcase classname="tests.test_ast_arg_domain" name="test_the_guard_refuses_EXACTLY_what_the_SHIPPED_adapter_answers_all_NaN[ichimokuKijun]" time="0.004" /><testcase classname="tests.test_ast_arg_domain" name="test_the_guard_refuses_EXACTLY_what_the_SHIPPED_adapter_answers_all_NaN[ichimokuSpanA]" time="0.004" /><testcase classname="tests.test_ast_arg_domain" name="test_the_guard_refuses_EXACTLY_what_the_SHIPPED_adapter_answers_all_NaN[ichimokuSpanB]" time="0.004" /><testcase classname="tests.test_ast_arg_domain" name="test_the_guard_refuses_EXACTLY_what_the_SHIPPED_adapter_answers_all_NaN[ichimokuTenkan]" time="0.004" /><testcase classname="tests.test_ast_arg_domain" name="test_the_guard_refuses_EXACTLY_what_the_SHIPPED_adapter_answers_all_NaN[macd]" time="0.002" /><testcase classname="tests.test_ast_arg_domain" name="test_the_TRANSPOSED_call_is_refused_BY_NAME_AT_THE_TOKEN[ichimokuChikou]" time="0.001" /><testcase classname="tests.test_ast_arg_domain" name="test_the_TRANSPOSED_call_is_refused_BY_NAME_AT_THE_TOKEN[ichimokuKijun]" time="0.001" /><testcase classname="tests.test_ast_arg_domain" name="test_the_TRANSPOSED_call_is_refused_BY_NAME_AT_THE_TOKEN[ichimokuSpanA]" time="0.001" /><testcase classname="tests.test_ast_arg_domain" name="test_the_TRANSPOSED_call_is_refused_BY_NAME_AT_THE_TOKEN[ichimokuSpanB]" time="0.001" /><testcase classname="tests.test_ast_arg_domain" name="test_the_TRANSPOSED_call_is_refused_BY_NAME_AT_THE_TOKEN[ichimokuTenkan]" time="0.001" /><testcase classname="tests.test_ast_arg_domain" name="test_the_TRANSPOSED_call_is_refused_BY_NAME_AT_THE_TOKEN[macd]" time="0.001" /><testcase classname="tests.test_ast_arg_domain" name="test_the_WELL_ORDERED_call_still_SAVES_and_still_COMPUTES[ichimokuChikou]" time="0.002" /><testcase classname="tests.test_ast_arg_domain" name="test_the_WELL_ORDERED_call_still_SAVES_and_still_COMPUTES[ichimokuKijun]" time="0.002" /><testcase classname="tests.test_ast_arg_domain" name="test_the_WELL_ORDERED_call_still_SAVES_and_still_COMPUTES[ichimokuSpanA]" time="0.002" /><testcase classname="tests.test_ast_arg_domain" name="test_the_WELL_ORDERED_call_still_SAVES_and_still_COMPUTES[ichimokuSpanB]" time="0.002" /><testcase classname="tests.test_ast_arg_domain" name="test_the_WELL_ORDERED_call_still_SAVES_and_still_COMPUTES[ichimokuTenkan]" time="0.002" /><testcase classname="tests.test_ast_arg_domain" name="test_the_WELL_ORDERED_call_still_SAVES_and_still_COMPUTES[macd]" time="0.002" /><testcase classname="tests.test_ast_arg_domain" name="test_the_SCREEN_CONSEQUENCE_is_gone__before_it_answered_0_at_full_coverage" time="0.001" /><testcase classname="tests.test_ast_arg_domain" name="test_EQUAL_periods_are_IN_domain__the_declaration_is_a_bound_not_an_order" time="0.002" /><testcase classname="tests.test_ast_arg_domain" name="test_a_NON_LITERAL_period_is_still_resolve_window__the_EARLIER_door_wins" time="0.001" /><testcase classname="tests.test_ast_arg_domain" name="test_a_NESTED_occurrence_refuses__the_pass_walks_every_call_not_the_root" time="0.001" /><testcase classname="tests.test_ast_arg_domain" name="test_an_ICHIMOKU_period_out_of_order_refuses_even_in_the_FORWARD_slot" time="0.001" /><testcase classname="tests.test_ast_arg_domain" name="test_the_two_lanes_refuse_with_a_BYTE_IDENTICAL_sentence" time="0.078" /><testcase classname="tests.test_ast_arg_roles" name="test_the_manifest_DECLARES_a_role_kind_and_ENTRIES_actually_use_it" time="0.002" /><testcase classname="tests.test_ast_arg_roles" name="test_EVERY_declared_kind_is_the_BOOLEAN_one_because_the_SENTENCE_says_so" time="0.001" /><testcase classname="tests.test_ast_arg_roles" name="test_a_PRICE_where_the_manifest_declares_a_CONDITION_is_refused_BY_NAME" time="0.001" /><testcase classname="tests.test_ast_arg_roles" name="test_a_REAL_condition_STILL_COMPUTES_and_the_column_is_not_constant" time="0.002" /><testcase classname="tests.test_ast_arg_roles" name="test_the_fixture_can_TELL_THEM_APART" time="0.002" /><testcase classname="tests.test_ast_arg_roles" name="test_EVERY_enforced_slot_refuses_a_price_and_accepts_a_condition[barssince-0-condition-bool]" time="0.002" /><testcase classname="tests.test_ast_arg_roles" name="test_EVERY_enforced_slot_refuses_a_price_and_accepts_a_condition[valuewhen-0-condition-bool]" time="0.002" /><testcase classname="tests.test_ast_arg_roles" name="test_an_entry_with_NO_enforced_role_is_UNTOUCHED" time="0.005" /><testcase classname="tests.test_ast_arg_roles" name="test_DELETING_the_guard_lets_the_bogus_tree_compute_a_confident_column[wire]" time="0.002" /><testcase classname="tests.test_ast_arg_roles" name="test_DELETING_the_guard_lets_the_bogus_tree_compute_a_confident_column[resolution]" time="0.002" /><testcase classname="tests.test_ast_arg_roles" name="test_the_defect_is_INVISIBLE_in_the_COMPARISON_TOO" time="0.002" /><testcase classname="tests.test_ast_arg_roles" name="test_the_ROLE_ROSTER_is_DATA_and_the_guard_actually_READS_it" time="0.001" /><testcase classname="tests.test_ast_arg_roles" name="test_the_JS_LANE_refuses_the_SAME_TREE_with_the_SAME_GUARD" time="0.084" /><testcase classname="tests.test_ast_arg_roles" name="test_NO_CONFORMANCE_CORPUS_ROW_IS_REFUSED_BY_THIS_GUARD" time="0.004" /><testcase classname="tests.test_ast_bounded_state" name="test_barssince_counts_to_the_last_true_bar_and_saturates_at_its_window" time="0.003" /><testcase classname="tests.test_ast_bounded_state" name="test_barssince_on_a_flat_series_is_the_SENTINEL_and_NOT_COMPUTABLE_before" time="0.002" /><testcase classname="tests.test_ast_bounded_state" name="test_barssince_answers_a_HIT_it_can_see_however_short_the_fetch" time="0.002" /><testcase classname="tests.test_ast_bounded_state" name="test_valuewhen_carries_the_last_true_bars_value_and_goes_blank_past_the_window" time="0.002" /><testcase classname="tests.test_ast_bounded_state" name="test_valuewhen_on_a_flat_series_never_carries_anything" time="0.002" /><testcase classname="tests.test_ast_bounded_state" name="test_highestbars_is_zero_at_a_fresh_high_and_points_back_at_the_local_one" time="0.002" /><testcase classname="tests.test_ast_bounded_state" name="test_lowestbars_points_back_at_the_lowest_bar_of_the_window" time="0.002" /><testcase classname="tests.test_ast_bounded_state" name="test_obvN_is_the_signed_volume_of_its_window_and_nothing_older" time="0.002" /><testcase classname="tests.test_ast_bounded_state" name="test_obvN_is_BOUNDED_BY_ITS_WINDOW_while_the_unbounded_level_runs_away" time="0.002" /><testcase classname="tests.test_ast_bounded_state" name="test_obvN_on_a_flat_series_is_EXACTLY_zero_rather_than_blank" time="0.002" /><testcase classname="tests.test_ast_bounded_state" name="test_obvN_answers_the_same_number_however_much_history_was_fetched" time="0.003" /><testcase classname="tests.test_ast_bounded_state" name="test_the_manifest_DECLARES_the_tie_break_rather_than_leaving_it_to_two_walkers" time="0.001" /><testcase classname="tests.test_ast_bounded_state" name="test_the_tie_break_is_MOST_RECENT_WINS_in_the_python_lane" time="0.001" /><testcase classname="tests.test_ast_bounded_state" name="test_the_tie_break_is_MOST_RECENT_WINS_in_the_js_lane_too" time="0.083" /><testcase classname="tests.test_ast_bounded_state" name="test_a_TOTAL_tie_reads_zero_in_both_lanes_and_that_is_the_flat_series_case" time="0.085" /><testcase classname="tests.test_ast_bounded_state" name="test_every_bounded_state_RULING_holds_in_the_JS_lane_on_its_own" time="0.257" /><testcase classname="tests.test_ast_bounded_state" name="test_the_tie_fixture_really_CONTAINS_a_tie_so_the_cases_above_are_not_vacuous" time="0.002" /><testcase classname="tests.test_ast_bounded_state" name="test_the_corpus_DOES_see_the_tie_break_and_here_is_how_much_of_it" time="0.011" /><testcase classname="tests.test_ast_bounded_state" name="test_NO_COPY_OF_THE_RETRACTED_CORPUS_BLINDNESS_CLAIM_SURVIVES" time="0.759" /><testcase classname="tests.test_ast_bounded_state" name="test_highestbars_agrees_with_highest_about_WHICH_bar_it_names" time="0.004" /><testcase classname="tests.test_ast_bounded_state" name="test_a_NaN_anywhere_in_the_window_blanks_the_offset_exactly_as_it_blanks_the_VALUE" time="0.004" /><testcase classname="tests.test_ast_bounded_state" name="test_a_HOLE_in_the_condition_withholds_the_sentinel_until_n_readable_bars_exist" time="0.004" /><testcase classname="tests.test_ast_bounded_state" name="test_the_INTERIOR_hole_fixture_really_holds_an_interior_hole" time="0.002" /><testcase classname="tests.test_ast_bounded_state" name="test_barssince_WITHHOLDS_the_sentinel_until_n_readable_bars_follow_a_hole" time="0.002" /><testcase classname="tests.test_ast_bounded_state" name="test_valuewhen_does_not_carry_a_value_ACROSS_an_interior_hole" time="0.002" /><testcase classname="tests.test_ast_bounded_state" name="test_the_answer_RESUMES_the_bar_after_the_hole_closes" time="0.004" /><testcase classname="tests.test_ast_bounded_state" name="test_a_bar_reader_never_ALSO_names_a_bar_field_and_an_argumentless_entry_reads_them" time="0.002" /><testcase classname="tests.test_ast_bounded_state" name="test_the_bar_reader_invariant_CATCHES_a_planted_violation_of_either_half" time="0.001" /><testcase classname="tests.test_ast_bounded_state" name="test_the_bounded_state_roster_is_DERIVED_and_the_derivation_can_FAIL" time="0.001" /><testcase classname="tests.test_ast_bounded_state" name="test_the_bounded_entries_declare_a_WINDOW_and_never_a_session" time="0.001" /><testcase classname="tests.test_ast_bounded_state" name="test_the_declared_lookback_is_an_UPPER_BOUND_on_the_warm_up_each_one_takes" time="0.007" /><testcase classname="tests.test_ast_bounded_state" name="test_wrapping_vwap_in_a_bounded_state_call_refuses_and_says_WHICH_budget_and_WHY" time="0.002" /><testcase classname="tests.test_ast_bounded_state" name="test_a_bounded_state_call_over_a_PLAIN_series_says_nothing_about_sessions" time="0.001" /><testcase classname="tests.test_ast_bounded_state" name="test_the_five_entries_FIT_the_budget_at_the_windows_a_member_types" time="0.002" /><testcase classname="tests.test_ast_bounded_state" name="test_the_obv_refusal_points_at_obvN_and_the_pointer_resolves" time="0.001" /><testcase classname="tests.test_ast_bounded_state" name="test_NOTHING_ELSE_IN_THE_REPO_still_says_OBV_is_excluded_for_the_OLD_reason" time="1.120" /><testcase classname="tests.test_ast_bounded_state" name="test_the_scan_lane_LAUNDERS_a_valuewhen_hole_into_a_confident_answer" time="0.003" /><testcase classname="tests.test_ast_bounded_state" name="test_the_manifest_DECLARES_the_NaN_prefix_and_names_what_a_scan_does_with_it" time="0.001" /><testcase classname="tests.test_ast_budget" name="test_every_cap_has_a_guard_and_every_guard_has_a_sentence" time="0.001" /><testcase classname="tests.test_ast_budget" name="test_the_two_lanes_hold_THE_SAME_THREE_NUMBERS_read_not_retyped" time="0.002" /><testcase classname="tests.test_ast_budget" name="test_the_refusal_sentences_are_disjoint_from_every_other_guards" time="0.001" /><testcase classname="tests.test_ast_budget" name="test_the_caps_have_headroom_over_everything_this_repo_ships" time="0.005" /><testcase classname="tests.test_ast_budget" name="test_a_session_anchored_call_SATURATES_the_lookback_budget" time="0.002" /><testcase classname="tests.test_ast_budget" name="test_a_budget_is_checked_at_REGISTRATION_and_again_at_COMPUTE" time="0.002" /><testcase classname="tests.test_ast_budget" name="test_the_refusal_is_a_TableRefusal_by_INHERITANCE_not_by_resemblance" time="0.002" /><testcase classname="tests.test_ast_budget" name="test_each_cap_admits_AT_the_boundary_and_refuses_ONE_over_it[maxLookback-budget:lookback]" time="0.002" /><testcase classname="tests.test_ast_budget" name="test_each_cap_admits_AT_the_boundary_and_refuses_ONE_over_it[maxNodes-budget:nodes]" time="0.004" /><testcase classname="tests.test_ast_budget" name="test_each_cap_admits_AT_the_boundary_and_refuses_ONE_over_it[maxSeriesRefs-budget:series]" time="0.002" /><testcase classname="tests.test_ast_budget" name="test_the_lookback_budget_is_a_TREE_SUM_not_the_largest_single_argument" time="0.001" /><testcase classname="tests.test_ast_budget" name="test_a_stored_budget_overrides_the_default_DOWNWARD_ONLY" time="0.001" /><testcase classname="tests.test_ast_budget" name="test_the_clamp_is_INSIDE_the_check_so_no_caller_can_route_around_it" time="0.002" /><testcase classname="tests.test_ast_budget" name="test_a_malformed_stored_budget_falls_back_to_the_CEILING_never_above_it[None]" time="0.001" /><testcase classname="tests.test_ast_budget" name="test_a_malformed_stored_budget_falls_back_to_the_CEILING_never_above_it[lots]" time="0.001" /><testcase classname="tests.test_ast_budget" name="test_a_malformed_stored_budget_falls_back_to_the_CEILING_never_above_it[junk2]" time="0.001" /><testcase classname="tests.test_ast_budget" name="test_a_malformed_stored_budget_falls_back_to_the_CEILING_never_above_it[junk3]" time="0.001" /><testcase classname="tests.test_ast_budget" name="test_a_malformed_stored_budget_falls_back_to_the_CEILING_never_above_it[7]" time="0.001" /><testcase classname="tests.test_ast_budget" name="test_a_malformed_stored_budget_falls_back_to_the_CEILING_never_above_it[junk5]" time="0.001" /><testcase classname="tests.test_ast_budget" name="test_a_malformed_stored_budget_falls_back_to_the_CEILING_never_above_it[junk6]" time="0.001" /><testcase classname="tests.test_ast_budget" name="test_a_malformed_stored_budget_falls_back_to_the_CEILING_never_above_it[junk7]" time="0.001" /><testcase classname="tests.test_ast_budget" name="test_a_malformed_stored_budget_falls_back_to_the_CEILING_never_above_it[junk8]" time="0.001" /><testcase classname="tests.test_ast_budget" name="test_a_malformed_stored_budget_falls_back_to_the_CEILING_never_above_it[junk9]" time="0.001" /><testcase classname="tests.test_ast_budget" name="test_a_malformed_stored_budget_falls_back_to_the_CEILING_never_above_it[junk10]" time="0.001" /><testcase classname="tests.test_ast_budget" name="test_an_undeclared_cap_key_is_ignored_rather_than_absorbed" time="0.001" /><testcase classname="tests.test_ast_budget" name="test_the_corpus_carries_a_case_for_EVERY_cap_named_not_counted" time="0.001" /><testcase classname="tests.test_ast_budget" name="test_a_refusal_that_belongs_to_another_guard_is_never_relabelled_as_a_budget_one" time="0.002" /><testcase classname="tests.test_ast_budget" name="test_max_lookback_answers_0_for_an_undeclared_series_and_it_CANNOT_BITE" time="0.002" /><testcase classname="tests.test_ast_budget" name="test_the_scanner_FINDS_a_relabelling_except_the_positive_control_first" time="0.001" /><testcase classname="tests.test_ast_budget" name="test_neither_the_budget_nor_the_interpreter_contains_a_single_try" time="0.042" /><testcase classname="tests.test_ast_budget" name="test_a_stack_overflow_raises_RecursionError_and_NEVER_a_TableRefusal" time="0.003" /><testcase classname="tests.test_ast_budget" name="test_the_measurements_survive_the_tree_that_kills_the_walker" time="0.046" /><testcase classname="tests.test_ast_budget" name="test_either_module_may_be_imported_first" time="0.072" /><testcase classname="tests.test_ast_clock_parity" name="test_every_clock_column_matches_the_other_lane_bar_for_bar" time="0.004" /><testcase classname="tests.test_ast_clock_parity" name="test_the_fixture_actually_spans_a_DST_CHANGE_and_a_WEEKEND" time="0.001" /><testcase classname="tests.test_ast_clock_parity" name="test_the_timeframe_booleans_agree_on_EVERY_code_INCLUDING_the_refused_ones" time="0.009" /><testcase classname="tests.test_ast_clock_parity" name="test_an_absent_tf_FAILS_CLOSED_and_never_guesses_a_default" time="0.002" /><testcase classname="tests.test_ast_clock_parity" name="test_a_series_that_is_not_in_SECONDS_refuses_the_TIME_columns_and_only_those" time="0.003" /><testcase classname="tests.test_ast_clock_parity" name="test_sessionfirst_is_WINDOW_INDEPENDENT_and_declares_the_bar_it_reads" time="0.002" /><testcase classname="tests.test_ast_clock_parity" name="test_a_clock_leaf_is_LIVE_and_NON_REPAINTING_and_both_branches_can_be_DELETED" time="0.002" /><testcase classname="tests.test_ast_clock_parity" name="test_a_clock_leafs_REACH_is_the_manifests_own_lookback_not_a_hardcoded_zero" time="0.001" /><testcase classname="tests.test_ast_clock_parity" name="test_the_five_ZERO_ONE_clock_values_are_DECLARED_bool_and_a_consumer_READS_it" time="0.001" /><testcase classname="tests.test_ast_clock_parity" name="test_the_manifest_is_the_authority_over_WHICH_names_exist" time="0.002" /><testcase classname="tests.test_ast_clock_parity" name="test_the_wiring_guard_runs_WITHOUT_paying_for_the_lazy_seed" time="0.002" /><testcase classname="tests.test_ast_clock_parity" name="test_compute_clock_produces_EXACTLY_the_declared_names" time="0.001" /><testcase classname="tests.test_ast_conformance" name="test_the_corpus_is_hand_written_and_every_case_states_why" time="0.002" /><testcase classname="tests.test_ast_conformance" name="test_every_corpus_ast_uses_only_the_four_canonical_node_types" time="0.003" /><testcase classname="tests.test_ast_conformance" name="test_the_corpus_reads_the_same_579_bar_series_as_the_pixel_gate" time="0.009" /><testcase classname="tests.test_ast_conformance" name="test_names_in_walks_the_whole_tree_including_a_deeply_planted_name" time="0.008" /><testcase classname="tests.test_ast_conformance" name="test_the_coverage_floor_is_derived_from_the_manifest_and_never_a_literal" time="0.012" /><testcase classname="tests.test_ast_conformance" name="test_the_source_rail_can_actually_see_a_hand_listed_floor" time="0.001" /><testcase classname="tests.test_ast_conformance" name="test_a_planted_uncovered_table_entry_aborts_the_coverage_rail" time="0.003" /><testcase classname="tests.test_ast_conformance" name="test_the_coverage_rail_passes_on_a_manifest_the_corpus_does_cover" time="0.001" /><testcase classname="tests.test_ast_conformance" name="test_a_corpus_name_the_table_does_not_declare_also_aborts" time="0.002" /><testcase classname="tests.test_ast_conformance" name="test_the_real_manifest_is_covered_by_the_corpus" time="0.003" /><testcase classname="tests.test_ast_conformance" name="test_a_cases_own_DECLARED_input_is_not_a_stray_name" time="0.001" /><testcase classname="tests.test_ast_conformance" name="test_an_input_that_SHADOWS_a_table_name_aborts_the_coverage_rail" time="0.001" /><testcase classname="tests.test_ast_conformance" name="test_BOTH_lanes_read_their_inputs_through_the_SAME_reader" time="0.020" /><testcase classname="tests.test_ast_conformance" name="test_control_the_call_walk_can_see_an_absent_reader" time="0.001" /><testcase classname="tests.test_ast_conformance" name="test_NEITHER_lane_takes_a_second_channel_for_an_input_map" time="0.020" /><testcase classname="tests.test_ast_conformance" name="test_case_inputs_reads_the_map_off_the_case_and_defaults_to_empty" time="0.001" /><testcase classname="tests.test_ast_conformance" name="test_no_committed_corpus_case_declares_inputs_so_the_frozen_LOG_cannot_have_moved" time="0.004" /><testcase classname="tests.test_ast_conformance" name="test_an_input_referencing_TREE_is_evaluated_and_AGREES_across_both_lanes" time="0.093" /><testcase classname="tests.test_ast_conformance" name="test_control_the_SAME_tree_with_no_inputs_is_refused_by_BOTH_lanes" time="0.093" /><testcase classname="tests.test_ast_conformance" name="test_every_escape_case_states_a_guard_a_fragment_and_a_reason" time="0.005" /><testcase classname="tests.test_ast_conformance" name="test_refusal_fragments_are_disjoint_across_guards" time="0.004" /><testcase classname="tests.test_ast_conformance" name="test_the_escape_census_reads_non_zero_through_the_unguarded_walker" time="0.014" /><testcase classname="tests.test_ast_conformance" name="test_the_unguarded_walker_really_reaches_dangerous_lane_native_values" time="0.013" /><testcase classname="tests.test_ast_conformance" name="test_a_parser_refused_case_is_never_counted_as_refused" time="0.006" /><testcase classname="tests.test_ast_conformance" name="test_an_empty_escape_corpus_refuses_rather_than_reporting_zero" time="0.006" /><testcase classname="tests.test_ast_conformance" name="test_the_verdict_refuses_a_zero_whose_control_read_zero" time="0.001" /><testcase classname="tests.test_ast_conformance" name="test_the_verdict_refuses_a_control_that_is_not_the_unguarded_run" time="0.001" /><testcase classname="tests.test_ast_conformance" name="test_the_verdict_passes_only_with_a_live_control" time="0.001" /><testcase classname="tests.test_ast_conformance" name="test_a_guarded_leak_and_an_absent_guard_have_DIFFERENT_exit_codes" time="0.001" /><testcase classname="tests.test_ast_conformance" name="test_the_census_today_is_wide_open_and_that_is_recorded_not_hidden" time="0.015" /><testcase classname="tests.test_ast_conformance" name="test_run_js_refuses_when_the_js_interpreter_does_not_exist" time="0.001"><skipped type="pytest.skip" message="Task 4 has landed; this rail is superseded by --check">/home/runner/work/UCT-Dashboard/UCT-Dashboard/tests/test_ast_conformance.py:663: Task 4 has landed; this rail is superseded by --check</skipped></testcase><testcase classname="tests.test_ast_conformance" name="test_run_py_refuses_when_the_python_interpreter_does_not_exist" time="0.001"><skipped type="pytest.skip" message="Task 5 has landed; this rail is superseded by --check">/home/runner/work/UCT-Dashboard/UCT-Dashboard/tests/test_ast_conformance.py:670: Task 5 has landed; this rail is superseded by --check</skipped></testcase><testcase classname="tests.test_ast_conformance" name="test_compare_lanes_reports_a_disagreement_at_ten_times_the_tolerance" time="0.001" /><testcase classname="tests.test_ast_conformance" name="test_compare_lanes_agrees_a_tenth_below_the_tolerance" time="0.001" /><testcase classname="tests.test_ast_conformance" name="test_compare_lanes_treats_nan_as_agreeing_with_nan_but_not_with_a_number" time="0.001" /><testcase classname="tests.test_ast_conformance" name="test_compare_lanes_refuses_an_empty_lane" time="0.001" /><testcase classname="tests.test_ast_conformance" name="test_compare_lanes_refuses_lanes_that_do_not_carry_the_same_cases" time="0.001" /><testcase classname="tests.test_ast_conformance" name="test_compare_lanes_refuses_columns_of_different_lengths" time="0.001" /><testcase classname="tests.test_ast_conformance" name="test_compare_lanes_scales_by_MAGNITUDE_so_volume_is_not_a_free_pass" time="0.001" /><testcase classname="tests.test_ast_conformance" name="test_ast_digest_puts_the_value_inside_the_hashed_text" time="0.001" /><testcase classname="tests.test_ast_conformance" name="test_ast_digest_moves_when_only_the_ast_id_changes" time="0.001" /><testcase classname="tests.test_ast_conformance" name="test_ast_digest_is_order_sensitive" time="0.001" /><testcase classname="tests.test_ast_conformance" name="test_ast_digest_is_stable_across_calls" time="0.001" /><testcase classname="tests.test_ast_conformance" name="test_ast_digest_separators_are_not_NUL_bytes" time="0.001" /><testcase classname="tests.test_ast_conformance" name="test_ast_digest_distinguishes_1_from_1_point_0" time="0.001" /><testcase classname="tests.test_ast_conformance" name="test_record_refuses_while_there_is_only_one_lane" time="0.001"><skipped type="pytest.skip" message="both lanes exist; Task 5 owns --record from here">/home/runner/work/UCT-Dashboard/UCT-Dashboard/tests/test_ast_conformance.py:785: both lanes exist; Task 5 owns --record from here</skipped></testcase><testcase classname="tests.test_ast_conformance" name="test_check_refuses_while_there_is_no_frozen_log" time="0.001"><skipped type="pytest.skip" message="the conformance log exists; --check is the real gate now">/home/runner/work/UCT-Dashboard/UCT-Dashboard/tests/test_ast_conformance.py:791: the conformance log exists; --check is the real gate now</skipped></testcase><testcase classname="tests.test_ast_conformance" name="test_a_declared_allNaN_case_records_and_checks_GREEN" time="0.002" /><testcase classname="tests.test_ast_conformance" name="test_an_UNDECLARED_allNaN_case_still_refuses" time="0.002" /><testcase classname="tests.test_ast_conformance" name="test_a_declared_allNaN_case_that_is_actually_finite_refuses_BY_NAME" time="0.001" /><testcase classname="tests.test_ast_conformance" name="test_the_escapes_cli_reports_non_zero_and_exits_no_guard_today" time="0.001"><skipped type="pytest.skip" message="a guarded interpreter exists; Task 6 owns this exit code">/home/runner/work/UCT-Dashboard/UCT-Dashboard/tests/test_ast_conformance.py:898: a guarded interpreter exists; Task 6 owns this exit code</skipped></testcase><testcase classname="tests.test_ast_conformance" name="test_the_guarded_census_offers_each_case_to_the_DOOR_ITS_CLAIM_IS_ABOUT" time="0.181" /><testcase classname="tests.test_ast_conformance" name="test_a_zero_whose_refusals_came_from_the_WRONG_DOOR_cannot_exit_zero" time="0.002" /><testcase classname="tests.test_ast_conformance" name="test_a_zero_the_two_lanes_DISAGREE_about_cannot_exit_zero" time="0.001" /><testcase classname="tests.test_ast_conformance" name="test_the_guarded_census_REFUSES_when_the_only_parser_is_missing" time="0.024" /><testcase classname="tests.test_ast_conformance" name="test_the_canonical_tree_cannot_LOSE_NODES_crossing_the_lane_boundary" time="0.002" /><testcase classname="tests.test_ast_conformance" name="test_the_series_chain_generator_reads_the_MANIFEST_rather_than_typing_names" time="0.013" /><testcase classname="tests.test_ast_conformance" name="test_the_generated_tree_is_the_size_it_claims" time="0.005" /><testcase classname="tests.test_ast_conformance" name="test_the_generator_refuses_a_spec_it_does_not_know" time="0.001" /><testcase classname="tests.test_ast_conformance" name="test_the_gauntlets_abort_messages_are_disjoint_and_every_killer_is_unique" time="0.015" /><testcase classname="tests.test_ast_conformance" name="test_the_gauntlet_reads_its_counts_from_the_summary_line_not_from_prose" time="0.001" /><testcase classname="tests.test_ast_conformance" name="test_the_gauntlet_guards_every_fixture_a_mutation_can_reach" time="0.002" /><testcase classname="tests.test_ast_indicators" name="test_the_acceptance_expression_is_a_SCAN_on_the_python_lane" time="0.002" /><testcase classname="tests.test_ast_indicators" name="test_the_acceptance_expression_LINTS_non_repainting_with_a_tree_sum_lookback" time="0.002" /><testcase classname="tests.test_ast_indicators" name="test_the_acceptance_expression_is_LIVE_not_as_of_a_snapshot" time="0.002" /><testcase classname="tests.test_ast_indicators" name="test_the_acceptance_expression_EVALUATES_to_a_0_1_column" time="0.004" /><testcase classname="tests.test_ast_indicators" name="test_the_lagging_span_lints_PREVIEW_REPAINTS_and_the_forward_ROSTER_is_pinned" time="0.005" /><testcase classname="tests.test_ast_indicators" name="test_the_lagging_span_really_does_read_a_LATER_bar" time="0.004" /><testcase classname="tests.test_ast_indicators" name="test_every_refused_indicator_is_STILL_refused_and_says_why" time="0.001" /><testcase classname="tests.test_ast_indicators" name="test_our_atr_IS_WILDER_and_the_difference_from_pine_is_the_SEED" time="0.003" /><testcase classname="tests.test_ast_indicators" name="test_every_function_PINS_ITS_ARGUMENT_ORDER_for_the_translators" time="0.002" /><testcase classname="tests.test_ast_indicators" name="test_the_two_documented_compositions_are_the_columns_they_replace" time="0.005" /><testcase classname="tests.test_ast_inputs_end_to_end" name="test_an_input_referencing_formula_is_LINTED_CLEAN_by_the_shipped_linter" time="0.020" /><testcase classname="tests.test_ast_inputs_end_to_end" name="test_the_arm_ADMITS_it_through_the_real_gates_on_real_bars" time="0.099" /><testcase classname="tests.test_ast_inputs_end_to_end" name="test_the_armed_alert_FIRES_on_the_value_the_INPUT_actually_produces" time="0.102" /><testcase classname="tests.test_ast_inputs_end_to_end" name="test_the_router_level_create_path_arms_it_end_to_end" time="0.110" /><testcase classname="tests.test_ast_inputs_end_to_end" name="test_the_CROSS_LANE_PROOF_is_taken_on_the_inputs_PRODUCTION_uses" time="0.181" /><testcase classname="tests.test_ast_inputs_end_to_end" name="test_an_UNDECLARED_name_is_still_repaints_and_still_refused" time="0.011" /><testcase classname="tests.test_ast_inputs_end_to_end" name="test_a_declared_input_may_NOT_decide_a_WINDOW" time="0.010" /><testcase classname="tests.test_ast_inputs_end_to_end" name="test_the_input_is_the_DEFINITIONS_and_a_caller_cannot_widen_it" time="0.007" /><testcase classname="tests.test_ast_inputs_end_to_end" name="test_the_OLD_spelling_declares_nothing_so_there_is_ONE_vocabulary" time="0.009" /><testcase classname="tests.test_ast_inputs_end_to_end" name="test_an_input_that_SHADOWS_a_table_series_never_changes_what_close_means" time="0.007" /><testcase classname="tests.test_ast_interpret" name="test_the_python_lane_reads_the_SAME_manifest_file_the_js_lane_imports" time="0.001" /><testcase classname="tests.test_ast_interpret" name="test_load_manifest_really_READS_bytes_and_is_not_a_constant" time="0.003" /><testcase classname="tests.test_ast_interpret" name="test_a_missing_manifest_REFUSES_and_names_the_file" time="0.002" /><testcase classname="tests.test_ast_interpret" name="test_ast_table_SPELLS_NO_TABLE_NAME_so_it_cannot_be_a_hand_copy" time="0.004" /><testcase classname="tests.test_ast_interpret" name="test_the_hand_copy_probe_can_actually_FIND_a_hand_copy" time="0.002" /><testcase classname="tests.test_ast_interpret" name="test_every_declared_FUNCTION_has_an_implementation_and_vice_versa" time="0.003" /><testcase classname="tests.test_ast_interpret" name="test_every_declared_OPERATOR_is_implemented_and_vice_versa" time="0.001" /><testcase classname="tests.test_ast_interpret" name="test_every_declared_SERIES_is_seeded_and_reads_the_DECLARED_bar_field" time="0.002" /><testcase classname="tests.test_ast_interpret" name="test_a_planted_manifest_entry_lands_RED" time="0.003" /><testcase classname="tests.test_ast_interpret" name="test_the_node_types_are_DERIVED_from_the_committed_corpus" time="0.003" /><testcase classname="tests.test_ast_interpret" name="test_a_name_outside_the_table_RAISES_and_says_what_is_legal" time="0.002" /><testcase classname="tests.test_ast_interpret" name="test_every_lane_native_reach_is_refused_by_name[keys]" time="0.002" /><testcase classname="tests.test_ast_interpret" name="test_every_lane_native_reach_is_refused_by_name[items]" time="0.002" /><testcase classname="tests.test_ast_interpret" name="test_every_lane_native_reach_is_refused_by_name[values]" time="0.002" /><testcase classname="tests.test_ast_interpret" name="test_every_lane_native_reach_is_refused_by_name[get]" time="0.002" /><testcase classname="tests.test_ast_interpret" name="test_every_lane_native_reach_is_refused_by_name[pop]" time="0.002" /><testcase classname="tests.test_ast_interpret" name="test_every_lane_native_reach_is_refused_by_name[update]" time="0.002" /><testcase classname="tests.test_ast_interpret" name="test_every_lane_native_reach_is_refused_by_name[setdefault]" time="0.002" /><testcase classname="tests.test_ast_interpret" name="test_every_lane_native_reach_is_refused_by_name[clear]" time="0.002" /><testcase classname="tests.test_ast_interpret" name="test_every_lane_native_reach_is_refused_by_name[__class__]" time="0.002" /><testcase classname="tests.test_ast_interpret" name="test_every_lane_native_reach_is_refused_by_name[__init__]" time="0.002" /><testcase classname="tests.test_ast_interpret" name="test_every_lane_native_reach_is_refused_by_name[__getitem__]" time="0.002" /><testcase classname="tests.test_ast_interpret" name="test_every_lane_native_reach_is_refused_by_name[__dict__]" time="0.002" /><testcase classname="tests.test_ast_interpret" name="test_every_lane_native_reach_is_refused_by_name[__doc__]" time="0.002" /><testcase classname="tests.test_ast_interpret" name="test_every_lane_native_reach_is_refused_by_name[eval]" time="0.002" /><testcase classname="tests.test_ast_interpret" name="test_every_lane_native_reach_is_refused_by_name[exec]" time="0.002" /><testcase classname="tests.test_ast_interpret" name="test_every_lane_native_reach_is_refused_by_name[compile]" time="0.002" /><testcase classname="tests.test_ast_interpret" name="test_every_lane_native_reach_is_refused_by_name[globals]" time="0.002" /><testcase classname="tests.test_ast_interpret" name="test_every_lane_native_reach_is_refused_by_name[locals]" time="0.002" /><testcase classname="tests.test_ast_interpret" name="test_every_lane_native_reach_is_refused_by_name[getattr]" time="0.002" /><testcase classname="tests.test_ast_interpret" name="test_every_lane_native_reach_is_refused_by_name[__builtins__]" time="0.002" /><testcase classname="tests.test_ast_interpret" name="test_open_resolves_to_the_SERIES_and_never_to_the_builtin" time="0.001" /><testcase classname="tests.test_ast_interpret" name="test_a_function_name_is_not_a_series_name_and_vice_versa" time="0.002" /><testcase classname="tests.test_ast_interpret" name="test_an_input_may_not_shadow_a_table_name_and_that_is_NOT_a_table_refusal" time="0.002" /><testcase classname="tests.test_ast_interpret" name="test_an_input_that_is_not_a_finite_number_is_NOT_SEEDED_AT_ALL" time="0.002" /><testcase classname="tests.test_ast_interpret" name="test_a_node_outside_the_four_canonical_types_REFUSES[node0-a jsep Identifier]" time="0.002" /><testcase classname="tests.test_ast_interpret" name="test_a_node_outside_the_four_canonical_types_REFUSES[node1-a jsep member read]" time="0.001" /><testcase classname="tests.test_ast_interpret" name="test_a_node_outside_the_four_canonical_types_REFUSES[node2-`this`]" time="0.001" /><testcase classname="tests.test_ast_interpret" name="test_a_node_outside_the_four_canonical_types_REFUSES[node3-an array literal]" time="0.002" /><testcase classname="tests.test_ast_interpret" name="test_a_node_outside_the_four_canonical_types_REFUSES[node4-a boolean node type that does not exist]" time="0.001" /><testcase classname="tests.test_ast_interpret" name="test_a_node_outside_the_four_canonical_types_REFUSES[node5-no type at all]" time="0.001" /><testcase classname="tests.test_ast_interpret" name="test_a_node_outside_the_four_canonical_types_REFUSES[close-a bare string]" time="0.001" /><testcase classname="tests.test_ast_interpret" name="test_a_node_outside_the_four_canonical_types_REFUSES[node7-a list where a node belongs]" time="0.001" /><testcase classname="tests.test_ast_interpret" name="test_a_node_outside_the_four_canonical_types_REFUSES[None-None]" time="0.001" /><testcase classname="tests.test_ast_interpret" name="test_an_op_or_call_node_without_an_args_LIST_refuses" time="0.002" /><testcase classname="tests.test_ast_interpret" name="test_a_num_node_must_carry_a_FINITE_number_and_never_a_bool" time="0.002" /><testcase classname="tests.test_ast_interpret" name="test_an_operator_outside_the_table_refuses_with_its_OWN_guard" time="0.002" /><testcase classname="tests.test_ast_interpret" name="test_the_six_refusal_sentences_are_PAIRWISE_DISJOINT" time="0.001" /><testcase classname="tests.test_ast_interpret" name="test_every_declared_guard_is_REACHABLE_and_every_reachable_guard_is_DECLARED" time="0.008" /><testcase classname="tests.test_ast_interpret" name="test_the_two_lanes_refuse_with_THE_SAME_SIX_SENTENCES" time="0.076" /><testcase classname="tests.test_ast_interpret" name="test_the_logical_operators_yield_0_or_1_and_NEVER_a_VALUE" time="0.003" /><testcase classname="tests.test_ast_interpret" name="test_NaN_PROPAGATES_through_and_or_not_and_the_ternary" time="0.002" /><testcase classname="tests.test_ast_interpret" name="test_a_comparison_against_NaN_is_ZERO_not_NaN" time="0.002" /><testcase classname="tests.test_ast_interpret" name="test_truthiness_is_x_not_equal_to_zero_and_a_negative_is_TRUE" time="0.002" /><testcase classname="tests.test_ast_interpret" name="test_crossOver_and_crossUnder_are_0_1_or_None_BY_TYPE" time="0.002" /><testcase classname="tests.test_ast_interpret" name="test_every_comparison_and_logical_column_is_in_the_domain_BY_TYPE" time="0.002" /><testcase classname="tests.test_ast_interpret" name="test_the_domain_assertion_CATCHES_A_PLANTED_BOOL_that_every_value_check_misses" time="0.002" /><testcase classname="tests.test_ast_interpret" name="test_a_bool_reaching_a_column_RAISES_rather_than_coercing_to_1" time="0.002" /><testcase classname="tests.test_ast_interpret" name="test_every_column_is_exactly_len_bars_even_for_a_SCALAR_formula" time="0.002" /><testcase classname="tests.test_ast_interpret" name="test_the_warmup_pad_is_None_and_is_NEVER_a_fabricated_zero" time="0.002" /><testcase classname="tests.test_ast_interpret" name="test_a_missing_bar_field_is_a_hole_and_not_a_price_of_zero" time="0.002" /><testcase classname="tests.test_ast_interpret" name="test_division_by_zero_answers_the_IEEE_HOLE_and_never_raises" time="0.002" /><testcase classname="tests.test_ast_interpret" name="test_min_and_max_PROPAGATE_NaN_rather_than_meeting_it_first" time="0.002" /><testcase classname="tests.test_ast_interpret" name="test_stdev_is_the_POPULATION_divisor_and_the_two_are_DISTINGUISHABLE_here" time="0.002" /><testcase classname="tests.test_ast_interpret" name="test_ema_RESTARTS_its_seed_after_a_hole_and_never_averages_bars_it_never_saw" time="0.002" /><testcase classname="tests.test_ast_interpret" name="test_max_lookback_is_the_SUM_ALONG_THE_PATH[ast0-0]" time="0.001" /><testcase classname="tests.test_ast_interpret" name="test_max_lookback_is_the_SUM_ALONG_THE_PATH[ast1-0]" time="0.001" /><testcase classname="tests.test_ast_interpret" name="test_max_lookback_is_the_SUM_ALONG_THE_PATH[ast2-20]" time="0.002" /><testcase classname="tests.test_ast_interpret" name="test_max_lookback_is_the_SUM_ALONG_THE_PATH[ast3-200]" time="0.002" /><testcase classname="tests.test_ast_interpret" name="test_max_lookback_is_the_SUM_ALONG_THE_PATH[ast4-10000]" time="0.001" /><testcase classname="tests.test_ast_interpret" name="test_max_lookback_is_the_SUM_ALONG_THE_PATH[ast5-100000]" time="0.002" /><testcase classname="tests.test_ast_interpret" name="test_max_lookback_is_the_SUM_ALONG_THE_PATH[ast6-22]" time="0.002" /><testcase classname="tests.test_ast_interpret" name="test_the_measurements_are_ITERATIVE_and_survive_a_tree_that_kills_the_walker" time="0.226" /><testcase classname="tests.test_ast_interpret" name="test_a_window_must_be_a_WHOLE_NUMBER_LITERAL_of_at_least_one" time="0.003" /><testcase classname="tests.test_ast_interpret" name="test_wrong_arity_refuses_rather_than_producing_a_silent_all_NaN_column" time="0.002" /><testcase classname="tests.test_ast_interpret" name="test_the_walker_is_PURE_and_mutates_neither_bars_nor_inputs_nor_its_own_output" time="0.002" /><testcase classname="tests.test_ast_interpret" name="test_the_js_driver_carries_the_WARMUP_NULL_and_never_a_fabricated_ZERO" time="0.084" /><testcase classname="tests.test_ast_interpret" name="test_the_escape_census_ZERO_is_ATTRIBUTABLE_and_the_reconciliation_says_so" time="0.185" /><testcase classname="tests.test_ast_interpret" name="test_the_shared_TABLE_cannot_be_edited_by_a_caller" time="0.002" /><testcase classname="tests.test_ast_interpret" name="test_the_left_edge_of_an_offset_is_NOT_COMPUTABLE_never_zero" time="0.002" /><testcase classname="tests.test_ast_interpret" name="test_a_zero_offset_shifts_nothing_and_pads_nothing" time="0.002" /><testcase classname="tests.test_ast_interpret" name="test_max_lookback_stays_a_TREE_SUM_through_an_offset" time="0.002" /><testcase classname="tests.test_ast_interpret" name="test_the_offset_ceiling_IS_the_existing_lookback_budget" time="0.002" /><testcase classname="tests.test_ast_interpret" name="test_a_STORED_offset_that_is_not_a_backward_whole_number_REFUSES[-1]" time="0.002" /><testcase classname="tests.test_ast_interpret" name="test_a_STORED_offset_that_is_not_a_backward_whole_number_REFUSES[-26]" time="0.002" /><testcase classname="tests.test_ast_interpret" name="test_a_STORED_offset_that_is_not_a_backward_whole_number_REFUSES[1.5]" time="0.002" /><testcase classname="tests.test_ast_interpret" name="test_a_STORED_offset_that_is_not_a_backward_whole_number_REFUSES[3]" time="0.002" /><testcase classname="tests.test_ast_interpret" name="test_a_STORED_offset_that_is_not_a_backward_whole_number_REFUSES[None]" time="0.001" /><testcase classname="tests.test_ast_interpret" name="test_a_STORED_offset_that_is_not_a_backward_whole_number_REFUSES[True]" time="0.001" /><testcase classname="tests.test_ast_interpret" name="test_a_STORED_offset_with_the_wrong_child_count_REFUSES[args0]" time="0.001" /><testcase classname="tests.test_ast_interpret" name="test_a_STORED_offset_with_the_wrong_child_count_REFUSES[args1]" time="0.002" /><testcase classname="tests.test_ast_interpret" name="test_the_child_of_an_offset_is_ANY_expression" time="0.002" /><testcase classname="tests.test_ast_interpret" name="test_NaN_propagates_through_the_shift_rather_than_being_filled" time="0.002" /><testcase classname="tests.test_ast_interpret" name="test_the_offset_counts_toward_node_count_and_series_refs" time="0.002" /><testcase classname="tests.test_ast_interpret" name="test_unresolved_lookback_counts_the_offset_too" time="0.001" /><testcase classname="tests.test_ast_interpret" name="test_cumFrom_reads_the_SAME_number_off_a_short_fetch_and_a_long_one" time="0.003" /><testcase classname="tests.test_ast_interpret" name="test_cumFrom_refuses_an_anchor_the_fetch_cannot_place_and_ACCEPTS_one_on_bar_zero" time="0.004" /><testcase classname="tests.test_ast_interpret" name="test_cumFrom_stops_at_the_reach_it_DECLARES" time="0.003" /><testcase classname="tests.test_ast_interpret" name="test_a_hole_in_the_cumFrom_source_is_STICKY_and_nz_is_the_members_answer" time="0.004" /><testcase classname="tests.test_ast_interpret" name="test_a_bar_with_no_instant_BLANKS_the_cumFrom_column_rather_than_crashing" time="0.003" /><testcase classname="tests.test_ast_interpret" name="test_a_MIXED_UNIT_store_BLANKS_the_cumFrom_column_and_is_why_the_guard_is_BACK" time="0.003" /><testcase classname="tests.test_ast_interpret" name="test_a_date_shaped_cumFrom_anchor_refuses_BY_NAME_and_a_short_history_does_not" time="0.003" /><testcase classname="tests.test_ast_interpret" name="test_the_reach_is_an_ARGUMENT_because_a_session_wide_one_could_not_hold_the_obv" time="0.002" /><testcase classname="tests.test_ast_interpret" name="test_cumFrom_is_the_first_bar_reader_taking_a_series_and_names_no_bar_field" time="0.002" /><testcase classname="tests.test_ast_interpret" name="test_the_scan_lane_ADMITS_a_cumFrom_comparison_and_NAMES_it_when_it_cannot_answer" time="0.003" /><testcase classname="tests.test_ast_lint" name="test_every_corpus_case_gets_the_verdict_it_declares[future_index]" time="0.002" /><testcase classname="tests.test_ast_lint" name="test_every_corpus_case_gets_the_verdict_it_declares[centred_window]" time="0.002" /><testcase classname="tests.test_ast_lint" name="test_every_corpus_case_gets_the_verdict_it_declares[future_offset_series]" time="0.002" /><testcase classname="tests.test_ast_lint" name="test_every_corpus_case_gets_the_verdict_it_declares[unbounded_forward]" time="0.002" /><testcase classname="tests.test_ast_lint" name="test_every_corpus_case_gets_the_verdict_it_declares[unknown_function]" time="0.002" /><testcase classname="tests.test_ast_lint" name="test_every_corpus_case_gets_the_verdict_it_declares[computed_window]" time="0.002" /><testcase classname="tests.test_ast_lint" name="test_every_corpus_case_gets_the_verdict_it_declares[unknown_series]" time="0.002" /><testcase classname="tests.test_ast_lint" name="test_every_corpus_case_gets_the_verdict_it_declares[plain_sma]" time="0.002" /><testcase classname="tests.test_ast_lint" name="test_every_corpus_case_gets_the_verdict_it_declares[cross_of_emas]" time="0.002" /><testcase classname="tests.test_ast_lint" name="test_every_corpus_case_gets_the_verdict_it_declares[nested_arithmetic]" time="0.002" /><testcase classname="tests.test_ast_lint" name="test_every_corpus_case_gets_the_verdict_it_declares[ternary_gate]" time="0.002" /><testcase classname="tests.test_ast_lint" name="test_the_corpus_is_not_degenerate_in_either_direction" time="0.002" /><testcase classname="tests.test_ast_lint" name="test_the_two_lanes_read_the_same_corpus_file_and_the_same_vocabulary" time="0.002" /><testcase classname="tests.test_ast_lint" name="test_no_evaluator_is_reachable_from_the_linter" time="0.007" /><testcase classname="tests.test_ast_lint" name="test_the_forward_reach_comes_out_of_the_declared_window" time="0.002" /><testcase classname="tests.test_ast_lint" name="test_the_linter_carries_no_offset_table_of_its_own" time="0.007" /><testcase classname="tests.test_ast_lint" name="test_max_lookback_is_the_backward_window_and_never_a_forward_bound" time="0.002" /><testcase classname="tests.test_ast_lint" name="test_with_the_forward_reference_check_deleted_the_corpus_comes_back_non_zero_clean" time="0.006" /><testcase classname="tests.test_ast_lint" name="test_with_the_declared_window_ignored_the_manifest_derived_cases_collapse_too" time="0.006" /><testcase classname="tests.test_ast_lint" name="test_control_the_unmutated_linter_brands_every_dirty_case_dirty" time="0.002" /><testcase classname="tests.test_ast_lint" name="test_a_reference_to_a_DECLARED_input_is_a_scalar_and_reaches_no_bar" time="0.002" /><testcase classname="tests.test_ast_lint" name="test_lint_definition_DERIVES_the_scalar_set_from_the_definition_itself" time="0.002" /><testcase classname="tests.test_ast_lint" name="test_a_caller_cannot_WIDEN_a_definitions_own_input_set" time="0.002" /><testcase classname="tests.test_ast_lint" name="test_a_declared_input_may_not_decide_a_WINDOW" time="0.002" /><testcase classname="tests.test_ast_lint" name="test_the_TABLE_is_consulted_first_so_a_shadowing_input_changes_nothing" time="0.002" /><testcase classname="tests.test_ast_lint" name="test_an_input_reference_does_NOT_launder_a_genuinely_repainting_tree" time="0.002" /><testcase classname="tests.test_ast_lint" name="test_with_the_input_MEMBERSHIP_test_deleted_any_name_at_all_reads_clean" time="0.006" /><testcase classname="tests.test_ast_lint" name="test_declared_inputs_ignores_everything_that_is_not_a_string_key" time="0.002" /><testcase classname="tests.test_ast_lint" name="test_there_is_no_exemption_for_anything" time="0.007" /><testcase classname="tests.test_ast_lint" name="test_control_the_same_detector_finds_an_exemption_when_one_is_really_there" time="0.002" /><testcase classname="tests.test_ast_lint" name="test_the_verdict_is_id_blind_behaviourally" time="0.002" /><testcase classname="tests.test_ast_lint" name="test_the_declaration_and_the_artefact_agree_on_a_number_neither_lane_typed" time="0.006" /><testcase classname="tests.test_ast_lint" name="test_the_server_lane_states_per_plot_whether_it_could_decide_at_all" time="0.002" /><testcase classname="tests.test_ast_lint" name="test_the_recorded_measurement_is_confirmed_independently_by_this_lane" time="0.002" /><testcase classname="tests.test_ast_lint" name="test_the_record_still_calls_the_decision_open_and_names_the_owner_question" time="0.002" /><testcase classname="tests.test_ast_lint" name="test_this_module_holds_no_second_copy_of_a_pinned_pad" time="0.013" /><testcase classname="tests.test_ast_lint" name="test_control_the_hand_copy_detector_finds_a_hand_copy" time="0.002" /><testcase classname="tests.test_ast_lint" name="test_the_node_vocabulary_here_IS_the_interpreter_s" time="0.002" /><testcase classname="tests.test_ast_lint" name="test_the_timeframe_SPANS_here_ARE_the_interpreter_s" time="0.002" /><testcase classname="tests.test_ast_lint" name="test_an_offset_grows_BACK_and_leaves_FORWARD_at_zero" time="0.002" /><testcase classname="tests.test_ast_lint" name="test_the_two_lookback_readings_AGREE_through_an_offset" time="0.002" /><testcase classname="tests.test_ast_lint" name="test_a_MALFORMED_stored_offset_is_UNKNOWN_which_is_fail_closed[bad0]" time="0.002" /><testcase classname="tests.test_ast_lint" name="test_a_MALFORMED_stored_offset_is_UNKNOWN_which_is_fail_closed[bad1]" time="0.002" /><testcase classname="tests.test_ast_lint" name="test_a_MALFORMED_stored_offset_is_UNKNOWN_which_is_fail_closed[bad2]" time="0.002" /><testcase classname="tests.test_ast_lint" name="test_a_MALFORMED_stored_offset_is_UNKNOWN_which_is_fail_closed[bad3]" time="0.002" /><testcase classname="tests.test_ast_lint" name="test_a_declared_FORWARD_reach_still_reads_as_one_through_an_offset" time="0.002" /><testcase classname="tests.test_ast_lint" name="test_every_clock_leaf_is_bounded_by_ITS_OWN_declared_lookback" time="0.002" /><testcase classname="tests.test_ast_lint" name="test_ONE_clock_entry_has_a_REAL_window_or_the_rail_above_proves_nothing" time="0.002" /><testcase classname="tests.test_ast_lint" name="test_a_PLANTED_clock_entry_with_a_three_bar_window_is_bounded_at_three" time="0.002" /><testcase classname="tests.test_ast_lint" name="test_the_clock_branch_is_reached_on_the_MULTI_TREE_path_too_not_only_the_legacy_one" time="0.002" /><testcase classname="tests.test_ast_lint" name="test_the_FROZEN_manifest_lints_identically_to_the_plain_dict_one" time="0.002" /><testcase classname="tests.test_ast_lookback_parity" name="test_the_two_lanes_declare_the_same_grammar" time="0.002" /><testcase classname="tests.test_ast_lookback_parity" name="test_every_reader_resolves_a_MULTIPLIED_window_to_the_same_number" time="0.002" /><testcase classname="tests.test_ast_lookback_parity" name="test_every_declared_lookback_is_readable_by_the_python_lane[abs-spec0]" time="0.002" /><testcase classname="tests.test_ast_lookback_parity" name="test_every_declared_lookback_is_readable_by_the_python_lane[accum-spec1]" time="0.002" /><testcase classname="tests.test_ast_lookback_parity" name="test_every_declared_lookback_is_readable_by_the_python_lane[adx-spec2]" time="0.002" /><testcase classname="tests.test_ast_lookback_parity" name="test_every_declared_lookback_is_readable_by_the_python_lane[aroonDown-spec3]" time="0.002" /><testcase classname="tests.test_ast_lookback_parity" name="test_every_declared_lookback_is_readable_by_the_python_lane[aroonUp-spec4]" time="0.002" /><testcase classname="tests.test_ast_lookback_parity" name="test_every_declared_lookback_is_readable_by_the_python_lane[atan-spec5]" time="0.002" /><testcase classname="tests.test_ast_lookback_parity" name="test_every_declared_lookback_is_readable_by_the_python_lane[atr-spec6]" time="0.002" /><testcase classname="tests.test_ast_lookback_parity" name="test_every_declared_lookback_is_readable_by_the_python_lane[avwap-spec7]" time="0.002" /><testcase classname="tests.test_ast_lookback_parity" name="test_every_declared_lookback_is_readable_by_the_python_lane[barssince-spec8]" time="0.002" /><testcase classname="tests.test_ast_lookback_parity" name="test_every_declared_lookback_is_readable_by_the_python_lane[bop-spec9]" time="0.002" /><testcase classname="tests.test_ast_lookback_parity" name="test_every_declared_lookback_is_readable_by_the_python_lane[cci-spec10]" time="0.002" /><testcase classname="tests.test_ast_lookback_parity" name="test_every_declared_lookback_is_readable_by_the_python_lane[change-spec11]" time="0.002" /><testcase classname="tests.test_ast_lookback_parity" name="test_every_declared_lookback_is_readable_by_the_python_lane[cos-spec12]" time="0.002" /><testcase classname="tests.test_ast_lookback_parity" name="test_every_declared_lookback_is_readable_by_the_python_lane[crossOver-spec13]" time="0.002" /><testcase classname="tests.test_ast_lookback_parity" name="test_every_declared_lookback_is_readable_by_the_python_lane[crossUnder-spec14]" time="0.002" /><testcase classname="tests.test_ast_lookback_parity" name="test_every_declared_lookback_is_readable_by_the_python_lane[cumFrom-spec15]" time="0.002" /><testcase classname="tests.test_ast_lookback_parity" name="test_every_declared_lookback_is_readable_by_the_python_lane[dev-spec16]" time="0.002" /><testcase classname="tests.test_ast_lookback_parity" name="test_every_declared_lookback_is_readable_by_the_python_lane[donchianLower-spec17]" time="0.002" /><testcase classname="tests.test_ast_lookback_parity" name="test_every_declared_lookback_is_readable_by_the_python_lane[donchianMiddle-spec18]" time="0.002" /><testcase classname="tests.test_ast_lookback_parity" name="test_every_declared_lookback_is_readable_by_the_python_lane[donchianUpper-spec19]" time="0.002" /><testcase classname="tests.test_ast_lookback_parity" name="test_every_declared_lookback_is_readable_by_the_python_lane[ema-spec20]" time="0.002" /><testcase classname="tests.test_ast_lookback_parity" name="test_every_declared_lookback_is_readable_by_the_python_lane[exp-spec21]" time="0.002" /><testcase classname="tests.test_ast_lookback_parity" name="test_every_declared_lookback_is_readable_by_the_python_lane[highest-spec22]" time="0.002" /><testcase classname="tests.test_ast_lookback_parity" name="test_every_declared_lookback_is_readable_by_the_python_lane[highestbars-spec23]" time="0.002" /><testcase classname="tests.test_ast_lookback_parity" name="test_every_declared_lookback_is_readable_by_the_python_lane[hma-spec24]" time="0.002" /><testcase classname="tests.test_ast_lookback_parity" name="test_every_declared_lookback_is_readable_by_the_python_lane[ichimokuChikou-spec25]" time="0.002" /><testcase classname="tests.test_ast_lookback_parity" name="test_every_declared_lookback_is_readable_by_the_python_lane[ichimokuKijun-spec26]" time="0.002" /><testcase classname="tests.test_ast_lookback_parity" name="test_every_declared_lookback_is_readable_by_the_python_lane[ichimokuSpanA-spec27]" time="0.002" /><testcase classname="tests.test_ast_lookback_parity" name="test_every_declared_lookback_is_readable_by_the_python_lane[ichimokuSpanB-spec28]" time="0.002" /><testcase classname="tests.test_ast_lookback_parity" name="test_every_declared_lookback_is_readable_by_the_python_lane[ichimokuTenkan-spec29]" time="0.002" /><testcase classname="tests.test_ast_lookback_parity" name="test_every_declared_lookback_is_readable_by_the_python_lane[idiv-spec30]" time="0.002" /><testcase classname="tests.test_ast_lookback_parity" name="test_every_declared_lookback_is_readable_by_the_python_lane[ln-spec31]" time="0.002" /><testcase classname="tests.test_ast_lookback_parity" name="test_every_declared_lookback_is_readable_by_the_python_lane[log10-spec32]" time="0.002" /><testcase classname="tests.test_ast_lookback_parity" name="test_every_declared_lookback_is_readable_by_the_python_lane[lowest-spec33]" time="0.002" /><testcase classname="tests.test_ast_lookback_parity" name="test_every_declared_lookback_is_readable_by_the_python_lane[lowestbars-spec34]" time="0.002" /><testcase classname="tests.test_ast_lookback_parity" name="test_every_declared_lookback_is_readable_by_the_python_lane[macd-spec35]" time="0.002" /><testcase classname="tests.test_ast_lookback_parity" name="test_every_declared_lookback_is_readable_by_the_python_lane[max-spec36]" time="0.002" /><testcase classname="tests.test_ast_lookback_parity" name="test_every_declared_lookback_is_readable_by_the_python_lane[mfi-spec37]" time="0.002" /><testcase classname="tests.test_ast_lookback_parity" name="test_every_declared_lookback_is_readable_by_the_python_lane[min-spec38]" time="0.002" /><testcase classname="tests.test_ast_lookback_parity" name="test_every_declared_lookback_is_readable_by_the_python_lane[minusDI-spec39]" time="0.002" /><testcase classname="tests.test_ast_lookback_parity" name="test_every_declared_lookback_is_readable_by_the_python_lane[mod-spec40]" time="0.002" /><testcase classname="tests.test_ast_lookback_parity" name="test_every_declared_lookback_is_readable_by_the_python_lane[na-spec41]" time="0.002" /><testcase classname="tests.test_ast_lookback_parity" name="test_every_declared_lookback_is_readable_by_the_python_lane[nz-spec42]" time="0.002" /><testcase classname="tests.test_ast_lookback_parity" name="test_every_declared_lookback_is_readable_by_the_python_lane[obvN-spec43]" time="0.003" /><testcase classname="tests.test_ast_lookback_parity" name="test_every_declared_lookback_is_readable_by_the_python_lane[pivothigh-spec44]" time="0.002" /><testcase classname="tests.test_ast_lookback_parity" name="test_every_declared_lookback_is_readable_by_the_python_lane[pivotlow-spec45]" time="0.002" /><testcase classname="tests.test_ast_lookback_parity" name="test_every_declared_lookback_is_readable_by_the_python_lane[plusDI-spec46]" time="0.002" /><testcase classname="tests.test_ast_lookback_parity" name="test_every_declared_lookback_is_readable_by_the_python_lane[pow-spec47]" time="0.002" /><testcase classname="tests.test_ast_lookback_parity" name="test_every_declared_lookback_is_readable_by_the_python_lane[rma-spec48]" time="0.002" /><testcase classname="tests.test_ast_lookback_parity" name="test_every_declared_lookback_is_readable_by_the_python_lane[round-spec49]" time="0.002" /><testcase classname="tests.test_ast_lookback_parity" name="test_every_declared_lookback_is_readable_by_the_python_lane[rsi-spec50]" time="0.002" /><testcase classname="tests.test_ast_lookback_parity" name="test_every_declared_lookback_is_readable_by_the_python_lane[sign-spec51]" time="0.002" /><testcase classname="tests.test_ast_lookback_parity" name="test_every_declared_lookback_is_readable_by_the_python_lane[sin-spec52]" time="0.002" /><testcase classname="tests.test_ast_lookback_parity" name="test_every_declared_lookback_is_readable_by_the_python_lane[sinh-spec53]" time="0.002" /><testcase classname="tests.test_ast_lookback_parity" name="test_every_declared_lookback_is_readable_by_the_python_lane[sma-spec54]" time="0.002" /><testcase classname="tests.test_ast_lookback_parity" name="test_every_declared_lookback_is_readable_by_the_python_lane[sqrt-spec55]" time="0.002" /><testcase classname="tests.test_ast_lookback_parity" name="test_every_declared_lookback_is_readable_by_the_python_lane[stdev-spec56]" time="0.002" /><testcase classname="tests.test_ast_lookback_parity" name="test_every_declared_lookback_is_readable_by_the_python_lane[stoch-spec57]" time="0.002" /><testcase classname="tests.test_ast_lookback_parity" name="test_every_declared_lookback_is_readable_by_the_python_lane[sum-spec58]" time="0.002" /><testcase classname="tests.test_ast_lookback_parity" name="test_every_declared_lookback_is_readable_by_the_python_lane[tan-spec59]" time="0.002" /><testcase classname="tests.test_ast_lookback_parity" name="test_every_declared_lookback_is_readable_by_the_python_lane[valuewhen-spec60]" time="0.002" /><testcase classname="tests.test_ast_lookback_parity" name="test_every_declared_lookback_is_readable_by_the_python_lane[vwap-spec61]" time="0.002" /><testcase classname="tests.test_ast_lookback_parity" name="test_every_declared_lookback_is_readable_by_the_python_lane[williamsR-spec62]" time="0.002" /><testcase classname="tests.test_ast_lookback_parity" name="test_every_declared_lookback_is_readable_by_the_python_lane[wma-spec63]" time="0.002" /><testcase classname="tests.test_ast_lookback_parity" name="test_a_multiple_is_read_as_a_multiple_not_as_the_bare_argument" time="0.002" /><testcase classname="tests.test_ast_lookback_parity" name="test_adx_is_declared_and_asks_for_twice_its_period" time="0.002" /><testcase classname="tests.test_ast_lookback_parity" name="test_an_unreadable_lookback_still_refuses" time="0.002" /><testcase classname="tests.test_ast_math_parity" name="test_the_case_list_is_not_empty_and_covers_the_refusals" time="0.002" /><testcase classname="tests.test_ast_math_parity" name="test_python_never_raises_and_never_returns_an_infinity[sqrt-args0]" time="0.002" /><testcase classname="tests.test_ast_math_parity" name="test_python_never_raises_and_never_returns_an_infinity[sqrt-args1]" time="0.002" /><testcase classname="tests.test_ast_math_parity" name="test_python_never_raises_and_never_returns_an_infinity[sqrt-args2]" time="0.002" /><testcase classname="tests.test_ast_math_parity" name="test_python_never_raises_and_never_returns_an_infinity[sqrt-args3]" time="0.002" /><testcase classname="tests.test_ast_math_parity" name="test_python_never_raises_and_never_returns_an_infinity[ln-args4]" time="0.002" /><testcase classname="tests.test_ast_math_parity" name="test_python_never_raises_and_never_returns_an_infinity[ln-args5]" time="0.002" /><testcase classname="tests.test_ast_math_parity" name="test_python_never_raises_and_never_returns_an_infinity[ln-args6]" time="0.002" /><testcase classname="tests.test_ast_math_parity" name="test_python_never_raises_and_never_returns_an_infinity[ln-args7]" time="0.002" /><testcase classname="tests.test_ast_math_parity" name="test_python_never_raises_and_never_returns_an_infinity[log10-args8]" time="0.002" /><testcase classname="tests.test_ast_math_parity" name="test_python_never_raises_and_never_returns_an_infinity[log10-args9]" time="0.002" /><testcase classname="tests.test_ast_math_parity" name="test_python_never_raises_and_never_returns_an_infinity[log10-args10]" time="0.002" /><testcase classname="tests.test_ast_math_parity" name="test_python_never_raises_and_never_returns_an_infinity[log10-args11]" time="0.002" /><testcase classname="tests.test_ast_math_parity" name="test_python_never_raises_and_never_returns_an_infinity[exp-args12]" time="0.002" /><testcase classname="tests.test_ast_math_parity" name="test_python_never_raises_and_never_returns_an_infinity[exp-args13]" time="0.002" /><testcase classname="tests.test_ast_math_parity" name="test_python_never_raises_and_never_returns_an_infinity[exp-args14]" time="0.002" /><testcase classname="tests.test_ast_math_parity" name="test_python_never_raises_and_never_returns_an_infinity[exp-args15]" time="0.002" /><testcase classname="tests.test_ast_math_parity" name="test_python_never_raises_and_never_returns_an_infinity[pow-args16]" time="0.002" /><testcase classname="tests.test_ast_math_parity" name="test_python_never_raises_and_never_returns_an_infinity[pow-args17]" time="0.002"
[...]
_invariant.TestThePredicate" name="test_every_measured_shape_is_named_impossible[UPS 2026-06-18 close under low]" time="0.003" /><testcase classname="tests.test_bars_write_invariant.TestThePredicate" name="test_every_measured_shape_is_named_impossible[all-NULL placeholder]" time="0.003" /><testcase classname="tests.test_bars_write_invariant.TestThePredicate" name="test_an_ordinary_bar_is_possible" time="0.003" /><testcase classname="tests.test_bars_write_invariant.TestThePredicate" name="test_a_violent_session_is_still_possible" time="0.003" /><testcase classname="tests.test_bars_write_invariant.TestThePredicate" name="test_a_nan_is_not_reported_as_a_geometry_failure" time="0.003" /><testcase classname="tests.test_bars_write_invariant.TestThePredicate" name="test_validate_bar_still_reports_the_geometry_it_always_did" time="0.003" /><testcase classname="tests.test_bars_write_invariant.TestPutBarsRefuses" name="test_the_store_will_not_take_an_impossible_bar" time="0.006" /><testcase classname="tests.test_bars_write_invariant.TestPutBarsRefuses" name="test_the_good_bars_in_a_mixed_batch_still_land" time="0.006" /><testcase classname="tests.test_bars_write_invariant.TestPutBarsRefuses" name="test_the_return_value_is_the_accepted_count" time="0.006" /><testcase classname="tests.test_bars_write_invariant.TestPutBarsRefuses" name="test_a_refused_bar_is_dropped_and_never_coerced" time="0.008" /><testcase classname="tests.test_bars_write_invariant.TestPutBarsRefuses" name="test_a_refusal_never_disturbs_a_row_already_stored" time="0.006" /><testcase classname="tests.test_bars_write_invariant.TestPutBarsRefuses" name="test_zero_volume_is_legitimate_and_kept" time="0.006" /><testcase classname="tests.test_bars_write_invariant.TestPutBarsRefuses" name="test_the_kill_switch_lets_an_impossible_bar_through" time="0.006" /><testcase classname="tests.test_bars_write_invariant.TestPutBarsRefuses" name="test_intraday_is_gated_by_the_same_door" time="0.006" /><testcase classname="tests.test_bars_write_invariant.TestTheSnapshotMergeIsGatedToo" name="test_a_snapshot_cannot_reimport_an_impossible_bar" time="0.008" /><testcase classname="tests.test_bars_write_invariant.TestTheDeepfillWriterCannotRunUnderPytest" name="test_no_thread_is_spawned_while_pytest_is_running" time="0.003" /><testcase classname="tests.test_bars_write_invariant.TestTheDeepfillWriterCannotRunUnderPytest" name="test_the_guard_is_the_pytest_marker_and_nothing_else" time="0.003" /><testcase classname="tests.test_bars_write_invariant.TestStoredPricePrecision" name="test_a_half_cent_on_a_sub_dollar_name_survives_the_round_trip" time="0.003" /><testcase classname="tests.test_bars_write_invariant.TestStoredPricePrecision" name="test_the_precision_matches_the_split_healer" time="0.003" /><testcase classname="tests.test_bars_write_invariant.TestStoredPricePrecision" name="test_no_price_is_still_rounded_to_two_places" time="0.032" /><testcase classname="tests.test_bars_write_invariant.TestStoredPricePrecision" name="test_every_price_field_goes_through_the_one_helper" time="0.040" /><testcase classname="tests.test_barspack" name="test_last_complete_session_post_close_is_today" time="0.003" /><testcase classname="tests.test_barspack" name="test_last_complete_session_midsession_is_prior_day" time="0.003" /><testcase classname="tests.test_barspack" name="test_last_complete_session_weekend_is_friday" time="0.003" /><testcase classname="tests.test_barspack" name="test_safe_to_build_never_mid_session" time="0.003" /><testcase classname="tests.test_barspack" name="test_should_build_rebuilds_after_close" time="0.003" /><testcase classname="tests.test_barspack" name="test_should_build_never_mid_session_even_when_stale" time="0.003" /><testcase classname="tests.test_barspack" name="test_should_build_self_heals_a_behind_pack_on_weekend" time="0.003" /><testcase classname="tests.test_barspack" name="test_rebuilds_same_session_when_long_tail_coverage_improves" time="0.003" /><testcase classname="tests.test_barspack" name="test_no_same_session_rebuild_when_coverage_barely_moved" time="0.003" /><testcase classname="tests.test_barspack" name="test_no_same_session_rebuild_once_comprehensive" time="0.003" /><testcase classname="tests.test_barspack" name="test_legacy_int_marker_reads_zero_coverage" time="0.003" /><testcase classname="tests.test_barspack" name="test_columnar_roundtrip_is_exact" time="0.003" /><testcase classname="tests.test_barspack" name="test_shard_of_is_stable_and_in_range" time="0.003" /><testcase classname="tests.test_barspack" name="test_build_encodes_every_ticker_and_decodes_identically" time="0.037" /><testcase classname="tests.test_barspack" name="test_build_emits_delta_tail" time="0.013" /><testcase classname="tests.test_barspack" name="test_build_seed_is_set_fingerprint" time="0.019" /><testcase classname="tests.test_barspack" name="test_build_refuses_below_floor" time="0.003" /><testcase classname="tests.test_barspack" name="test_build_refuses_stale_pack" time="0.003" /><testcase classname="tests.test_barspack" name="test_build_skips_tickers_with_no_bars" time="0.003" /><testcase classname="tests.test_barspack" name="test_sanitized_bars_uses_the_serve_path" time="0.003" /><testcase classname="tests.test_barspack" name="test_build_suppresses_meta_warm" time="0.003" /><testcase classname="tests.test_barspack" name="test_universe_persists_snapshot_from_reference_feed" time="0.009" /><testcase classname="tests.test_barspack" name="test_universe_reuses_fresh_snapshot_without_hitting_feed" time="0.008" /><testcase classname="tests.test_barspack" name="test_universe_refreshes_when_snapshot_is_stale" time="0.009" /><testcase classname="tests.test_barspack" name="test_universe_prefers_stale_snapshot_over_floor_when_feed_down" time="0.008" /><testcase classname="tests.test_barspack" name="test_universe_falls_back_to_floor_when_no_snapshot_and_feed_down" time="0.006" /><testcase classname="tests.test_barspack_router" name="test_manifest_absent_is_no_store" time="0.007" /><testcase classname="tests.test_barspack_router" name="test_manifest_present_short_cache" time="0.006" /><testcase classname="tests.test_barspack_router" name="test_shard_served_gzipped_and_decodes" time="0.006" /><testcase classname="tests.test_barspack_router" name="test_delta_served_and_decodes" time="0.006" /><testcase classname="tests.test_barspack_router" name="test_delta_route_wins_over_numeric_shard" time="0.006" /><testcase classname="tests.test_barspack_router" name="test_hot_served_and_decodes" time="0.007" /><testcase classname="tests.test_barspack_router" name="test_hot_route_wins_over_numeric_shard" time="0.006" /><testcase classname="tests.test_barspack_router" name="test_shard_rejects_path_traversal" time="0.008" /><testcase classname="tests.test_barspack_router" name="test_shard_missing_is_404" time="0.006" /><testcase classname="tests.test_barspack_web_ingest" name="test_decode_shard_roundtrips_and_is_defensive" time="0.003" /><testcase classname="tests.test_barspack_web_ingest" name="test_ingest_writes_only_missing_series_add_only" time="0.023" /><testcase classname="tests.test_barspack_web_ingest" name="test_ingest_is_noop_when_version_already_stamped" time="0.003" /><testcase classname="tests.test_barspack_web_ingest" name="test_ingest_handles_missing_manifest" time="0.003" /><testcase classname="tests.test_barspack_web_ingest" name="test_shard_idx_resolves_int_or_name" time="0.003" /><testcase classname="tests.test_base_count" name="test_the_counting_unit_is_the_published_twenty_percent" time="0.003" /><testcase classname="tests.test_base_count" name="test_a_separation_under_twenty_percent_MERGES_as_base_on_base" time="0.004" /><testcase classname="tests.test_base_count" name="test_a_separation_over_twenty_percent_ADVANCES_the_stage" time="0.004" /><testcase classname="tests.test_base_count" name="test_the_advance_is_measured_from_the_PIVOT_not_the_base_low" time="0.004" /><testcase classname="tests.test_base_count" name="test_a_consolidation_shorter_than_IBDs_floor_is_not_a_base" time="0.003" /><testcase classname="tests.test_base_count" name="test_the_separation_and_the_duration_are_BOTH_required" time="0.003" /><testcase classname="tests.test_base_count" name="test_the_stage_at_a_bar_never_reads_a_later_bar" time="0.010" /><testcase classname="tests.test_base_count" name="test_too_little_history_is_refused_rather_than_guessed" time="0.003" /><testcase classname="tests.test_base_count" name="test_the_filter_returns_a_boolean_and_never_a_score" time="0.003" /><testcase classname="tests.test_base_count" name="test_an_unknown_stage_is_None_and_never_False" time="0.003" /><testcase classname="tests.test_base_count" name="test_the_module_exposes_no_stage_weight_or_probability" time="0.004" /><testcase classname="tests.test_base_count" name="test_the_fundamental_gate_is_declared_as_not_computable" time="0.003" /><testcase classname="tests.test_base_count" name="test_the_reset_threshold_is_declared_OURS" time="0.003" /><testcase classname="tests.test_base_count" name="test_the_reset_actually_resets" time="0.005" /><testcase classname="tests.test_base_count" name="test_the_retraction_travels_with_the_numbers" time="0.009" /><testcase classname="tests.test_base_count" name="test_the_stage_is_NOT_wired_to_any_surface" time="0.003" /><testcase classname="tests.test_breadth_adv_dec_backfill" name="test_the_zweig_constants_are_read_back_out_of_the_lens_that_uses_them" time="0.009" /><testcase classname="tests.test_breadth_adv_dec_backfill" name="test_the_constant_reader_can_return_nothing" time="0.005" /><testcase classname="tests.test_breadth_adv_dec_backfill" name="test_coverage_counts_only_sessions_with_both_counts_and_a_nonzero_sum" time="0.005" /><testcase classname="tests.test_breadth_adv_dec_backfill" name="test_coverage_is_a_count_of_measurable_sessions_not_a_consecutive_run" time="0.005" /><testcase classname="tests.test_breadth_adv_dec_backfill" name="test_a_pair_that_reproduces_the_stored_adv_decline_is_written" time="0.016" /><testcase classname="tests.test_breadth_adv_dec_backfill" name="test_the_gate_refuses_a_pair_that_does_not_reproduce_adv_decline[1-0]" time="0.009" /><testcase classname="tests.test_breadth_adv_dec_backfill" name="test_the_gate_refuses_a_pair_that_does_not_reproduce_adv_decline[0-1]" time="0.007" /><testcase classname="tests.test_breadth_adv_dec_backfill" name="test_the_gate_refuses_a_pair_that_does_not_reproduce_adv_decline[-3-0]" time="0.007" /><testcase classname="tests.test_breadth_adv_dec_backfill" name="test_the_gate_refuses_a_pair_that_does_not_reproduce_adv_decline[0--7]" time="0.007" /><testcase classname="tests.test_breadth_adv_dec_backfill" name="test_the_gate_refuses_a_pair_that_does_not_reproduce_adv_decline[5-5]" time="0.011" /><testcase classname="tests.test_breadth_adv_dec_backfill" name="test_the_oracle_cannot_see_a_shift_that_cancels_in_the_difference" time="0.007" /><testcase classname="tests.test_breadth_adv_dec_backfill" name="test_a_write_touches_only_the_two_count_keys" time="0.016" /><testcase classname="tests.test_breadth_adv_dec_backfill" name="test_it_is_idempotent_and_never_overwrites_a_collected_count" time="0.016" /><testcase classname="tests.test_breadth_adv_dec_backfill" name="test_a_dry_run_writes_nothing_and_reports_what_would_land" time="0.011" /><testcase classname="tests.test_breadth_adv_dec_backfill" name="test_a_dry_run_does_not_drop_the_history_cache" time="0.006" /><testcase classname="tests.test_breadth_adv_dec_backfill" name="test_a_real_write_invalidates_the_cached_history" time="0.015" /><testcase classname="tests.test_breadth_adv_dec_backfill" name="test_it_refuses_a_date_with_no_stored_row" time="0.007" /><testcase classname="tests.test_breadth_adv_dec_backfill" name="test_it_refuses_a_row_with_no_stored_adv_decline_to_check_against" time="0.006" /><testcase classname="tests.test_breadth_adv_dec_backfill" name="test_it_refuses_a_malformed_pair[None]" time="0.007" /><testcase classname="tests.test_breadth_adv_dec_backfill" name="test_it_refuses_a_malformed_pair[1500]" time="0.009" /><testcase classname="tests.test_breadth_adv_dec_backfill" name="test_it_refuses_a_malformed_pair[bad2]" time="0.007" /><testcase classname="tests.test_breadth_adv_dec_backfill" name="test_it_refuses_a_malformed_pair[bad3]" time="0.007" /><testcase classname="tests.test_breadth_adv_dec_backfill" name="test_it_refuses_a_malformed_pair[bad4]" time="0.007" /><testcase classname="tests.test_breadth_adv_dec_backfill" name="test_it_refuses_a_malformed_pair[bad5]" time="0.010" /><testcase classname="tests.test_breadth_adv_dec_backfill" name="test_it_refuses_a_malformed_pair[bad6]" time="0.007" /><testcase classname="tests.test_breadth_adv_dec_backfill" name="test_a_half_written_row_is_surfaced_rather_than_healed" time="0.007" /><testcase classname="tests.test_breadth_adv_dec_backfill" name="test_the_backfill_takes_zweig_from_refusing_to_evaluating" time="0.013" /><testcase classname="tests.test_breadth_adv_dec_backfill" name="test_ten_backfilled_sessions_are_still_one_short" time="0.011" /><testcase classname="tests.test_breadth_adv_dec_backfill" name="test_the_owner_facing_routes_are_actually_mounted" time="0.005" /><testcase classname="tests.test_breadth_adv_dec_backfill" name="test_the_apply_route_defaults_to_a_dry_run" time="0.005" /><testcase classname="tests.test_breadth_adv_dec_backfill" name="test_patch_fields_lands_both_keys_in_one_transaction" time="0.006" /><testcase classname="tests.test_breadth_adv_dec_backfill" name="test_patch_field_is_patch_fields_with_one_key" time="0.006" /><testcase classname="tests.test_breadth_adv_dec_restated" name="test_a_slice_of_a_later_frame_is_the_pair_that_backfill_computed" time="0.007" /><testcase classname="tests.test_breadth_adv_dec_restated" name="test_a_slice_measures_the_LATER_frames_population_not_the_days_own" time="0.012" /><testcase classname="tests.test_breadth_adv_dec_restated" name="test_a_slice_refuses_a_date_the_frame_does_not_hold" time="0.006" /><testcase classname="tests.test_breadth_adv_dec_restated" name="test_a_slice_refuses_a_date_with_no_prior_close_to_change_against" time="0.005" /><testcase classname="tests.test_breadth_adv_dec_restated" name="test_the_fixture_can_tell_the_two_sources_apart" time="0.022" /><testcase classname="tests.test_breadth_adv_dec_restated" name="test_the_survey_names_the_one_frame_that_explains_a_whole_run" time="0.038" /><testcase classname="tests.test_breadth_adv_dec_restated" name="test_the_survey_reports_nothing_when_no_frame_reproduces_the_row" time="0.013" /><testcase classname="tests.test_breadth_adv_dec_restated" name="test_the_survey_never_offers_the_targets_own_frame" time="0.014" /><testcase classname="tests.test_breadth_adv_dec_restated" name="test_the_survey_window_bounds_how_far_it_looks" time="0.019" /><testcase classname="tests.test_breadth_adv_dec_restated" name="test_survey_and_apply_refuse_to_run_together" time="0.003" /><testcase classname="tests.test_breadth_adv_dec_restated" name="test_restated_from_and_restated_dates_are_required_together" time="0.004" /><testcase classname="tests.test_breadth_analogues_router" name="test_find_analogues_accepts_a_match_count" time="0.003" /><testcase classname="tests.test_breadth_analogues_router" name="test_router_exposes_top_n_as_a_bounded_query_param" time="0.003" /><testcase classname="tests.test_breadth_analogues_router" name="test_a_different_top_n_is_a_cache_miss_not_a_stale_smaller_result" time="0.004" /><testcase classname="tests.test_breadth_analogues_router" name="test_b_the_same_top_n_within_the_ttl_is_served_from_cache" time="0.003" /><testcase classname="tests.test_breadth_analogues_router" name="test_c_alternating_top_n_callers_do_not_evict_each_other" time="0.004" /><testcase classname="tests.test_breadth_analogues_router" name="test_invalidate_clears_every_top_n_not_just_the_last_written" time="0.004" /><testcase classname="tests.test_breadth_daily_ohlc" name="test_update_intraday_accumulates_ohlc" time="0.019" /><testcase classname="tests.test_breadth_daily_ohlc" name="test_update_intraday_ignores_non_finite" time="0.009" /><testcase classname="tests.test_breadth_daily_ohlc" name="test_set_ohlc_does_not_clobber_live_and_history_is_live_only" time="0.011" /><testcase classname="tests.test_breadth_daily_ohlc" name="test_backfill_from_intraday_aggregates_real_samples" time="0.011" /><testcase classname="tests.test_breadth_daily_ohlc" name="test_build_breadth_bars_uses_store_for_wicks" time="0.024" /><testcase classname="tests.test_breadth_deep_history" name="test_latest_window_is_identical_to_plain_get_history" time="0.019" /><testcase classname="tests.test_breadth_deep_history" name="test_a_deep_window_returns_reconstructed_rows_from_the_ohlc_store" time="0.017" /><testcase classname="tests.test_breadth_deep_history" name="test_year_jump_lands_on_the_first_reconstructed_session_of_that_year" time="0.016" /><testcase classname="tests.test_breadth_deep_history" name="test_sentiment_is_overlaid_onto_reconstructed_rows" time="0.026" /><testcase classname="tests.test_breadth_deep_history" name="test_bounds_and_next_day_span_the_merged_history" time="0.017" /><testcase classname="tests.test_breadth_deep_history" name="test_a_developing_ohlc_bar_above_the_collector_max_never_leaks_into_the_index" time="0.033" /><testcase classname="tests.test_breadth_deep_history" name="test_deep_flag_off_falls_back_to_collector_only" time="0.016" /><testcase classname="tests.test_breadth_dividends" name="test_no_dividend_data_is_a_no_op" time="0.003" /><testcase classname="tests.test_breadth_dividends" name="test_non_payer_stays_exactly_one" time="0.007" /><testcase classname="tests.test_breadth_dividends" name="test_factor_applies_only_to_dates_before_the_ex_date" time="0.007" /><testcase classname="tests.test_breadth_dividends" name="test_multiple_events_compound" time="0.007" /><testcase classname="tests.test_breadth_dividends" name="test_ex_date_past_the_frame_is_ignored_even_with_as_of" time="0.007" /><testcase classname="tests.test_breadth_dividends" name="test_last_bar_is_never_adjusted" time="0.007" /><testcase classname="tests.test_breadth_dividends" name="test_outsized_event_is_skipped_not_applied" time="0.007" /><testcase classname="tests.test_breadth_dividends" name="test_missing_prev_close_walks_back_rather_than_dropping" time="0.007" /><testcase classname="tests.test_breadth_dividends" name="test_unusable_prev_close_skips_the_event" time="0.007" /><testcase classname="tests.test_breadth_dividends" name="test_ex_date_on_a_non_session_day_lands_on_the_next_session" time="0.009" /><testcase classname="tests.test_breadth_dividends" name="test_adjust_is_closes_times_factors" time="0.007" /><testcase classname="tests.test_breadth_dividends" name="test_health_reports_the_store" time="0.007" /><testcase classname="tests.test_breadth_dividends" name="test_empty_inputs_do_not_raise" time="0.003" /><testcase classname="tests.test_breadth_dividends" name="test_live_fails_open_when_the_store_raises" time="0.003" /><testcase classname="tests.test_breadth_dividends" name="test_basis_ships_dark_and_the_override_wins" time="0.007" /><testcase classname="tests.test_breadth_dividends" name="test_anchor_switches_off_once_the_basis_is_corrected" time="0.005" /><testcase classname="tests.test_breadth_history_direct_call" name="test_the_boot_warm_calls_shape_passes_real_values" time="0.006" /><testcase classname="tests.test_breadth_history_direct_call" name="test_a_fully_defaulted_direct_call_also_works" time="0.003" /><testcase classname="tests.test_breadth_history_direct_call" name="test_next_date_is_none_when_the_window_is_latest" time="0.003" /><testcase classname="tests.test_breadth_history_direct_call" name="test_real_query_values_still_reach_the_service" time="0.003" /><testcase classname="tests.test_breadth_history_direct_call" name="test_a_bogus_anchor_still_falls_back" time="0.011" /></testsuite></testsuites>