<?xml version="1.0" encoding="utf-8"?><testsuites><testsuite name="pytest" errors="0" failures="1" skipped="9" tests="2628" time="26.417" timestamp="2026-09-20T17:11:46.578792+00:00" hostname="runnervmlun5p"><testcase classname="tests.pattern_engine.detectors.test_52w_proximity" name="test_52w_proximity_fixture[at_exact_52w_high]" time="0.269" /><testcase classname="tests.pattern_engine.detectors.test_52w_proximity" name="test_52w_proximity_fixture[at_exact_52w_low]" time="0.002" /><testcase classname="tests.pattern_engine.detectors.test_52w_proximity" name="test_52w_proximity_fixture[basing_in_mid_range]" time="0.002" /><testcase classname="tests.pattern_engine.detectors.test_52w_proximity" name="test_52w_proximity_fixture[boundary_5pct_from_high]" time="0.002" /><testcase classname="tests.pattern_engine.detectors.test_52w_proximity" name="test_52w_proximity_fixture[boundary_5pct_from_low]" time="0.002" /><testcase classname="tests.pattern_engine.detectors.test_52w_proximity" name="test_52w_proximity_fixture[downtrend_near_bottom_but_bounced]" time="0.002" /><testcase classname="tests.pattern_engine.detectors.test_52w_proximity" name="test_52w_proximity_fixture[mid_range_50pct_off_high]" time="0.002" /><testcase classname="tests.pattern_engine.detectors.test_52w_proximity" name="test_52w_proximity_fixture[near_high_within_2pct]" time="0.002" /><testcase classname="tests.pattern_engine.detectors.test_52w_proximity" name="test_52w_proximity_fixture[near_low_within_2pct]" time="0.002" /><testcase classname="tests.pattern_engine.detectors.test_52w_proximity" name="test_52w_proximity_fixture[recently_made_new_high]" time="0.002" /><testcase classname="tests.pattern_engine.detectors.test_52w_proximity" name="test_52w_proximity_fixture[shorter_series_partial_data]" time="0.002" /><testcase classname="tests.pattern_engine.detectors.test_52w_proximity" name="test_52w_proximity_fixture[sideways_drift_in_mid_range]" time="0.002" /><testcase classname="tests.pattern_engine.detectors.test_52w_proximity" name="test_52w_proximity_fixture[stage_3_topping_in_mid_range]" time="0.002" /><testcase classname="tests.pattern_engine.detectors.test_52w_proximity" name="test_52w_proximity_fixture[stage_4_decline_in_mid_range]" time="0.002" /><testcase classname="tests.pattern_engine.detectors.test_52w_proximity" name="test_52w_proximity_fixture[uptrend_near_top_but_pulled_back]" time="0.002" /><testcase classname="tests.pattern_engine.detectors.test_52w_proximity" name="test_fixture_battery_has_minimum_coverage" time="0.001" /><testcase classname="tests.pattern_engine.detectors.test_52w_proximity" name="test_narrative_richness" time="0.004" /><testcase classname="tests.pattern_engine.detectors.test_52w_proximity" name="test_geometry_extras_richness" time="0.002" /><testcase classname="tests.pattern_engine.detectors.test_52w_proximity" name="test_always_emits_exactly_one_detection" time="0.003" /><testcase classname="tests.pattern_engine.detectors.test_52w_proximity" name="test_levels_by_classification" time="0.003" /><testcase classname="tests.pattern_engine.detectors.test_52w_proximity" name="test_distance_calculations_correct" time="0.003" /><testcase classname="tests.pattern_engine.detectors.test_accumulation_distribution" name="test_accumulation_distribution_fixture[accumulation_with_bullish_divergence]" time="0.002" /><testcase classname="tests.pattern_engine.detectors.test_accumulation_distribution" name="test_accumulation_distribution_fixture[alternating_no_clear_phase]" time="0.002" /><testcase classname="tests.pattern_engine.detectors.test_accumulation_distribution" name="test_accumulation_distribution_fixture[bear_no_distribution]" time="0.002" /><testcase classname="tests.pattern_engine.detectors.test_accumulation_distribution" name="test_accumulation_distribution_fixture[boundary_ad_at_negative_threshold]" time="0.002" /><testcase classname="tests.pattern_engine.detectors.test_accumulation_distribution" name="test_accumulation_distribution_fixture[boundary_ad_at_threshold]" time="0.002" /><testcase classname="tests.pattern_engine.detectors.test_accumulation_distribution" name="test_accumulation_distribution_fixture[bull_no_accumulation]" time="0.002" /><testcase classname="tests.pattern_engine.detectors.test_accumulation_distribution" name="test_accumulation_distribution_fixture[clean_accumulation_high_score]" time="0.002" /><testcase classname="tests.pattern_engine.detectors.test_accumulation_distribution" name="test_accumulation_distribution_fixture[clean_distribution_low_score]" time="0.002" /><testcase classname="tests.pattern_engine.detectors.test_accumulation_distribution" name="test_accumulation_distribution_fixture[extremely_low_ad]" time="0.002" /><testcase classname="tests.pattern_engine.detectors.test_accumulation_distribution" name="test_accumulation_distribution_fixture[flat_neutral]" time="0.002" /><testcase classname="tests.pattern_engine.detectors.test_accumulation_distribution" name="test_accumulation_distribution_fixture[short_series]" time="0.002" /><testcase classname="tests.pattern_engine.detectors.test_accumulation_distribution" name="test_accumulation_distribution_fixture[transitioning_into_acc]" time="0.002" /><testcase classname="tests.pattern_engine.detectors.test_accumulation_distribution" name="test_accumulation_distribution_fixture[transitioning_into_dist]" time="0.002" /><testcase classname="tests.pattern_engine.detectors.test_accumulation_distribution" name="test_accumulation_distribution_fixture[zero_range_bars]" time="0.002" /><testcase classname="tests.pattern_engine.detectors.test_accumulation_distribution" name="test_accumulation_distribution_fixture[zero_volume]" time="0.002" /><testcase classname="tests.pattern_engine.detectors.test_accumulation_distribution" name="test_fixture_battery_has_minimum_coverage" time="0.001" /><testcase classname="tests.pattern_engine.detectors.test_accumulation_distribution" name="test_narrative_richness" time="0.002" /><testcase classname="tests.pattern_engine.detectors.test_accumulation_distribution" name="test_geometry_extras_richness" time="0.002" /><testcase classname="tests.pattern_engine.detectors.test_accumulation_distribution" name="test_phase_directional_alignment" time="0.002" /><testcase classname="tests.pattern_engine.detectors.test_ascending_triangle" name="test_ascending_triangle_fixture[already_broken_out]" time="0.002" /><testcase classname="tests.pattern_engine.detectors.test_ascending_triangle" name="test_ascending_triangle_fixture[both_lines_rising]" time="0.002" /><testcase classname="tests.pattern_engine.detectors.test_ascending_triangle" name="test_ascending_triangle_fixture[boundary_min_touches]" time="0.002" /><testcase classname="tests.pattern_engine.detectors.test_ascending_triangle" name="test_ascending_triangle_fixture[boundary_wider_gap]" time="0.002" /><testcase classname="tests.pattern_engine.detectors.test_ascending_triangle" name="test_ascending_triangle_fixture[choppy_no_structure]" time="0.002" /><testcase classname="tests.pattern_engine.detectors.test_ascending_triangle" name="test_ascending_triangle_fixture[clean_textbook]" time="0.002" /><testcase classname="tests.pattern_engine.detectors.test_ascending_triangle" name="test_ascending_triangle_fixture[descending_shape]" time="0.002" /><testcase classname="tests.pattern_engine.detectors.test_ascending_triangle" name="test_ascending_triangle_fixture[longer_pattern]" time="0.002" /><testcase classname="tests.pattern_engine.detectors.test_ascending_triangle" name="test_ascending_triangle_fixture[no_flat_top]" time="0.002" /><testcase classname="tests.pattern_engine.detectors.test_ascending_triangle" name="test_ascending_triangle_fixture[no_pattern_flat]" time="0.002" /><testcase classname="tests.pattern_engine.detectors.test_ascending_triangle" name="test_ascending_triangle_fixture[no_rising_lows]" time="0.002" /><testcase classname="tests.pattern_engine.detectors.test_ascending_triangle" name="test_ascending_triangle_fixture[pattern_too_short]" time="0.002" /><testcase classname="tests.pattern_engine.detectors.test_ascending_triangle" name="test_ascending_triangle_fixture[perfect_setup]" time="0.002" /><testcase classname="tests.pattern_engine.detectors.test_ascending_triangle" name="test_ascending_triangle_fixture[strong_volume_contraction]" time="0.002" /><testcase classname="tests.pattern_engine.detectors.test_ascending_triangle" name="test_ascending_triangle_fixture[tight_convergence]" time="0.002" /><testcase classname="tests.pattern_engine.detectors.test_ascending_triangle" name="test_fixture_battery_has_minimum_coverage" time="0.003" /><testcase classname="tests.pattern_engine.detectors.test_ascending_triangle" name="test_narrative_richness" time="0.004" /><testcase classname="tests.pattern_engine.detectors.test_avwap_reclaim" name="test_avwap_reclaim_fixture[bigger_swing_low_reclaim]" time="0.002" /><testcase classname="tests.pattern_engine.detectors.test_avwap_reclaim" name="test_avwap_reclaim_fixture[borderline_underwater_bars]" time="0.002" /><testcase classname="tests.pattern_engine.detectors.test_avwap_reclaim" name="test_avwap_reclaim_fixture[borderline_volume_reclaim]" time="0.002" /><testcase classname="tests.pattern_engine.detectors.test_avwap_reclaim" name="test_avwap_reclaim_fixture[chop_2]" time="0.002" /><testcase classname="tests.pattern_engine.detectors.test_avwap_reclaim" name="test_avwap_reclaim_fixture[chop_no_reclaim]" time="0.002" /><testcase classname="tests.pattern_engine.detectors.test_avwap_reclaim" name="test_avwap_reclaim_fixture[clean_swing_low_reclaim]" time="0.002" /><testcase classname="tests.pattern_engine.detectors.test_avwap_reclaim" name="test_avwap_reclaim_fixture[deep_underwater_reclaim]" time="0.002" /><testcase classname="tests.pattern_engine.detectors.test_avwap_reclaim" name="test_avwap_reclaim_fixture[downtrend_2]" time="0.002" /><testcase classname="tests.pattern_engine.detectors.test_avwap_reclaim" name="test_avwap_reclaim_fixture[downtrend_no_reclaim]" time="0.002" /><testcase classname="tests.pattern_engine.detectors.test_avwap_reclaim" name="test_avwap_reclaim_fixture[high_vol_reclaim]" time="0.002" /><testcase classname="tests.pattern_engine.detectors.test_avwap_reclaim" name="test_avwap_reclaim_fixture[moderate_reclaim]" time="0.002" /><testcase classname="tests.pattern_engine.detectors.test_avwap_reclaim" name="test_avwap_reclaim_fixture[reclaim_low_volume]" time="0.002" /><testcase classname="tests.pattern_engine.detectors.test_avwap_reclaim" name="test_avwap_reclaim_fixture[short_underwater]" time="0.002" /><testcase classname="tests.pattern_engine.detectors.test_avwap_reclaim" name="test_avwap_reclaim_fixture[too_short]" time="0.002" /><testcase classname="tests.pattern_engine.detectors.test_avwap_reclaim" name="test_avwap_reclaim_fixture[uptrend_no_reclaim]" time="0.002" /><testcase classname="tests.pattern_engine.detectors.test_avwap_reclaim" name="test_fixture_battery_has_minimum_coverage" time="0.004" /><testcase classname="tests.pattern_engine.detectors.test_avwap_reclaim" name="test_narrative_richness" time="0.004" /><testcase classname="tests.pattern_engine.detectors.test_avwap_reclaim" name="test_geometry_extras_richness" time="0.004" /><testcase classname="tests.pattern_engine.detectors.test_bear_flag" name="test_bear_flag_fixture[ascending_flag]" time="0.002" /><testcase classname="tests.pattern_engine.detectors.test_bear_flag" name="test_bear_flag_fixture[boundary_max_retrace]" time="0.002" /><testcase classname="tests.pattern_engine.detectors.test_bear_flag" name="test_bear_flag_fixture[boundary_min_pole]" time="0.002" /><testcase classname="tests.pattern_engine.detectors.test_bear_flag" name="test_bear_flag_fixture[clean_textbook]" time="0.002" /><testcase classname="tests.pattern_engine.detectors.test_bear_flag" name="test_bear_flag_fixture[descending_flag_in_uptrend]" time="0.002" /><testcase classname="tests.pattern_engine.detectors.test_bear_flag" name="test_bear_flag_fixture[extended_flag_too_long]" time="0.002" /><testcase classname="tests.pattern_engine.detectors.test_bear_flag" name="test_bear_flag_fixture[flag_too_deep]" time="0.002" /><testcase classname="tests.pattern_engine.detectors.test_bear_flag" name="test_bear_flag_fixture[flag_too_wide]" time="0.002" /><testcase classname="tests.pattern_engine.detectors.test_bear_flag" name="test_bear_flag_fixture[no_pole]" time="0.002" /><testcase classname="tests.pattern_engine.detectors.test_bear_flag" name="test_bear_flag_fixture[pole_too_small]" time="0.002" /><testcase classname="tests.pattern_engine.detectors.test_bear_flag" name="test_bear_flag_fixture[shallow_pullback]" time="0.002" /><testcase classname="tests.pattern_engine.detectors.test_bear_flag" name="test_bear_flag_fixture[strong_volume_contraction]" time="0.002" /><testcase classname="tests.pattern_engine.detectors.test_bear_flag" name="test_bear_flag_fixture[tight_consolidation]" time="0.002" /><testcase classname="tests.pattern_engine.detectors.test_bear_flag" name="test_bear_flag_fixture[volume_expanding]" time="0.002" /><testcase classname="tests.pattern_engine.detectors.test_bear_flag" name="test_bear_flag_fixture[wide_choppy]" time="0.002" /><testcase classname="tests.pattern_engine.detectors.test_bear_flag" name="test_fixture_battery_has_minimum_coverage" time="0.004" /><testcase classname="tests.pattern_engine.detectors.test_bear_flag" name="test_narrative_richness" time="0.004" /><testcase classname="tests.pattern_engine.detectors.test_bearish_engulfing" name="test_no_reversal_context_never_fires" time="0.002" /><testcase classname="tests.pattern_engine.detectors.test_bearish_engulfing" name="test_bearish_engulfing_fixture[after_advance_accumulation_signature]" time="0.002" /><testcase classname="tests.pattern_engine.detectors.test_bearish_engulfing" name="test_bearish_engulfing_fixture[boundary_dcr_0_45]" time="0.002" /><testcase classname="tests.pattern_engine.detectors.test_bearish_engulfing" name="test_bearish_engulfing_fixture[boundary_engulfment_1_2x]" time="0.002" /><testcase classname="tests.pattern_engine.detectors.test_bearish_engulfing" name="test_bearish_engulfing_fixture[clean_at_swing_high]" time="0.002" /><testcase classname="tests.pattern_engine.detectors.test_bearish_engulfing" name="test_bearish_engulfing_fixture[dcr_weak_close]" time="0.002" /><testcase classname="tests.pattern_engine.detectors.test_bearish_engulfing" name="test_bearish_engulfing_fixture[high_volume_distribution]" time="0.002" /><testcase classname="tests.pattern_engine.detectors.test_bearish_engulfing" name="test_bearish_engulfing_fixture[in_downtrend_no_swing_high]" time="0.002" /><testcase classname="tests.pattern_engine.detectors.test_bearish_engulfing" name="test_bearish_engulfing_fixture[large_engulfment_3x]" time="0.002" /><testcase classname="tests.pattern_engine.detectors.test_bearish_engulfing" name="test_bearish_engulfing_fixture[low_volume]" time="0.002" /><testcase classname="tests.pattern_engine.detectors.test_bearish_engulfing" name="test_bearish_engulfing_fixture[no_engulfment]" time="0.002" /><testcase classname="tests.pattern_engine.detectors.test_bearish_engulfing" name="test_bearish_engulfing_fixture[partial_overlap]" time="0.002" /><testcase classname="tests.pattern_engine.detectors.test_bearish_engulfing" name="test_bearish_engulfing_fixture[prev_bar_too_large]" time="0.002" /><testcase classname="tests.pattern_engine.detectors.test_bearish_engulfing" name="test_bearish_engulfing_fixture[strong_dcr_above_0_6]" time="0.002" /><testcase classname="tests.pattern_engine.detectors.test_bearish_engulfing" name="test_bearish_engulfing_fixture[very_small_engulfing_body]" time="0.002" /><testcase classname="tests.pattern_engine.detectors.test_bearish_engulfing" name="test_bearish_engulfing_fixture[wrong_direction_green_engulfs_red]" time="0.002" /><testcase classname="tests.pattern_engine.detectors.test_bearish_engulfing" name="test_fixture_battery_has_minimum_coverage" time="0.003" /><testcase classname="tests.pattern_engine.detectors.test_bearish_engulfing" name="test_narrative_richness" time="0.003" /><testcase classname="tests.pattern_engine.detectors.test_bearish_engulfing" name="test_geometry_extras_richness" time="0.003" /><testcase classname="tests.pattern_engine.detectors.test_bearish_engulfing" name="test_levels_are_bearish_setup" time="0.003" /><testcase classname="tests.pattern_engine.detectors.test_bearish_engulfing" name="test_bulkowski_citation_is_accurate" time="0.003" /><testcase classname="tests.pattern_engine.detectors.test_bearish_harami" name="test_no_reversal_context_never_fires" time="0.002" /><testcase classname="tests.pattern_engine.detectors.test_bearish_harami" name="test_bearish_harami_fixture[bar_N_body_too_big]" time="0.002" /><testcase classname="tests.pattern_engine.detectors.test_bearish_harami" name="test_bearish_harami_fixture[boundary_body_size]" time="0.002" /><testcase classname="tests.pattern_engine.detectors.test_bearish_harami" name="test_bearish_harami_fixture[boundary_minimum_long_bar]" time="0.002" /><testcase classname="tests.pattern_engine.detectors.test_bearish_harami" name="test_bearish_harami_fixture[clean_textbook]" time="0.002" /><testcase classname="tests.pattern_engine.detectors.test_bearish_harami" name="test_bearish_harami_fixture[dramatic_inside]" time="0.002" /><testcase classname="tests.pattern_engine.detectors.test_bearish_harami" name="test_bearish_harami_fixture[green_inside_bar]" time="0.002" /><testcase classname="tests.pattern_engine.detectors.test_bearish_harami" name="test_bearish_harami_fixture[high_volume_invalidation]" time="0.002" /><testcase classname="tests.pattern_engine.detectors.test_bearish_harami" name="test_bearish_harami_fixture[in_chop_no_swing]" time="0.002" /><testcase classname="tests.pattern_engine.detectors.test_bearish_harami" name="test_bearish_harami_fixture[no_pattern_continuation]" time="0.002" /><testcase classname="tests.pattern_engine.detectors.test_bearish_harami" name="test_bearish_harami_fixture[not_inside]" time="0.002" /><testcase classname="tests.pattern_engine.detectors.test_bearish_harami" name="test_bearish_harami_fixture[perfect_context_alignment]" time="0.002" /><testcase classname="tests.pattern_engine.detectors.test_bearish_harami" name="test_bearish_harami_fixture[prev_bar_not_long]" time="0.002" /><testcase classname="tests.pattern_engine.detectors.test_bearish_harami" name="test_bearish_harami_fixture[weak_dcr_accumulation]" time="0.002" /><testcase classname="tests.pattern_engine.detectors.test_bearish_harami" name="test_bearish_harami_fixture[weak_dcr_close]" time="0.002" /><testcase classname="tests.pattern_engine.detectors.test_bearish_harami" name="test_bearish_harami_fixture[wrong_direction]" time="0.002" /><testcase classname="tests.pattern_engine.detectors.test_bearish_harami" name="test_fixture_battery_has_minimum_coverage" time="0.003" /><testcase classname="tests.pattern_engine.detectors.test_bearish_harami" name="test_narrative_richness" time="0.003" /><testcase classname="tests.pattern_engine.detectors.test_bearish_harami" name="test_geometry_extras_richness" time="0.003" /><testcase classname="tests.pattern_engine.detectors.test_bearish_harami" name="test_levels_are_bearish_setup" time="0.003" /><testcase classname="tests.pattern_engine.detectors.test_bollinger_squeeze" name="test_bollinger_squeeze_fixture[borderline_squeeze_bars]" time="0.002" /><testcase classname="tests.pattern_engine.detectors.test_bollinger_squeeze" name="test_bollinger_squeeze_fixture[borderline_vol_ratio]" time="0.002" /><testcase classname="tests.pattern_engine.detectors.test_bollinger_squeeze" name="test_bollinger_squeeze_fixture[clean_squeeze]" time="0.002" /><testcase classname="tests.pattern_engine.detectors.test_bollinger_squeeze" name="test_bollinger_squeeze_fixture[declining_chop]" time="0.002" /><testcase classname="tests.pattern_engine.detectors.test_bollinger_squeeze" name="test_bollinger_squeeze_fixture[deep_compression]" time="0.002" /><testcase classname="tests.pattern_engine.detectors.test_bollinger_squeeze" name="test_bollinger_squeeze_fixture[long_squeeze]" time="0.002" /><testcase classname="tests.pattern_engine.detectors.test_bollinger_squeeze" name="test_bollinger_squeeze_fixture[low_volume_squeeze]" time="0.002" /><testcase classname="tests.pattern_engine.detectors.test_bollinger_squeeze" name="test_bollinger_squeeze_fixture[no_squeeze_wide_range]" time="0.002" /><testcase classname="tests.pattern_engine.detectors.test_bollinger_squeeze" name="test_bollinger_squeeze_fixture[noisy_consolidation]" time="0.002" /><testcase classname="tests.pattern_engine.detectors.test_bollinger_squeeze" name="test_bollinger_squeeze_fixture[short_squeeze_4_bars]" time="0.002" /><testcase classname="tests.pattern_engine.detectors.test_bollinger_squeeze" name="test_bollinger_squeeze_fixture[squeeze_but_no_vol_drop]" time="0.002" /><testcase classname="tests.pattern_engine.detectors.test_bollinger_squeeze" name="test_bollinger_squeeze_fixture[squeeze_high_vol]" time="0.002" /><testcase classname="tests.pattern_engine.detectors.test_bollinger_squeeze" name="test_bollinger_squeeze_fixture[too_short_bars]" time="0.002" /><testcase classname="tests.pattern_engine.detectors.test_bollinger_squeeze" name="test_bollinger_squeeze_fixture[trending_no_compression]" time="0.002" /><testcase classname="tests.pattern_engine.detectors.test_bollinger_squeeze" name="test_bollinger_squeeze_fixture[with_trend_bias]" time="0.002" /><testcase classname="tests.pattern_engine.detectors.test_bollinger_squeeze" name="test_fixture_battery_has_minimum_coverage" time="0.004" /><testcase classname="tests.pattern_engine.detectors.test_bollinger_squeeze" name="test_narrative_richness" time="0.004" /><testcase classname="tests.pattern_engine.detectors.test_bollinger_squeeze" name="test_geometry_extras_richness" time="0.004" /><testcase classname="tests.pattern_engine.detectors.test_bull_flag" name="test_bull_flag_fixture[ascending_flag_in_downtrend]" time="0.002" /><testcase classname="tests.pattern_engine.detectors.test_bull_flag" name="test_bull_flag_fixture[boundary_max_retrace]" time="0.002" /><testcase classname="tests.pattern_engine.detectors.test_bull_flag" name="test_bull_flag_fixture[boundary_min_pole]" time="0.002" /><testcase classname="tests.pattern_engine.detectors.test_bull_flag" name="test_bull_flag_fixture[clean_textbook]" time="0.002" /><testcase classname="tests.pattern_engine.detectors.test_bull_flag" name="test_bull_flag_fixture[descending_flag]" time="0.002" /><testcase classname="tests.pattern_engine.detectors.test_bull_flag" name="test_bull_flag_fixture[extended_flag_too_long]" time="0.002" /><testcase classname="tests.pattern_engine.detectors.test_bull_flag" name="test_bull_flag_fixture[flag_too_deep]" time="0.002" /><testcase classname="tests.pattern_engine.detectors.test_bull_flag" name="test_bull_flag_fixture[flag_too_wide]" time="0.002" /><testcase classname="tests.pattern_engine.detectors.test_bull_flag" name="test_bull_flag_fixture[no_pole]" time="0.002" /><testcase classname="tests.pattern_engine.detectors.test_bull_flag" name="test_bull_flag_fixture[pole_too_short]" time="0.002" /><testcase classname="tests.pattern_engine.detectors.test_bull_flag" name="test_bull_flag_fixture[shallow_pullback]" time="0.002" /><testcase classname="tests.pattern_engine.detectors.test_bull_flag" name="test_bull_flag_fixture[strong_volume_contraction]" time="0.002" /><testcase classname="tests.pattern_engine.detectors.test_bull_flag" name="test_bull_flag_fixture[tight_consolidation]" time="0.002" /><testcase classname="tests.pattern_engine.detectors.test_bull_flag" name="test_bull_flag_fixture[volume_expanding]" time="0.002" /><testcase classname="tests.pattern_engine.detectors.test_bull_flag" name="test_bull_flag_fixture[wide_choppy]" time="0.002" /><testcase classname="tests.pattern_engine.detectors.test_bull_flag" name="test_fixture_battery_has_minimum_coverage" time="0.003" /><testcase classname="tests.pattern_engine.detectors.test_bull_flag" name="test_narrative_richness" time="0.004" /><testcase classname="tests.pattern_engine.detectors.test_bullish_engulfing" name="test_bullish_engulfing_fixture[after_decline_distribution_signature]" time="0.002" /><testcase classname="tests.pattern_engine.detectors.test_bullish_engulfing" name="test_bullish_engulfing_fixture[boundary_dcr_0_55]" time="0.002" /><testcase classname="tests.pattern_engine.detectors.test_bullish_engulfing" name="test_bullish_engulfing_fixture[boundary_engulfment_1_2x]" time="0.002" /><testcase classname="tests.pattern_engine.detectors.test_bullish_engulfing" name="test_bullish_engulfing_fixture[clean_at_swing_low]" time="0.002" /><testcase classname="tests.pattern_engine.detectors.test_bullish_engulfing" name="test_bullish_engulfing_fixture[dcr_strong_close]" time="0.002" /><testcase classname="tests.pattern_engine.detectors.test_bullish_engulfing" name="test_bullish_engulfing_fixture[high_volume_reversal]" time="0.002" /><testcase classname="tests.pattern_engine.detectors.test_bullish_engulfing" name="test_bullish_engulfing_fixture[in_uptrend_no_swing_low]" time="0.002" /><testcase classname="tests.pattern_engine.detectors.test_bullish_engulfing" name="test_bullish_engulfing_fixture[large_engulfment_3x]" time="0.002" /><testcase classname="tests.pattern_engine.detectors.test_bullish_engulfing" name="test_bullish_engulfing_fixture[low_volume]" time="0.002" /><testcase classname="tests.pattern_engine.detectors.test_bullish_engulfing" name="test_bullish_engulfing_fixture[no_engulfment]" time="0.002" /><testcase classname="tests.pattern_engine.detectors.test_bullish_engulfing" name="test_bullish_engulfing_fixture[partial_overlap]" time="0.002" /><testcase classname="tests.pattern_engine.detectors.test_bullish_engulfing" name="test_bullish_engulfing_fixture[prev_bar_too_large]" time="0.002" /><testcase classname="tests.pattern_engine.detectors.test_bullish_engulfing" name="test_bullish_engulfing_fixture[very_small_engulfing_body]" time="0.002" /><testcase classname="tests.pattern_engine.detectors.test_bullish_engulfing" name="test_bullish_engulfing_fixture[weak_dcr_under_0_4]" time="0.002" /><testcase classname="tests.pattern_engine.detectors.test_bullish_engulfing" name="test_bullish_engulfing_fixture[wrong_direction_red_engulfs_green]" time="0.002" /><testcase classname="tests.pattern_engine.detectors.test_bullish_engulfing" name="test_fixture_battery_has_minimum_coverage" time="0.003" /><testcase classname="tests.pattern_engine.detectors.test_bullish_engulfing" name="test_narrative_richness" time="0.003" /><testcase classname="tests.pattern_engine.detectors.test_bullish_engulfing" name="test_geometry_extras_richness" time="0.003" /><testcase classname="tests.pattern_engine.detectors.test_bullish_engulfing" name="test_levels_are_bullish_setup" time="0.003" /><testcase classname="tests.pattern_engine.detectors.test_bullish_engulfing" name="test_no_reversal_context_never_fires" time="0.002" /><testcase classname="tests.pattern_engine.detectors.test_bullish_engulfing" name="test_bulkowski_citation_is_accurate" time="0.003" /><testcase classname="tests.pattern_engine.detectors.test_bullish_harami" name="test_bullish_harami_fixture[bar_N_body_too_big]" time="0.002" /><testcase classname="tests.pattern_engine.detectors.test_bullish_harami" name="test_bullish_harami_fixture[boundary_body_size]" time="0.002" /><testcase classname="tests.pattern_engine.detectors.test_bullish_harami" name="test_bullish_harami_fixture[boundary_minimum_long_bar]" time="0.002" /><testcase classname="tests.pattern_engine.detectors.test_bullish_harami" name="test_bullish_harami_fixture[clean_textbook]" time="0.002" /><testcase classname="tests.pattern_engine.detectors.test_bullish_harami" name="test_bullish_harami_fixture[dramatic_inside]" time="0.002" /><testcase classname="tests.pattern_engine.detectors.test_bullish_harami" name="test_bullish_harami_fixture[high_volume_invalidation]" time="0.002" /><testcase classname="tests.pattern_engine.detectors.test_bullish_harami" name="test_bullish_harami_fixture[in_chop_no_swing]" time="0.002" /><testcase classname="tests.pattern_engine.detectors.test_bullish_harami" name="test_bullish_harami_fixture[no_pattern_continuation]" time="0.002" /><testcase classname="tests.pattern_engine.detectors.test_bullish_harami" name="test_bullish_harami_fixture[not_inside]" time="0.002" /><testcase classname="tests.pattern_engine.detectors.test_bullish_harami" name="test_bullish_harami_fixture[perfect_context_alignment]" time="0.002" /><testcase classname="tests.pattern_engine.detectors.test_bullish_harami" name="test_bullish_harami_fixture[prev_bar_not_long]" time="0.002" /><testcase classname="tests.pattern_engine.detectors.test_bullish_harami" name="test_bullish_harami_fixture[red_inside_bar]" time="0.002" /><testcase classname="tests.pattern_engine.detectors.test_bullish_harami" name="test_bullish_harami_fixture[strong_dcr_close]" time="0.002" /><testcase classname="tests.pattern_engine.detectors.test_bullish_harami" name="test_bullish_harami_fixture[weak_dcr_distribution]" time="0.002" /><testcase classname="tests.pattern_engine.detectors.test_bullish_harami" name="test_bullish_harami_fixture[wrong_direction]" time="0.002" /><testcase classname="tests.pattern_engine.detectors.test_bullish_harami" name="test_fixture_battery_has_minimum_coverage" time="0.003" /><testcase classname="tests.pattern_engine.detectors.test_bullish_harami" name="test_narrative_richness" time="0.003" /><testcase classname="tests.pattern_engine.detectors.test_bullish_harami" name="test_geometry_extras_richness" time="0.003" /><testcase classname="tests.pattern_engine.detectors.test_bullish_harami" name="test_levels_are_bullish_setup" time="0.003" /><testcase classname="tests.pattern_engine.detectors.test_bullish_harami" name="test_no_reversal_context_never_fires" time="0.002" /><testcase classname="tests.pattern_engine.detectors.test_can_slim_composite" name="test_can_slim_composite_fixture[borderline_grade]" time="0.002" /><testcase classname="tests.pattern_engine.detectors.test_can_slim_composite" name="test_can_slim_composite_fixture[exactly_30_bars]" time="0.002" /><testcase classname="tests.pattern_engine.detectors.test_can_slim_composite" name="test_can_slim_composite_fixture[grade_a_2]" time="0.002" /><testcase classname="tests.pattern_engine.detectors.test_can_slim_composite" name="test_can_slim_composite_fixture[grade_a_leader]" time="0.002" /><testcase classname="tests.pattern_engine.detectors.test_can_slim_composite" name="test_can_slim_composite_fixture[grade_b_2]" time="0.002" /><testcase classname="tests.pattern_engine.detectors.test_can_slim_composite" name="test_can_slim_composite_fixture[grade_b_solid]" time="0.002" /><testcase classname="tests.pattern_engine.detectors.test_can_slim_composite" name="test_can_slim_composite_fixture[grade_c_2]" time="0.002" /><testcase classname="tests.pattern_engine.detectors.test_can_slim_composite" name="test_can_slim_composite_fixture[grade_c_neutral]" time="0.002" /><testcase classname="tests.pattern_engine.detectors.test_can_slim_composite" name="test_can_slim_composite_fixture[grade_d_2]" time="0.002" /><testcase classname="tests.pattern_engine.detectors.test_can_slim_composite" name="test_can_slim_composite_fixture[grade_d_avoid]" time="0.002" /><testcase classname="tests.pattern_engine.detectors.test_can_slim_composite" name="test_can_slim_composite_fixture[medium_chart]" time="0.002" /><testcase classname="tests.pattern_engine.detectors.test_can_slim_composite" name="test_can_slim_composite_fixture[min_bars_fail]" time="0.002" /><testcase classname="tests.pattern_engine.detectors.test_can_slim_composite" name="test_can_slim_composite_fixture[mixed_ctx_leader]" time="0.002" /><testcase classname="tests.pattern_engine.detectors.test_can_slim_composite" name="test_can_slim_composite_fixture[short_series]" time="0.002" /><testcase classname="tests.pattern_engine.detectors.test_can_slim_composite" name="test_can_slim_composite_fixture[too_few_bars]" time="0.002" /><testcase classname="tests.pattern_engine.detectors.test_can_slim_composite" name="test_fixture_battery_has_minimum_coverage" time="0.004" /><testcase classname="tests.pattern_engine.detectors.test_can_slim_composite" name="test_narrative_richness" time="0.005" /><testcase classname="tests.pattern_engine.detectors.test_can_slim_composite" name="test_geometry_extras_richness" time="0.004" /><testcase classname="tests.pattern_engine.detectors.test_channel" name="test_channel_fixture[boundary_min_bars]" time="0.002" /><testcase classname="tests.pattern_engine.detectors.test_channel" name="test_channel_fixture[choppy_no_structure]" time="0.002" /><testcase classname="tests.pattern_engine.detectors.test_channel" name="test_channel_fixture[clean_ascending]" time="0.002" /><testcase classname="tests.pattern_engine.detectors.test_channel" name="test_channel_fixture[clean_descending]" time="0.002" /><testcase classname="tests.pattern_engine.detectors.test_channel" name="test_channel_fixture[clean_horizontal]" time="0.002" /><testcase classname="tests.pattern_engine.detectors.test_channel" name="test_channel_fixture[diverging_lines]" time="0.002" /><testcase classname="tests.pattern_engine.detectors.test_channel" name="test_channel_fixture[longer_ascending]" time="0.002" /><testcase classname="tests.pattern_engine.detectors.test_channel" name="test_channel_fixture[max_length_pattern]" time="0.002" /><testcase classname="tests.pattern_engine.detectors.test_channel" name="test_channel_fixture[noisy_outside]" time="0.002" /><testcase classname="tests.pattern_engine.detectors.test_channel" name="test_channel_fixture[only_upper_tested]" time="0.002" /><testcase classname="tests.pattern_engine.detectors.test_channel" name="test_channel_fixture[opposite_slopes]" time="0.002" /><testcase classname="tests.pattern_engine.detectors.test_channel" name="test_channel_fixture[pattern_too_short]" time="0.002" /><testcase classname="tests.pattern_engine.detectors.test_channel" name="test_channel_fixture[tight_horizontal_band]" time="0.002" /><testcase classname="tests.pattern_engine.detectors.test_channel" name="test_channel_fixture[too_narrow]" time="0.002" /><testcase classname="tests.pattern_engine.detectors.test_channel" name="test_channel_fixture[too_wide_pattern]" time="0.002" /><testcase classname="tests.pattern_engine.detectors.test_channel" name="test_fixture_battery_has_minimum_coverage" time="0.004" /><testcase classname="tests.pattern_engine.detectors.test_channel" name="test_narrative_richness" time="0.004" /><testcase classname="tests.pattern_engine.detectors.test_channel" name="test_confidence_formula_pin" time="0.004" /><testcase classname="tests.pattern_engine.detectors.test_cup_handle" name="test_cup_handle_fixture[already_broken]" time="0.003" /><testcase classname="tests.pattern_engine.detectors.test_cup_handle" name="test_cup_handle_fixture[boundary_max_handle]" time="0.003" /><testcase classname="tests.pattern_engine.detectors.test_cup_handle" name="test_cup_handle_fixture[boundary_min_depth]" time="0.003" /><testcase classname="tests.pattern_engine.detectors.test_cup_handle" name="test_cup_handle_fixture[clean_textbook]" time="0.002" /><testcase classname="tests.pattern_engine.detectors.test_cup_handle" name="test_cup_handle_fixture[cup_too_deep]" time="0.002" /><testcase classname="tests.pattern_engine.detectors.test_cup_handle" name="test_cup_handle_fixture[cup_too_shallow]" time="0.002" /><testcase classname="tests.pattern_engine.detectors.test_cup_handle" name="test_cup_handle_fixture[cup_too_short]" time="0.002" /><testcase classname="tests.pattern_engine.detectors.test_cup_handle" name="test_cup_handle_fixture[flat_data]" time="0.002" /><testcase classname="tests.pattern_engine.detectors.test_cup_handle" name="test_cup_handle_fixture[handle_too_deep]" time="0.002" /><testcase classname="tests.pattern_engine.detectors.test_cup_handle" name="test_cup_handle_fixture[handle_too_long]" time="0.002" /><testcase classname="tests.pattern_engine.detectors.test_cup_handle" name="test_cup_handle_fixture[long_cup]" time="0.003" /><testcase classname="tests.pattern_engine.detectors.test_cup_handle" name="test_cup_handle_fixture[rims_mismatched]" time="0.002" /><testcase classname="tests.pattern_engine.detectors.test_cup_handle" name="test_cup_handle_fixture[shallow_cup]" time="0.002" /><testcase classname="tests.pattern_engine.detectors.test_cup_handle" name="test_cup_handle_fixture[tight_handle]" time="0.003" /><testcase classname="tests.pattern_engine.detectors.test_cup_handle" name="test_cup_handle_fixture[v_shape_cup]" time="0.002" /><testcase classname="tests.pattern_engine.detectors.test_cup_handle" name="test_cup_handle_fixture[very_round]" time="0.003" /><testcase classname="tests.pattern_engine.detectors.test_cup_handle" name="test_fixture_battery_has_minimum_coverage" time="0.004" /><testcase classname="tests.pattern_engine.detectors.test_cup_handle" name="test_narrative_richness" time="0.005" /><testcase classname="tests.pattern_engine.detectors.test_cup_handle_uct" name="test_cup_handle_uct_fixture[boundary_advance]" time="0.003" /><testcase classname="tests.pattern_engine.detectors.test_cup_handle_uct" name="test_cup_handle_uct_fixture[boundary_cup_depth]" time="0.003" /><testcase classname="tests.pattern_engine.detectors.test_cup_handle_uct" name="test_cup_handle_uct_fixture[clean_textbook]" time="0.003" /><testcase classname="tests.pattern_engine.detectors.test_cup_handle_uct" name="test_cup_handle_uct_fixture[cup_too_deep]" time="0.002" /><testcase classname="tests.pattern_engine.detectors.test_cup_handle_uct" name="test_cup_handle_uct_fixture[cup_too_long]" time="0.002" /><testcase classname="tests.pattern_engine.detectors.test_cup_handle_uct" name="test_cup_handle_uct_fixture[cup_too_short]" time="0.002" /><testcase classname="tests.pattern_engine.detectors.test_cup_handle_uct" name="test_cup_handle_uct_fixture[deep_cup_acceptable]" time="0.003" /><testcase classname="tests.pattern_engine.detectors.test_cup_handle_uct" name="test_cup_handle_uct_fixture[downtrend_context]" time="0.002" /><testcase classname="tests.pattern_engine.detectors.test_cup_handle_uct" name="test_cup_handle_uct_fixture[dramatic_handle_contraction]" time="0.002" /><testcase classname="tests.pattern_engine.detectors.test_cup_handle_uct" name="test_cup_handle_uct_fixture[handle_too_deep]" time="0.002" /><testcase classname="tests.pattern_engine.detectors.test_cup_handle_uct" name="test_cup_handle_uct_fixture[handle_too_long]" time="0.002" /><testcase classname="tests.pattern_engine.detectors.test_cup_handle_uct" name="test_cup_handle_uct_fixture[handle_volume_too_high]" time="0.002" /><testcase classname="tests.pattern_engine.detectors.test_cup_handle_uct" name="test_cup_handle_uct_fixture[no_pre_advance]" time="0.002" /><testcase classname="tests.pattern_engine.detectors.test_cup_handle_uct" name="test_cup_handle_uct_fixture[shorter_cup]" time="0.002" /><testcase classname="tests.pattern_engine.detectors.test_cup_handle_uct" name="test_cup_handle_uct_fixture[tight_handle]" time="0.002" /><testcase classname="tests.pattern_engine.detectors.test_cup_handle_uct" name="test_fixture_battery_has_minimum_coverage" time="0.005" /><testcase classname="tests.pattern_engine.detectors.test_cup_handle_uct" name="test_narrative_richness" time="0.005" /><testcase classname="tests.pattern_engine.detectors.test_cup_handle_uct" name="test_geometry_extras_richness" time="0.005" /><testcase classname="tests.pattern_engine.detectors.test_dark_cloud_cover" name="test_no_reversal_context_never_fires" time="0.002" /><testcase classname="tests.pattern_engine.detectors.test_dark_cloud_cover" name="test_dark_cloud_cover_fixture[after_advance_accumulation_signature]" time="0.002" /><testcase classname="tests.pattern_engine.detectors.test_dark_cloud_cover" name="test_dark_cloud_cover_fixture[boundary_penetration_50pct]" time="0.002" /><testcase classname="tests.pattern_engine.detectors.test_dark_cloud_cover" name="test_dark_cloud_cover_fixture[boundary_prev_body_40pct]" time="0.002" /><testcase classname="tests.pattern_engine.detectors.test_dark_cloud_cover" name="test_dark_cloud_cover_fixture[clean_at_swing_high]" time="0.002" /><testcase classname="tests.pattern_engine.detectors.test_dark_cloud_cover" name="test_dark_cloud_cover_fixture[close_above_midpoint]" time="0.002" /><testcase classname="tests.pattern_engine.detectors.test_dark_cloud_cover" name="test_dark_cloud_cover_fixture[deep_penetration]" time="0.002" /><testcase classname="tests.pattern_engine.detectors.test_dark_cloud_cover" name="test_dark_cloud_cover_fixture[full_engulf_not_dark_cloud]" time="0.002" /><testcase classname="tests.pattern_engine.detectors.test_dark_cloud_cover" name="test_dark_cloud_cover_fixture[high_volume_distribution]" time="0.002" /><testcase classname="tests.pattern_engine.detectors.test_dark_cloud_cover" name="test_dark_cloud_cover_fixture[low_volume]" time="0.002" /><testcase classname="tests.pattern_engine.detectors.test_dark_cloud_cover" name="test_dark_cloud_cover_fixture[no_gap_up]" time="0.002" /><testcase classname="tests.pattern_engine.detectors.test_dark_cloud_cover" name="test_dark_cloud_cover_fixture[prev_bar_too_short]" time="0.002" /><testcase classname="tests.pattern_engine.detectors.test_dark_cloud_cover" name="test_dark_cloud_cover_fixture[short_series]" time="0.002" /><testcase classname="tests.pattern_engine.detectors.test_dark_cloud_cover" name="test_dark_cloud_cover_fixture[strong_dcr_above_0_5]" time="0.002" /><testcase classname="tests.pattern_engine.detectors.test_dark_cloud_cover" name="test_dark_cloud_cover_fixture[weak_dcr_close]" time="0.002" /><testcase classname="tests.pattern_engine.detectors.test_dark_cloud_cover" name="test_dark_cloud_cover_fixture[wrong_direction]" time="0.002" /><testcase classname="tests.pattern_engine.detectors.test_dark_cloud_cover" name="test_fixture_battery_has_minimum_coverage" time="0.003" /><testcase classname="tests.pattern_engine.detectors.test_dark_cloud_cover" name="test_narrative_richness" time="0.003" /><testcase classname="tests.pattern_engine.detectors.test_dark_cloud_cover" name="test_geometry_extras_richness" time="0.003" /><testcase classname="tests.pattern_engine.detectors.test_dark_cloud_cover" name="test_levels_are_bearish_setup" time="0.003" /><testcase classname="tests.pattern_engine.detectors.test_death_cross" name="test_death_cross_fixture[dc_200sma_slope_rising]" time="0.002" /><testcase classname="tests.pattern_engine.detectors.test_death_cross" name="test_death_cross_fixture[dc_after_distribution_top]" time="0.002" /><testcase classname="tests.pattern_engine.detectors.test_death_cross" name="test_death_cross_fixture[dc_clean_fresh_cross]" time="0.002" /><testcase classname="tests.pattern_engine.detectors.test_death_cross" name="test_death_cross_fixture[dc_cross_on_last_bar]" time="0.002" /><testcase classname="tests.pattern_engine.detectors.test_death_cross" name="test_death_cross_fixture[dc_cross_too_old]" time="0.002" /><testcase classname="tests.pattern_engine.detectors.test_death_cross" name="test_death_cross_fixture[dc_declining_200sma]" time="0.002" /><testcase classname="tests.pattern_engine.detectors.test_death_cross" name="test_death_cross_fixture[dc_edge_cross_oldest_detectable_age4]" time="0.002" /><testcase classname="tests.pattern_engine.detectors.test_death_cross" name="test_death_cross_fixture[dc_edge_slope_gate_boundary_fail]" time="0.002" /><testcase classname="tests.pattern_engine.detectors.test_death_cross" name="test_death_cross_fixture[dc_edge_slope_gate_boundary_pass]" time="0.002" /><testcase classname="tests.pattern_engine.detectors.test_death_cross" name="test_death_cross_fixture[dc_flat_chop_intertwined]" time="0.002" /><testcase classname="tests.pattern_engine.detectors.test_death_cross" name="test_death_cross_fixture[dc_golden_cross_direction]" time="0.002" /><testcase classname="tests.pattern_engine.detectors.test_death_cross" name="test_death_cross_fixture[dc_insufficient_bars]" time="0.002" /><testcase classname="tests.pattern_engine.detectors.test_death_cross" name="test_death_cross_fixture[dc_mas_rising]" time="0.002" /><testcase classname="tests.pattern_engine.detectors.test_death_cross" name="test_death_cross_fixture[dc_no_cross_above_200]" time="0.002" /><testcase classname="tests.pattern_engine.detectors.test_death_cross" name="test_death_cross_fixture[dc_stale_cross_30bars]" time="0.002" /><testcase classname="tests.pattern_engine.detectors.test_death_cross" name="test_death_cross_fixture[dc_strong_volume]" time="0.002" /><testcase classname="tests.pattern_engine.detectors.test_death_cross" name="test_fixture_battery_has_minimum_coverage" time="0.009" /><testcase classname="tests.pattern_engine.detectors.test_death_cross" name="test_narrative_richness" time="0.009" /><testcase classname="tests.pattern_engine.detectors.test_death_cross" name="test_geometry_extras_richness" time="0.008" /><testcase classname="tests.pattern_engine.detectors.test_death_cross" name="test_levels_are_bearish_setup" time="0.008" /><testcase classname="tests.pattern_engine.detectors.test_death_cross" name="test_slope_gate_boundary_pass" time="0.003" /><testcase classname="tests.pattern_engine.detectors.test_death_cross" name="test_slope_gate_boundary_fail" time="0.002" /><testcase classname="tests.pattern_engine.detectors.test_descending_triangle" name="test_descending_triangle_fixture[already_broken_down]" time="0.002" /><testcase classname="tests.pattern_engine.detectors.test_descending_triangle" name="test_descending_triangle_fixture[ascending_shape]" time="0.002" /><testcase classname="tests.pattern_engine.detectors.test_descending_triangle" name="test_descending_triangle_fixture[both_lines_falling]" time="0.002" /><testcase classname="tests.pattern_engine.detectors.test_descending_triangle" name="test_descending_triangle_fixture[boundary_min_touches]" time="0.002" /><testcase classname="tests.pattern_engine.detectors.test_descending_triangle" name="test_descending_triangle_fixture[boundary_wider_gap]" time="0.002" /><testcase classname="tests.pattern_engine.detectors.test_descending_triangle" name="test_descending_triangle_fixture[choppy_no_structure]" time="0.002" /><testcase classname="tests.pattern_engine.detectors.test_descending_triangle" name="test_descending_triangle_fixture[clean_textbook]" time="0.002" /><testcase classname="tests.pattern_engine.detectors.test_descending_triangle" name="test_descending_triangle_fixture[longer_pattern]" time="0.002" /><testcase classname="tests.pattern_engine.detectors.test_descending_triangle" name="test_descending_triangle_fixture[no_falling_highs]" time="0.002" /><testcase classname="tests.pattern_engine.detectors.test_descending_triangle" name="test_descending_triangle_fixture[no_flat_bottom]" time="0.002" /><testcase classname="tests.pattern_engine.detectors.test_descending_triangle" name="test_descending_triangle_fixture[no_pattern_flat]" time="0.002" /><testcase classname="tests.pattern_engine.detectors.test_descending_triangle" name="test_descending_triangle_fixture[pattern_too_short]" time="0.002" /><testcase classname="tests.pattern_engine.detectors.test_descending_triangle" name="test_descending_triangle_fixture[perfect_setup]" time="0.002" /><testcase classname="tests.pattern_engine.detectors.test_descending_triangle" name="test_descending_triangle_fixture[strong_volume_contraction]" time="0.002" /><testcase classname="tests.pattern_engine.detectors.test_descending_triangle" name="test_descending_triangle_fixture[tight_convergence]" time="0.002" /><testcase classname="tests.pattern_engine.detectors.test_descending_triangle" name="test_fixture_battery_has_minimum_coverage" time="0.004" /><testcase classname="tests.pattern_engine.detectors.test_descending_triangle" name="test_narrative_richness" time="0.004" /><testcase classname="tests.pattern_engine.detectors.test_doji" name="test_doji_fixture[big_body_bar]" time="0.002" /><testcase classname="tests.pattern_engine.detectors.test_doji" name="test_doji_fixture[boundary_body_under_5pct]" time="0.002" /><testcase classname="tests.pattern_engine.detectors.test_doji" name="test_doji_fixture[boundary_dragonfly_threshold]" time="0.002" /><testcase classname="tests.pattern_engine.detectors.test_doji" name="test_doji_fixture[doji_in_chop_no_context]" time="0.002" /><testcase classname="tests.pattern_engine.detectors.test_doji" name="test_doji_fixture[dragonfly_at_low]" time="0.002" /><testcase classname="tests.pattern_engine.detectors.test_doji" name="test_doji_fixture[dragonfly_near_support]" time="0.002" /><testcase classname="tests.pattern_engine.detectors.test_doji" name="test_doji_fixture[gravestone_at_high]" time="0.002" /><testcase classname="tests.pattern_engine.detectors.test_doji" name="test_doji_fixture[hammer_not_doji]" time="0.002" /><testcase classname="tests.pattern_engine.detectors.test_doji" name="test_doji_fixture[large_red_body]" time="0.002" /><testcase classname="tests.pattern_engine.detectors.test_doji" name="test_doji_fixture[long_legged_at_low]" time="0.002" /><testcase classname="tests.pattern_engine.detectors.test_doji" name="test_doji_fixture[no_doji_in_last_5]" time="0.002" /><testcase classname="tests.pattern_engine.detectors.test_doji" name="test_doji_fixture[no_wicks_marubozu]" time="0.002" /><testcase classname="tests.pattern_engine.detectors.test_doji" name="test_doji_fixture[shooting_star_not_doji]" time="0.002" /><testcase classname="tests.pattern_engine.detectors.test_doji" name="test_doji_fixture[short_series]" time="0.002" /><testcase classname="tests.pattern_engine.detectors.test_doji" name="test_doji_fixture[standard_at_high]" time="0.002" /><testcase classname="tests.pattern_engine.detectors.test_doji" name="test_fixture_battery_has_minimum_coverage" time="0.003" /><testcase classname="tests.pattern_engine.detectors.test_doji" name="test_narrative_richness" time="0.003" /><testcase classname="tests.pattern_engine.detectors.test_doji" name="test_geometry_extras_richness" time="0.003" /><testcase classname="tests.pattern_engine.detectors.test_doji" name="test_dragonfly_variant_emits_bullish_bias" time="0.003" /><testcase classname="tests.pattern_engine.detectors.test_doji" name="test_gravestone_variant_emits_bearish_bias" time="0.003" /><testcase classname="tests.pattern_engine.detectors.test_donchian_breakout" name="test_donchian_breakout_fixture[borderline_vol]" time="0.002" /><testcase classname="tests.pattern_engine.detectors.test_donchian_breakout" name="test_donchian_breakout_fixture[just_above_low]" time="0.002" /><testcase classname="tests.pattern_engine.detectors.test_donchian_breakout" name="test_donchian_breakout_fixture[just_below_high]" time="0.002" /><testcase classname="tests.pattern_engine.detectors.test_donchian_breakout" name="test_donchian_breakout_fixture[low_vol_long_break]" time="0.002" /><testcase classname="tests.pattern_engine.detectors.test_donchian_breakout" name="test_donchian_breakout_fixture[low_volume_break]" time="0.002" /><testcase classname="tests.pattern_engine.detectors.test_donchian_breakout" name="test_donchian_breakout_fixture[marginal_break_vol_ok]" time="0.002" /><testcase classname="tests.pattern_engine.detectors.test_donchian_breakout" name="test_donchian_breakout_fixture[range_no_break]" time="0.002" /><testcase classname="tests.pattern_engine.detectors.test_donchian_breakout" name="test_donchian_breakout_fixture[range_no_break_2]" time="0.002" /><testcase classname="tests.pattern_engine.detectors.test_donchian_breakout" name="test_donchian_breakout_fixture[range_no_break_3]" time="0.002" /><testcase classname="tests.pattern_engine.detectors.test_donchian_breakout" name="test_donchian_breakout_fixture[strong_long_break_high_vol]" time="0.002" /><testcase classname="tests.pattern_engine.detectors.test_donchian_breakout" name="test_donchian_breakout_fixture[system1_long_break]" time="0.002" /><testcase classname="tests.pattern_engine.detectors.test_donchian_breakout" name="test_donchian_breakout_fixture[system1_short_break]" time="0.002" /><testcase classname="tests.pattern_engine.detectors.test_donchian_breakout" name="test_donchian_breakout_fixture[system2_long_break]" time="0.002" /><testcase classname="tests.pattern_engine.detectors.test_donchian_breakout" name="test_donchian_breakout_fixture[system2_short_break]" time="0.002" /><testcase classname="tests.pattern_engine.detectors.test_donchian_breakout" name="test_donchian_breakout_fixture[too_short]" time="0.002" /><testcase classname="tests.pattern_engine.detectors.test_donchian_breakout" name="test_fixture_battery_has_minimum_coverage" time="0.005" /><testcase classname="tests.pattern_engine.detectors.test_donchian_breakout" name="test_narrative_richness" time="0.004" /><testcase classname="tests.pattern_engine.detectors.test_donchian_breakout" name="test_geometry_extras_richness" time="0.004" /><testcase classname="tests.pattern_engine.detectors.test_double_bottom" name="test_double_bottom_fixture[already_broken]" time="0.002" /><testcase classname="tests.pattern_engine.detectors.test_double_bottom" name="test_double_bottom_fixture[boundary_retrace]" time="0.002" /><testcase classname="tests.pattern_engine.detectors.test_double_bottom" name="test_double_bottom_fixture[boundary_similarity]" time="0.002" /><testcase classname="tests.pattern_engine.detectors.test_double_bottom" name="test_double_bottom_fixture[chaotic_noise]" time="0.002" /><testcase classname="tests.pattern_engine.detectors.test_double_bottom" name="test_double_bottom_fixture[clean_textbook]" time="0.002" /><testcase classname="tests.pattern_engine.detectors.test_double_bottom" name="test_double_bottom_fixture[expanding_volume]" time="0.002" /><testcase classname="tests.pattern_engine.detectors.test_double_bottom" name="test_double_bottom_fixture[flat_data]" time="0.002" /><testcase classname="tests.pattern_engine.detectors.test_double_bottom" name="test_double_bottom_fixture[only_one_trough]" time="0.002" /><testcase classname="tests.pattern_engine.detectors.test_double_bottom" name="test_double_bottom_fixture[pattern_too_short]" time="0.002" /><testcase classname="tests.pattern_engine.detectors.test_double_bottom" name="test_double_bottom_fixture[retrace_too_deep]" time="0.002" /><testcase classname="tests.pattern_engine.detectors.test_double_bottom" name="test_double_bottom_fixture[retrace_too_shallow]" time="0.002" /><testcase classname="tests.pattern_engine.detectors.test_double_bottom" name="test_double_bottom_fixture[shallow_retrace]" time="0.002" /><testcase classname="tests.pattern_engine.detectors.test_double_bottom" name="test_double_bottom_fixture[tight_match]" time="0.002" /><testcase classname="tests.pattern_engine.detectors.test_double_bottom" name="test_double_bottom_fixture[troughs_too_close]" time="0.002" /><testcase classname="tests.pattern_engine.detectors.test_double_bottom" name="test_double_bottom_fixture[troughs_too_different]" time="0.002" /><testcase classname="tests.pattern_engine.detectors.test_double_bottom" name="test_double_bottom_fixture[widely_spaced_troughs]" time="0.002" /><testcase classname="tests.pattern_engine.detectors.test_double_bottom" name="test_fixture_battery_has_minimum_coverage" time="0.003" /><testcase classname="tests.pattern_engine.detectors.test_double_bottom" name="test_narrative_richness" time="0.004" /><testcase classname="tests.pattern_engine.detectors.test_double_top" name="test_double_top_fixture[already_broken]" time="0.002" /><testcase classname="tests.pattern_engine.detectors.test_double_top" name="test_double_top_fixture[boundary_retrace]" time="0.002" /><testcase classname="tests.pattern_engine.detectors.test_double_top" name="test_double_top_fixture[boundary_similarity]" time="0.002" /><testcase classname="tests.pattern_engine.detectors.test_double_top" name="test_double_top_fixture[chaotic_noise]" time="0.002" /><testcase classname="tests.pattern_engine.detectors.test_double_top" name="test_double_top_fixture[clean_textbook]" time="0.002" /><testcase classname="tests.pattern_engine.detectors.test_double_top" name="test_double_top_fixture[declining_volume]" time="0.002" /><testcase classname="tests.pattern_engine.detectors.test_double_top" name="test_double_top_fixture[flat_data]" time="0.002" /><testcase classname="tests.pattern_engine.detectors.test_double_top" name="test_double_top_fixture[only_one_peak]" time="0.002" /><testcase classname="tests.pattern_engine.detectors.test_double_top" name="test_double_top_fixture[pattern_too_short]" time="0.002" /><testcase classname="tests.pattern_engine.detectors.test_double_top" name="test_double_top_fixture[peaks_too_close]" time="0.002" /><testcase classname="tests.pattern_engine.detectors.test_double_top" name="test_double_top_fixture[peaks_too_different]" time="0.002" /><testcase classname="tests.pattern_engine.detectors.test_double_top" name="test_double_top_fixture[retrace_too_deep]" time="0.002" /><testcase classname="tests.pattern_engine.detectors.test_double_top" name="test_double_top_fixture[retrace_too_shallow]" time="0.002" /><testcase classname="tests.pattern_engine.detectors.test_double_top" name="test_double_top_fixture[shallow_retrace]" time="0.002" /><testcase classname="tests.pattern_engine.detectors.test_double_top" name="test_double_top_fixture[tight_match]" time="0.002" /><testcase classname="tests.pattern_engine.detectors.test_double_top" name="test_double_top_fixture[widely_spaced_peaks]" time="0.002" /><testcase classname="tests.pattern_engine.detectors.test_double_top" name="test_fixture_battery_has_minimum_coverage" time="0.004" /><testcase classname="tests.pattern_engine.detectors.test_double_top" name="test_narrative_richness" time="0.004" /><testcase classname="tests.pattern_engine.detectors.test_episodic_pivot" name="test_episodic_pivot_fixture[base_too_deep]" time="0.002" /><testcase classname="tests.pattern_engine.detectors.test_episodic_pivot" name="test_episodic_pivot_fixture[below_4pct_gap_still_refused]" time="0.002" /><testcase classname="tests.pattern_engine.detectors.test_episodic_pivot" name="test_episodic_pivot_fixture[boundary_band_5pct_gap]" time="0.002" /><testcase classname="tests.pattern_engine.detectors.test_episodic_pivot" name="test_episodic_pivot_fixture[boundary_gap_exactly_4pct]" time="0.002" /><testcase classname="tests.pattern_engine.detectors.test_episodic_pivot" name="test_episodic_pivot_fixture[boundary_range]" time="0.002" /><testcase classname="tests.pattern_engine.detectors.test_episodic_pivot" name="test_episodic_pivot_fixture[boundary_volume]" time="0.002" /><testcase classname="tests.pattern_engine.detectors.test_episodic_pivot" name="test_episodic_pivot_fixture[clean_textbook]" time="0.002" /><testcase classname="tests.pattern_engine.detectors.test_episodic_pivot" name="test_episodic_pivot_fixture[close_below_base]" time="0.002" /><testcase classname="tests.pattern_engine.detectors.test_episodic_pivot" name="test_episodic_pivot_fixture[close_too_weak]" time="0.002" /><testcase classname="tests.pattern_engine.detectors.test_episodic_pivot" name="test_episodic_pivot_fixture[context_perfect]" time="0.002" /><testcase classname="tests.pattern_engine.detectors.test_episodic_pivot" name="test_episodic_pivot_fixture[downtrend_stage_4]" time="0.002" /><testcase classname="tests.pattern_engine.detectors.test_episodic_pivot" name="test_episodic_pivot_fixture[dramatic_ep]" time="0.002" /><testcase classname="tests.pattern_engine.detectors.test_episodic_pivot" name="test_episodic_pivot_fixture[ep_not_recent]" time="0.002" /><testcase classname="tests.pattern_engine.detectors.test_episodic_pivot" name="test_episodic_pivot_fixture[ep_range_too_small]" time="0.002" /><testcase classname="tests.pattern_engine.detectors.test_episodic_pivot" name="test_episodic_pivot_fixture[ep_volume_too_low]" time="0.002" /><testcase classname="tests.pattern_engine.detectors.test_episodic_pivot" name="test_episodic_pivot_fixture[long_base_modest_ep]" time="0.002" /><testcase classname="tests.pattern_engine.detectors.test_episodic_pivot" name="test_episodic_pivot_fixture[no_base]" time="0.002" /><testcase classname="tests.pattern_engine.detectors.test_episodic_pivot" name="test_episodic_pivot_fixture[no_gap_range_expansion_only]" time="0.002" /><testcase classname="tests.pattern_engine.detectors.test_episodic_pivot" name="test_episodic_pivot_fixture[small_base_strong_ep]" time="0.002" /><testcase classname="tests.pattern_engine.detectors.test_episodic_pivot" name="test_fixture_battery_has_minimum_coverage" time="0.004" /><testcase classname="tests.pattern_engine.detectors.test_episodic_pivot" name="test_narrative_richness" time="0.004" /><testcase classname="tests.pattern_engine.detectors.test_episodic_pivot" name="test_geometry_extras_richness" time="0.004" /><testcase classname="tests.pattern_engine.detectors.test_evening_star" name="test_no_reversal_context_never_fires" time="0.002" /><testcase classname="tests.pattern_engine.detectors.test_evening_star" name="test_evening_star_fixture[bar1_too_short]" time="0.002" /><testcase classname="tests.pattern_engine.detectors.test_evening_star" name="test_evening_star_fixture[boundary_body_size]" time="0.002" /><testcase classname="tests.pattern_engine.detectors.test_evening_star" name="test_evening_star_fixture[boundary_midpoint_penetration]" time="0.002" /><testcase classname="tests.pattern_engine.detectors.test_evening_star" name="test_evening_star_fixture[clean_textbook]" time="0.002" /><testcase classname="tests.pattern_engine.detectors.test_evening_star" name="test_evening_star_fixture[doji_middle]" time="0.002" /><testcase classname="tests.pattern_engine.detectors.test_evening_star" name="test_evening_star_fixture[dramatic_engulfment]" time="0.002" /><testcase classname="tests.pattern_engine.detectors.test_evening_star" name="test_evening_star_fixture[in_chop_no_swing]" time="0.002" /><testcase classname="tests.pattern_engine.detectors.test_evening_star" name="test_evening_star_fixture[midpoint_not_penetrated]" time="0.002" /><testcase classname="tests.pattern_engine.detectors.test_evening_star" name="test_evening_star_fixture[no_pattern_continuation]" time="0.002" /><testcase classname="tests.pattern_engine.detectors.test_evening_star" name="test_evening_star_fixture[perfect_context_alignment]" time="0.002" /><testcase classname="tests.pattern_engine.detectors.test_evening_star" name="test_evening_star_fixture[star_body_too_big]" time="0.002" /><testcase classname="tests.pattern_engine.detectors.test_evening_star" name="test_evening_star_fixture[weak_dcr_close]" time="0.002" /><testcase classname="tests.pattern_engine.detectors.test_evening_star" name="test_evening_star_fixture[weak_volume_no_confirmation]" time="0.002" /><testcase classname="tests.pattern_engine.detectors.test_evening_star" name="test_evening_star_fixture[wrong_bar_count_green_green_red]" time="0.002" /><testcase classname="tests.pattern_engine.detectors.test_evening_star" name="test_evening_star_fixture[wrong_direction_morning_star]" time="0.002" /><testcase classname="tests.pattern_engine.detectors.test_evening_star" name="test_fixture_battery_has_minimum_coverage" time="0.003" /><testcase classname="tests.pattern_engine.detectors.test_evening_star" name="test_narrative_richness" time="0.003" /><testcase classname="tests.pattern_engine.detectors.test_evening_star" name="test_geometry_extras_richness" time="0.003" /><testcase classname="tests.pattern_engine.detectors.test_evening_star" name="test_levels_are_bearish_setup" time="0.003" /><testcase classname="tests.pattern_engine.detectors.test_evening_star" name="test_bulkowski_citation_is_accurate" time="0.003" /><testcase classname="tests.pattern_engine.detectors.test_falling_wedge" name="test_falling_wedge_fixture[boundary_min_convergence]" time="0.003" /><testcase classname="tests.pattern_engine.detectors.test_falling_wedge" name="test_falling_wedge_fixture[boundary_min_depth]" time="0.003" /><testcase classname="tests.pattern_engine.detectors.test_falling_wedge" name="test_falling_wedge_fixture[choppy_noise]" time="0.003" /><testcase classname="tests.pattern_engine.detectors.test_falling_wedge" name="test_falling_wedge_fixture[clean_textbook]" time="0.003" /><testcase classname="tests.pattern_engine.detectors.test_falling_wedge" name="test_falling_wedge_fixture[depth_too_deep]" time="0.002" /><testcase classname="tests.pattern_engine.detectors.test_falling_wedge" name="test_falling_wedge_fixture[depth_too_shallow]" time="0.002" /><testcase classname="tests.pattern_engine.detectors.test_falling_wedge" name="test_falling_wedge_fixture[long_wedge]" time="0.003" /><testcase classname="tests.pattern_engine.detectors.test_falling_wedge" name="test_falling_wedge_fixture[lower_rising_steeply]" time="0.002" /><testcase classname="tests.pattern_engine.detectors.test_falling_wedge" name="test_falling_wedge_fixture[no_wedge]" time="0.002" /><testcase classname="tests.pattern_engine.detectors.test_falling_wedge" name="test_falling_wedge_fixture[parallel_not_converging]" time="0.002" /><testcase classname="tests.pattern_engine.detectors.test_falling_wedge" name="test_falling_wedge_fixture[shallow_wedge]" time="0.002" /><testcase classname="tests.pattern_engine.detectors.test_falling_wedge" name="test_falling_wedge_fixture[strong_volume_contraction]" time="0.002" /><testcase classname="tests.pattern_engine.detectors.test_falling_wedge" name="test_falling_wedge_fixture[tight_wedge]" time="0.002" /><testcase classname="tests.pattern_engine.detectors.test_falling_wedge" name="test_falling_wedge_fixture[upper_rising]" time="0.002" /><testcase classname="tests.pattern_engine.detectors.test_falling_wedge" name="test_falling_wedge_fixture[wedge_too_short]" time="0.002" /><testcase classname="tests.pattern_engine.detectors.test_falling_wedge" name="test_fixture_battery_has_minimum_coverage" time="0.004" /><testcase classname="tests.pattern_engine.detectors.test_falling_wedge" name="test_narrative_richness" time="0.004" /><testcase classname="tests.pattern_engine.detectors.test_fixture_loader" name="test_load_fixture_parses_json" time="0.002" /><testcase classname="tests.pattern_engine.detectors.test_fixture_loader" name="test_load_all_fixtures_returns_at_least_one" time="0.004" /><testcase classname="tests.pattern_engine.detectors.test_fixture_loader" name="test_fixture_skipping_underscore_prefixed_works" time="0.004" /><testcase classname="tests.pattern_engine.detectors.test_flat_base" name="test_flat_base_fixture[already_broken]" time="0.002" /><testcase classname="tests.pattern_engine.detectors.test_flat_base" name="test_flat_base_fixture[base_sloped_down]" time="0.002" /><testcase classname="tests.pattern_engine.detectors.test_flat_base" name="test_flat_base_fixture[base_too_deep]" time="0.002" /><testcase classname="tests.pattern_engine.detectors.test_flat_base" name="test_flat_base_fixture[base_too_short]" time="0.002" /><testcase classname="tests.pattern_engine.detectors.test_flat_base" name="test_flat_base_fixture[boundary_max_depth]" time="0.011" /><testcase classname="tests.pattern_engine.detectors.test_flat_base" name="test_flat_base_fixture[boundary_min_advance]" time="0.006" /><testcase classname="tests.pattern_engine.detectors.test_flat_base" name="test_flat_base_fixture[choppy_no_pattern]" time="0.003" /><testcase classname="tests.pattern_engine.detectors.test_flat_base" name="test_flat_base_fixture[clean_textbook]" time="0.012" /><testcase classname="tests.pattern_engine.detectors.test_flat_base" name="test_flat_base_fixture[downtrend_context]" time="0.010" /><testcase classname="tests.pattern_engine.detectors.test_flat_base" name="test_flat_base_fixture[dramatic_advance]" time="0.011" /><testcase classname="tests.pattern_engine.detectors.test_flat_base" name="test_flat_base_fixture[long_base]" time="0.017" /><testcase classname="tests.pattern_engine.detectors.test_flat_base" name="test_flat_base_fixture[no_prior_advance]" time="0.003" /><testcase classname="tests.pattern_engine.detectors.test_flat_base" name="test_flat_base_fixture[perfect_volume_contraction]" time="0.011" /><testcase classname="tests.pattern_engine.detectors.test_flat_base" name="test_flat_base_fixture[tight_base]" time="0.005" /><testcase classname="tests.pattern_engine.detectors.test_flat_base" name="test_flat_base_fixture[volume_expanding]" time="0.011" /><testcase classname="tests.pattern_engine.detectors.test_flat_base" name="test_fixture_battery_has_minimum_coverage" time="0.004" /><testcase classname="tests.pattern_engine.detectors.test_flat_base" name="test_narrative_richness" time="0.014" /><testcase classname="tests.pattern_engine.detectors.test_flat_base" name="test_geometry_extras_richness" time="0.013" /><testcase classname="tests.pattern_engine.detectors.test_golden_cross" name="test_golden_cross_fixture[gc_200sma_too_negative]" time="0.002" /><testcase classname="tests.pattern_engine.detectors.test_golden_cross" name="test_golden_cross_fixture[gc_after_long_base]" time="0.002" /><testcase classname="tests.pattern_engine.detectors.test_golden_cross" name="test_golden_cross_fixture[gc_clean_fresh_cross]" time="0.002" /><testcase classname="tests.pattern_engine.detectors.test_golden_cross" name="test_golden_cross_fixture[gc_cross_1_bar_ago]" time="0.002" /><testcase classname="tests.pattern_engine.detectors.test_golden_cross" name="test_golden_cross_fixture[gc_cross_too_old]" time="0.002" /><testcase classname="tests.pattern_engine.detectors.test_golden_cross" name="test_golden_cross_fixture[gc_death_cross_direction]" time="0.002" /><testcase classname="tests.pattern_engine.detectors.test_golden_cross" name="test_golden_cross_fixture[gc_edge_cross_oldest_detectable_age4]" time="0.002" /><testcase classname="tests.pattern_engine.detectors.test_golden_cross" name="test_golden_cross_fixture[gc_edge_slope_gate_boundary_pass]" time="0.002" /><testcase classname="tests.pattern_engine.detectors.test_golden_cross" name="test_golden_cross_fixture[gc_edge_volume_half_avg]" time="0.002" /><testcase classname="tests.pattern_engine.detectors.test_golden_cross" name="test_golden_cross_fixture[gc_flat_chop_intertwined]" time="0.002" /><testcase classname="tests.pattern_engine.detectors.test_golden_cross" name="test_golden_cross_fixture[gc_insufficient_bars]" time="0.002" /><testcase classname="tests.pattern_engine.detectors.test_golden_cross" name="test_golden_cross_fixture[gc_mas_declining]" time="0.002" /><testcase classname="tests.pattern_engine.detectors.test_golden_cross" name="test_golden_cross_fixture[gc_no_cross_below_200]" time="0.002" /><testcase classname="tests.pattern_engine.detectors.test_golden_cross" name="test_golden_cross_fixture[gc_rising_200sma]" time="0.002" /><testcase classname="tests.pattern_engine.detectors.test_golden_cross" name="test_golden_cross_fixture[gc_slope_gate_boundary_fail]" time="0.002" /><testcase classname="tests.pattern_engine.detectors.test_golden_cross" name="test_golden_cross_fixture[gc_stale_cross_30bars]" time="0.002" /><testcase classname="tests.pattern_engine.detectors.test_golden_cross" name="test_golden_cross_fixture[gc_strong_volume]" time="0.002" /><testcase classname="tests.pattern_engine.detectors.test_golden_cross" name="test_fixture_battery_has_minimum_coverage" time="0.010" /><testcase classname="tests.pattern_engine.detectors.test_golden_cross" name="test_narrative_richness" time="0.010" /><testcase classname="tests.pattern_engine.detectors.test_golden_cross" name="test_geometry_extras_richness" time="0.010" /><testcase classname="tests.pattern_engine.detectors.test_golden_cross" name="test_levels_are_bullish_setup" time="0.009" /><testcase classname="tests.pattern_engine.detectors.test_golden_cross" name="test_slope_gate_boundary_pass_with_eps" time="0.003" /><testcase classname="tests.pattern_engine.detectors.test_golden_cross" name="test_eps_is_defensive" time="0.002" /><testcase classname="tests.pattern_engine.detectors.test_golden_cross" name="test_slope_gate_boundary_fail_without_cross" time="0.002" /><testcase classname="tests.pattern_engine.detectors.test_group1_narrative_truthfulness" name="test_no_fabricated_fragment_survives_in_any_positive_fixture[bull_flag--]" time="0.006" /><testcase classname="tests.pattern_engine.detectors.test_group1_narrative_truthfulness" name="test_no_fabricated_fragment_survives_in_any_positive_fixture[bullish_engulfing--]" time="0.004" /><testcase classname="tests.pattern_engine.detectors.test_group1_narrative_truthfulness" name="test_no_fabricated_fragment_survives_in_any_positive_fixture[bearish_engulfing--]" time="0.004" /><testcase classname="tests.pattern_engine.detectors.test_group1_narrative_truthfulness" name="test_no_fabricated_fragment_survives_in_any_positive_fixture[high_tight_flag--]" time="0.006" /><testcase classname="tests.pattern_engine.detectors.test_group1_narrative_truthfulness" name="test_no_fabricated_fragment_survives_in_any_positive_fixture[flat_base--]" time="0.062" /><testcase classname="tests.pattern_engine.detectors.test_group1_narrative_truthfulness" name="test_no_fabricated_fragment_survives_in_any_positive_fixture[power_earnings_gap--]" time="0.006" /><testcase classname="tests.pattern_engine.detectors.test_group1_narrative_truthfulness" name="test_no_fabricated_fragment_survives_in_any_positive_fixture[episodic_pivot--]" time="0.006" /><testcase classname="tests.pattern_engine.detectors.test_group1_narrative_truthfulness" name="test_no_fabricated_fragment_survives_in_any_positive_fixture[vcp--]" time="0.009" /><testcase classname="tests.pattern_engine.detectors.test_group1_narrative_truthfulness" name="test_high_tight_flag_narrative_still_cites_real_sourced_criteria" time="0.006" /><testcase classname="tests.pattern_engine.detectors.test_group1_narrative_truthfulness" name="test_flat_base_narrative_still_cites_a_real_ibd_cousin_structure" time="0.062" /><testcase classname="tests.pattern_engine.detectors.test_group1_narrative_truthfulness" name="test_episodic_pivot_narrative_still_cites_real_kullamagi_ep_criteria" time="0.006" /><testcase classname="tests.pattern_engine.detectors.test_group1_narrative_truthfulness" name="test_power_earnings_gap_narrative_matches_its_own_gate_constant" time="0.006" /><testcase classname="tests.pattern_engine.detectors.test_group1_narrative_truthfulness" name="test_power_earnings_gap_docstring_citation_no_longer_implies_a_peg_specific_source" time="0.002" /><testcase classname="tests.pattern_engine.detectors.test_group1_narrative_truthfulness" name="test_classification_unchanged_across_full_fixture_battery[bull_flag--]" time="0.008" /><testcase classname="tests.pattern_engine.detectors.test_group1_narrative_truthfulness" name="test_classification_unchanged_across_full_fixture_battery[bullish_engulfing--]" time="0.004" /><testcase classname="tests.pattern_engine.detectors.test_group1_narrative_truthfulness" name="test_classification_unchanged_across_full_fixture_battery[bearish_engulfing--]" time="0.004" /><testcase classname="tests.pattern_engine.detectors.test_group1_narrative_truthfulness" name="test_classification_unchanged_across_full_fixture_battery[high_tight_flag--]" time="0.008" /><testcase classname="tests.pattern_engine.detectors.test_group1_narrative_truthfulness" name="test_classification_unchanged_across_full_fixture_battery[flat_base--]" time="0.083" /><testcase classname="tests.pattern_engine.detectors.test_group1_narrative_truthfulness" name="test_classification_unchanged_across_full_fixture_battery[power_earnings_gap--]" time="0.006" /><testcase classname="tests.pattern_engine.detectors.test_group1_narrative_truthfulness" name="test_classification_unchanged_across_full_fixture_battery[episodic_pivot--]" time="0.006" /><testcase classname="tests.pattern_engine.detectors.test_group1_narrative_truthfulness" name="test_classification_unchanged_across_full_fixture_battery[vcp--]" time="0.012" /><testcase classname="tests.pattern_engine.detectors.test_group2_liquidity_floor" name="test_liquidity_floor_rejects_a_penny_price" time="0.002" /><testcase classname="tests.pattern_engine.detectors.test_group2_liquidity_floor" name="test_liquidity_floor_rejects_near_dead_volume_even_at_a_healthy_price" time="0.002" /><testcase classname="tests.pattern_engine.detectors.test_group2_liquidity_floor" name="test_liquidity_floor_passes_a_normal_liquid_series" time="0.002" /><testcase classname="tests.pattern_engine.detectors.test_group2_liquidity_floor" name="test_liquidity_floor_reproduces_each_phase5_penny_case_by_price_alone" time="0.002" /><testcase classname="tests.pattern_engine.detectors.test_group2_liquidity_floor" name="test_penny_scaled_variant_of_a_real_positive_fixture_is_refused[bull_flag]" time="0.003" /><testcase classname="tests.pattern_engine.detectors.test_group2_liquidity_floor" name="test_penny_scaled_variant_of_a_real_positive_fixture_is_refused[bullish_engulfing]" time="0.002" /><testcase classname="tests.pattern_engine.detectors.test_group2_liquidity_floor" name="test_penny_scaled_variant_of_a_real_positive_fixture_is_refused[bearish_engulfing]" time="0.002" /><testcase classname="tests.pattern_engine.detectors.test_group2_liquidity_floor" name="test_penny_scaled_variant_of_a_real_positive_fixture_is_refused[high_tight_flag]" time="0.003" /><testcase classname="tests.pattern_engine.detectors.test_group2_liquidity_floor" name="test_penny_scaled_variant_of_a_real_positive_fixture_is_refused[flat_base]" time="0.003" /><testcase classname="tests.pattern_engine.detectors.test_group2_liquidity_floor" name="test_penny_scaled_variant_of_a_real_positive_fixture_is_refused[power_earnings_gap]" time="0.003" /><testcase classname="tests.pattern_engine.detectors.test_group2_liquidity_floor" name="test_the_same_fixture_at_its_real_price_still_fires[bull_flag]" time="0.003" /><testcase classname="tests.pattern_engine.detectors.test_group2_liquidity_floor" name="test_the_same_fixture_at_its_real_price_still_fires[bullish_engulfing]" time="0.003" /><testcase classname="tests.pattern_engine.detectors.test_group2_liquidity_floor" name="test_the_same_fixture_at_its_real_price_still_fires[bearish_engulfing]" time="0.003" /><testcase classname="tests.pattern_engine.detectors.test_group2_liquidity_floor" name="test_the_same_fixture_at_its_real_price_still_fires[high_tight_flag]" time="0.003" /><testcase classname="tests.pattern_engine.detectors.test_group2_liquidity_floor" name="test_the_same_fixture_at_its_real_price_still_fires[flat_base]" time="0.012" /><testcase classname="tests.pattern_engine.detectors.test_group2_liquidity_floor" name="test_the_same_fixture_at_its_real_price_still_fires[power_earnings_gap]" time="0.003" /><testcase classname="tests.pattern_engine.detectors.test_group2_liquidity_floor" name="test_flat_base_qualifies_rejects_a_penny_scaled_qualifying_base" time="0.003" /><testcase classname="tests.pattern_engine.detectors.test_group2_liquidity_floor" name="test_ascending_base_state_rejects_a_penny_priced_staircase" time="0.003" /><testcase classname="tests.pattern_engine.detectors.test_group2_liquidity_floor" name="test_full_battery_classification_preserved_at_real_prices[bull_flag]" time="0.008" /><testcase classname="tests.pattern_engine.detectors.test_group2_liquidity_floor" name="test_full_battery_classification_preserved_at_real_prices[bullish_engulfing]" time="0.004" /><testcase classname="tests.pattern_engine.detectors.test_group2_liquidity_floor" name="test_full_battery_classification_preserved_at_real_prices[bearish_engulfing]" time="0.004" /><testcase classname="tests.pattern_engine.detectors.test_group2_liquidity_floor" name="test_full_battery_classification_preserved_at_real_prices[high_tight_
[...]
tection_never_fabricates_an_eligibility_boolean[boundary_max_retrace-]" time="0.005" /><testcase classname="tests.pattern_engine.test_explanation_builder" name="test_raw_unadapted_detection_never_fabricates_an_eligibility_boolean[boundary_min_pole-]" time="0.005" /><testcase classname="tests.pattern_engine.test_explanation_builder" name="test_raw_unadapted_detection_never_fabricates_an_eligibility_boolean[clean_textbook-]" time="0.005" /><testcase classname="tests.pattern_engine.test_explanation_builder" name="test_raw_unadapted_detection_never_fabricates_an_eligibility_boolean[dramatic_volume_contraction-]" time="0.005" /><testcase classname="tests.pattern_engine.test_explanation_builder" name="test_raw_unadapted_detection_never_fabricates_an_eligibility_boolean[extreme_pole-]" time="0.005" /><testcase classname="tests.pattern_engine.test_explanation_builder" name="test_raw_unadapted_detection_never_fabricates_an_eligibility_boolean[longer_pole_acceptable-]" time="0.005" /><testcase classname="tests.pattern_engine.test_explanation_builder" name="test_raw_unadapted_detection_never_fabricates_an_eligibility_boolean[tight_flag_short-]" time="0.005" /><testcase classname="tests.pattern_engine.test_explanation_builder" name="test_historical_score_is_never_presented_as_a_measured_win_rate[boundary_max_retrace-]" time="0.005" /><testcase classname="tests.pattern_engine.test_explanation_builder" name="test_historical_score_is_never_presented_as_a_measured_win_rate[boundary_min_pole-]" time="0.005" /><testcase classname="tests.pattern_engine.test_explanation_builder" name="test_historical_score_is_never_presented_as_a_measured_win_rate[clean_textbook-0]" time="0.005" /><testcase classname="tests.pattern_engine.test_explanation_builder" name="test_historical_score_is_never_presented_as_a_measured_win_rate[dramatic_volume_contraction-]" time="0.005" /><testcase classname="tests.pattern_engine.test_explanation_builder" name="test_historical_score_is_never_presented_as_a_measured_win_rate[extreme_pole-]" time="0.005" /><testcase classname="tests.pattern_engine.test_explanation_builder" name="test_historical_score_is_never_presented_as_a_measured_win_rate[longer_pole_acceptable-]" time="0.005" /><testcase classname="tests.pattern_engine.test_explanation_builder" name="test_historical_score_is_never_presented_as_a_measured_win_rate[tight_flag_short-]" time="0.005" /><testcase classname="tests.pattern_engine.test_explanation_builder" name="test_historical_score_is_never_presented_as_a_measured_win_rate[boundary_gap_pct-]" time="0.005" /><testcase classname="tests.pattern_engine.test_explanation_builder" name="test_historical_score_is_never_presented_as_a_measured_win_rate[boundary_volume-]" time="0.005" /><testcase classname="tests.pattern_engine.test_explanation_builder" name="test_historical_score_is_never_presented_as_a_measured_win_rate[clean_textbook-1]" time="0.005" /><testcase classname="tests.pattern_engine.test_explanation_builder" name="test_historical_score_is_never_presented_as_a_measured_win_rate[dramatic_gap-]" time="0.005" /><testcase classname="tests.pattern_engine.test_explanation_builder" name="test_historical_score_is_never_presented_as_a_measured_win_rate[extended_post_gap-]" time="0.005" /><testcase classname="tests.pattern_engine.test_explanation_builder" name="test_historical_score_is_never_presented_as_a_measured_win_rate[perfect_context-]" time="0.005" /><testcase classname="tests.pattern_engine.test_explanation_builder" name="test_historical_score_is_never_presented_as_a_measured_win_rate[small_gap_strong_volume-]" time="0.005" /><testcase classname="tests.pattern_engine.test_explanation_builder" name="test_no_fact_anywhere_references_rejected_candidates[boundary_max_retrace-]" time="0.005" /><testcase classname="tests.pattern_engine.test_explanation_builder" name="test_no_fact_anywhere_references_rejected_candidates[boundary_min_pole-]" time="0.005" /><testcase classname="tests.pattern_engine.test_explanation_builder" name="test_no_fact_anywhere_references_rejected_candidates[clean_textbook-0]" time="0.005" /><testcase classname="tests.pattern_engine.test_explanation_builder" name="test_no_fact_anywhere_references_rejected_candidates[dramatic_volume_contraction-]" time="0.005" /><testcase classname="tests.pattern_engine.test_explanation_builder" name="test_no_fact_anywhere_references_rejected_candidates[extreme_pole-]" time="0.005" /><testcase classname="tests.pattern_engine.test_explanation_builder" name="test_no_fact_anywhere_references_rejected_candidates[longer_pole_acceptable-]" time="0.005" /><testcase classname="tests.pattern_engine.test_explanation_builder" name="test_no_fact_anywhere_references_rejected_candidates[tight_flag_short-]" time="0.005" /><testcase classname="tests.pattern_engine.test_explanation_builder" name="test_no_fact_anywhere_references_rejected_candidates[boundary_gap_pct-]" time="0.005" /><testcase classname="tests.pattern_engine.test_explanation_builder" name="test_no_fact_anywhere_references_rejected_candidates[boundary_volume-]" time="0.005" /><testcase classname="tests.pattern_engine.test_explanation_builder" name="test_no_fact_anywhere_references_rejected_candidates[clean_textbook-1]" time="0.005" /><testcase classname="tests.pattern_engine.test_explanation_builder" name="test_no_fact_anywhere_references_rejected_candidates[dramatic_gap-]" time="0.005" /><testcase classname="tests.pattern_engine.test_explanation_builder" name="test_no_fact_anywhere_references_rejected_candidates[extended_post_gap-]" time="0.005" /><testcase classname="tests.pattern_engine.test_explanation_builder" name="test_no_fact_anywhere_references_rejected_candidates[perfect_context-]" time="0.005" /><testcase classname="tests.pattern_engine.test_explanation_builder" name="test_no_fact_anywhere_references_rejected_candidates[small_gap_strong_volume-]" time="0.005" /><testcase classname="tests.pattern_engine.test_explanation_builder" name="test_context_strength_and_weakness_never_both_claim_the_same_signal[boundary_max_retrace-]" time="0.005" /><testcase classname="tests.pattern_engine.test_explanation_builder" name="test_context_strength_and_weakness_never_both_claim_the_same_signal[boundary_min_pole-]" time="0.005" /><testcase classname="tests.pattern_engine.test_explanation_builder" name="test_context_strength_and_weakness_never_both_claim_the_same_signal[clean_textbook-0]" time="0.005" /><testcase classname="tests.pattern_engine.test_explanation_builder" name="test_context_strength_and_weakness_never_both_claim_the_same_signal[dramatic_volume_contraction-]" time="0.005" /><testcase classname="tests.pattern_engine.test_explanation_builder" name="test_context_strength_and_weakness_never_both_claim_the_same_signal[extreme_pole-]" time="0.005" /><testcase classname="tests.pattern_engine.test_explanation_builder" name="test_context_strength_and_weakness_never_both_claim_the_same_signal[longer_pole_acceptable-]" time="0.005" /><testcase classname="tests.pattern_engine.test_explanation_builder" name="test_context_strength_and_weakness_never_both_claim_the_same_signal[tight_flag_short-]" time="0.005" /><testcase classname="tests.pattern_engine.test_explanation_builder" name="test_context_strength_and_weakness_never_both_claim_the_same_signal[boundary_gap_pct-]" time="0.005" /><testcase classname="tests.pattern_engine.test_explanation_builder" name="test_context_strength_and_weakness_never_both_claim_the_same_signal[boundary_volume-]" time="0.005" /><testcase classname="tests.pattern_engine.test_explanation_builder" name="test_context_strength_and_weakness_never_both_claim_the_same_signal[clean_textbook-1]" time="0.005" /><testcase classname="tests.pattern_engine.test_explanation_builder" name="test_context_strength_and_weakness_never_both_claim_the_same_signal[dramatic_gap-]" time="0.005" /><testcase classname="tests.pattern_engine.test_explanation_builder" name="test_context_strength_and_weakness_never_both_claim_the_same_signal[extended_post_gap-]" time="0.005" /><testcase classname="tests.pattern_engine.test_explanation_builder" name="test_context_strength_and_weakness_never_both_claim_the_same_signal[perfect_context-]" time="0.005" /><testcase classname="tests.pattern_engine.test_explanation_builder" name="test_context_strength_and_weakness_never_both_claim_the_same_signal[small_gap_strong_volume-]" time="0.005" /><testcase classname="tests.pattern_engine.test_explanation_builder" name="test_dcr_fact_absent_when_signature_is_neutral_not_fabricated_as_neutral_claim" time="0.005" /><testcase classname="tests.pattern_engine.test_explanation_builder" name="test_missing_context_does_not_crash_and_omits_context_dependent_sections" time="0.005" /><testcase classname="tests.pattern_engine.test_explanation_builder" name="test_malformed_geometry_extras_is_skipped_not_fabricated" time="0.005" /><testcase classname="tests.pattern_engine.test_explanation_builder" name="test_peg_missing_gate_trace_produces_no_why_it_matched_section" time="0.005" /><testcase classname="tests.pattern_engine.test_memory" name="test_store_detection_inserts_row" time="0.013" /><testcase classname="tests.pattern_engine.test_memory" name="test_store_detection_dedups_by_hash" time="0.009" /><testcase classname="tests.pattern_engine.test_memory" name="test_get_active_detections_filters_by_pattern" time="0.009" /><testcase classname="tests.pattern_engine.test_memory" name="test_record_feedback_inserts_row" time="0.009" /><testcase classname="tests.pattern_engine.test_memory" name="test_track_outcomes_resolves_target_hit" time="0.332" /><testcase classname="tests.pattern_engine.test_memory" name="test_track_outcomes_resolves_stop_hit" time="0.011" /><testcase classname="tests.pattern_engine.test_memory" name="test_track_outcomes_skips_unresolved" time="0.011" /><testcase classname="tests.pattern_engine.test_memory" name="test_recompute_stats_populates_table" time="0.013" /><testcase classname="tests.pattern_engine.test_memory" name="test_recompute_stats_hit_rate_correct" time="0.015" /><testcase classname="tests.pattern_engine.test_memory" name="test_recompute_stats_clears_before_rewrite" time="0.013" /><testcase classname="tests.pattern_engine.test_memory" name="test_get_active_detections_windows_on_detected_at" time="0.009" /><testcase classname="tests.pattern_engine.test_memory" name="test_prune_old_deletes_past_retention_and_orphans" time="0.013" /><testcase classname="tests.pattern_engine.test_memory" name="test_prune_old_is_a_noop_on_fresh_rows" time="0.007" /><testcase classname="tests.pattern_engine.test_memory" name="test_detected_at_index_exists" time="0.005" /><testcase classname="tests.pattern_engine.test_memory" name="test_old_72h_lookback_would_abandon_a_slow_resolving_detection" time="0.026" /><testcase classname="tests.pattern_engine.test_memory" name="test_corrected_default_lookback_resolves_the_same_detection" time="0.022" /><testcase classname="tests.pattern_engine.test_memory" name="test_track_outcomes_lookback_default_is_90_days" time="0.005" /><testcase classname="tests.pattern_engine.test_memory" name="test_prune_retention_default_is_120_days" time="0.005" /><testcase classname="tests.pattern_engine.test_memory" name="test_prune_retention_exceeds_track_outcomes_lookback_with_margin" time="0.005" /><testcase classname="tests.pattern_engine.test_memory" name="test_prune_old_still_survives_past_the_old_10_day_window" time="0.007" /><testcase classname="tests.pattern_engine.test_memory" name="test_track_outcomes_lookback_env_override" time="0.005" /><testcase classname="tests.pattern_engine.test_memory" name="test_prune_retention_env_override" time="0.005" /><testcase classname="tests.pattern_engine.test_memory_schema" name="test_pattern_tables_exist_after_init" time="0.012" /><testcase classname="tests.pattern_engine.test_memory_schema" name="test_pattern_detections_indexes_exist" time="0.013" /><testcase classname="tests.pattern_engine.test_memory_schema" name="test_pattern_db_lives_next_to_auth_db" time="0.012" /><testcase classname="tests.pattern_engine.test_memory_schema" name="test_legacy_auth_db_rows_migrate_once" time="0.014" /><testcase classname="tests.pattern_engine.test_memory_schema" name="test_huge_legacy_detections_skip_bulk_but_copy_small_tables" time="0.015" /><testcase classname="tests.pattern_engine.test_narrative_helpers" name="test_ma_alignment_phrase_stacked_bullish" time="0.005" /><testcase classname="tests.pattern_engine.test_narrative_helpers" name="test_ma_alignment_phrase_stacked_bearish" time="0.005" /><testcase classname="tests.pattern_engine.test_narrative_helpers" name="test_ma_alignment_phrase_mixed" time="0.005" /><testcase classname="tests.pattern_engine.test_narrative_helpers" name="test_ma_alignment_phrase_none" time="0.005" /><testcase classname="tests.pattern_engine.test_narrative_helpers" name="test_trend_stage_description_each_stage" time="0.005" /><testcase classname="tests.pattern_engine.test_narrative_helpers" name="test_rs_trend_phrase_directions" time="0.005" /><testcase classname="tests.pattern_engine.test_narrative_helpers" name="test_dcr_phrase_includes_signature_and_avg" time="0.005" /><testcase classname="tests.pattern_engine.test_narrative_helpers" name="test_dcr_phrase_handles_missing_avg" time="0.005" /><testcase classname="tests.pattern_engine.test_narrative_helpers" name="test_regime_phrase_returns_for_each_known" time="0.005" /><testcase classname="tests.pattern_engine.test_narrative_helpers" name="test_volume_signature_phrase_returns_prose" time="0.005" /><testcase classname="tests.pattern_engine.test_narrative_helpers" name="test_position_in_range_phrase_midpoint" time="0.005" /><testcase classname="tests.pattern_engine.test_narrative_helpers" name="test_position_in_range_phrase_zero_range" time="0.005" /><testcase classname="tests.pattern_engine.test_pattern_db_shared_root_guard" name="test_pytest_itself_never_trips_the_guard" time="0.005" /><testcase classname="tests.pattern_engine.test_pattern_db_shared_root_guard" name="test_unconfigured_windows_with_real_shared_root_is_refused" time="0.005" /><testcase classname="tests.pattern_engine.test_pattern_db_shared_root_guard" name="test_non_windows_never_trips_the_guard_even_with_the_same_inputs" time="0.005" /><testcase classname="tests.pattern_engine.test_pattern_db_shared_root_guard" name="test_guard_refusal_happens_before_any_connection_is_opened" time="0.005" /><testcase classname="tests.pattern_engine.test_pattern_db_shared_root_guard" name="test_explicit_pattern_db_path_override_bypasses_the_guard" time="0.005" /><testcase classname="tests.pattern_engine.test_pattern_db_shared_root_guard" name="test_explicit_auth_db_path_override_bypasses_the_guard" time="0.005" /><testcase classname="tests.pattern_engine.test_pattern_db_shared_root_guard" name="test_explicit_allow_shared_root_override_bypasses_the_guard" time="0.005"><failure message="AssertionError: assert '/data/patterns.db' == '/home/runner...\\patterns.db'&#10;  &#10;  - /home/runner/work/UCT-Dashboard/UCT-Dashboard/C:\data\patterns.db&#10;  + /data/patterns.db">monkeypatch = &lt;_pytest.monkeypatch.MonkeyPatch object at 0x7fa55cd5bc20&gt;

    def test_explicit_allow_shared_root_override_bypasses_the_guard(monkeypatch):
        """The deliberate, obvious, documented opt-in (§5) — absent by default,
        never set automatically by ordinary test execution."""
        _simulate_unconfigured_windows_with_real_shared_root(monkeypatch)
        monkeypatch.setenv("PATTERN_DB_ALLOW_SHARED_ROOT", "1")
        assert pattern_db._would_hit_shared_root() is False
        # Resolves to the real shared path only because the override was explicit.
&gt;       assert pattern_db._db_path() == os.path.abspath(r"C:\data\patterns.db")
E       AssertionError: assert '/data/patterns.db' == '/home/runner...\\patterns.db'
E         
E         - /home/runner/work/UCT-Dashboard/UCT-Dashboard/C:\data\patterns.db
E         + /data/patterns.db

/home/runner/work/UCT-Dashboard/UCT-Dashboard/tests/pattern_engine/test_pattern_db_shared_root_guard.py:111: AssertionError</failure></testcase><testcase classname="tests.pattern_engine.test_pattern_db_shared_root_guard" name="test_ordinary_test_execution_never_sets_the_override_itself" time="0.005" /><testcase classname="tests.pattern_engine.test_pattern_db_shared_root_guard" name="test_real_app_import_path_resolves_without_raising_under_pytest" time="0.005" /><testcase classname="tests.pattern_engine.test_registry" name="test_register_and_lookup" time="0.005" /><testcase classname="tests.pattern_engine.test_registry" name="test_list_pattern_ids_includes_registered" time="0.005" /><testcase classname="tests.pattern_engine.test_registry" name="test_get_detector_raises_on_unknown" time="0.005" /><testcase classname="tests.pattern_engine.test_registry" name="test_detect_one_dispatches_to_correct_detector" time="0.005" /><testcase classname="tests.pattern_engine.test_registry" name="test_detect_all_runs_all_detectors" time="0.005" /><testcase classname="tests.pattern_engine.test_registry" name="test_detect_all_filters_by_pattern_ids" time="0.005" /><testcase classname="tests.pattern_engine.test_router_patterns" name="test_scan_and_types_routes_are_gone" time="0.006" /><testcase classname="tests.pattern_engine.test_router_patterns" name="test_get_detections_for_symbol_no_data" time="0.021" /><testcase classname="tests.pattern_engine.test_router_patterns" name="test_get_detections_returns_stored" time="0.022" /><testcase classname="tests.pattern_engine.test_router_patterns" name="test_min_conf_filter" time="0.019" /><testcase classname="tests.pattern_engine.test_router_patterns" name="test_post_feedback" time="0.021" /><testcase classname="tests.pattern_engine.test_router_patterns" name="test_post_feedback_invalid_rating" time="0.010" /><testcase classname="tests.pattern_engine.test_scan_patterns_daily_canonical_write" name="test_flag_off_by_default_writes_no_eligibility" time="0.046" /><testcase classname="tests.pattern_engine.test_scan_patterns_daily_canonical_write" name="test_flag_on_writes_real_eligibility_and_semantic_geometry_for_htf" time="0.071" /><testcase classname="tests.pattern_engine.test_scan_patterns_daily_canonical_write" name="test_flag_on_writes_real_eligibility_for_peg" time="0.049" /><testcase classname="tests.pattern_engine.test_scan_patterns_daily_canonical_write" name="test_flag_on_does_not_affect_unrelated_families" time="0.044" /><testcase classname="tests.pattern_engine.test_scan_patterns_daily_canonical_write" name="test_adapter_failure_is_fail_safe_and_still_stores_the_legacy_detection" time="0.046" /><testcase classname="tests.pattern_engine.test_scan_patterns_daily_canonical_write" name="test_repeated_scheduled_run_upserts_one_row_not_duplicates" time="0.075" /><testcase classname="tests.pattern_engine.test_schedulers" name="test_track_outcomes_job_callable" time="0.010" /><testcase classname="tests.pattern_engine.test_schedulers" name="test_recompute_stats_job_callable" time="0.007" /><testcase classname="tests.pattern_engine.test_schedulers" name="test_universe_scan_job_callable" time="0.041" /><testcase classname="tests.pattern_engine.test_schedulers" name="test_leaders_scan_job_callable" time="0.006" /><testcase classname="tests.pattern_engine.test_schedulers" name="test_track_outcomes_job_does_not_hardcode_a_stale_lookback" time="0.007" /><testcase classname="tests.pattern_engine.test_schedulers" name="test_prune_job_callable" time="0.006" /><testcase classname="tests.pattern_engine.test_schedulers" name="test_all_four_pattern_jobs_are_registered" time="0.141" /><testcase classname="tests.pattern_engine.test_types" name="test_bar_typed_dict_construction" time="0.005" /><testcase classname="tests.pattern_engine.test_types" name="test_pivot_typed_dict_construction" time="0.005" /><testcase classname="tests.pattern_engine.test_types" name="test_detection_full_construction" time="0.019" /></testsuite></testsuites>